<?xml version="1.0" encoding="utf-8"?>
<!DOCTYPE coverage SYSTEM "http://cobertura.sourceforge.net/xml/coverage-04.dtd">
<coverage line-rate="0.9905660377358491" branch-rate="0.7777777777777778" lines-covered="105" lines-valid="106" branches-covered="14" branches-valid="18" complexity="24" version="0" timestamp="1647009715">
  <sources>
    <source>C:\</source>
    <source>D:\</source>
  </sources>
  <packages>
    <package name="HtmlToJson" line-rate="0.9905660377358491" branch-rate="0.7777777777777778" complexity="24">
      <classes>
        <class name="AutoGeneratedProgram" filename="C:\Users\jpch_\.nuget\packages\microsoft.net.test.sdk\16.9.4\build\netcoreapp2.1\Microsoft.NET.Test.Sdk.Program.cs" line-rate="0" branch-rate="1" complexity="1">
          <methods>
            <method name="Main" signature="(...)" line-rate="0" branch-rate="1" complexity="1">
              <lines>
                <line number="4" hits="0" branch="false" />
              </lines>
            </method>
          </methods>
          <lines>
            <line number="4" hits="0" branch="false" />
          </lines>
        </class>
        <class name="HtmlToJson.UnitTest1" filename="D:\Estudio\Ejercicios\tartaro\.net\HtmlToJson\UnitTest1.cs" line-rate="1" branch-rate="0.7777777777777778" complexity="23">
          <methods>
            <method name="htmlEntities" signature="(...)" line-rate="1" branch-rate="1" complexity="4">
              <lines>
                <line number="123" hits="8" branch="false" />
                <line number="124" hits="8" branch="false" />
                <line number="125" hits="8" branch="false" />
                <line number="126" hits="8" branch="false" />
                <line number="127" hits="8" branch="false" />
                <line number="128" hits="8" branch="false" />
                <line number="129" hits="8" branch="false" />
                <line number="130" hits="8" branch="false" />
                <line number="131" hits="8" branch="false" />
                <line number="132" hits="8" branch="false" />
                <line number="133" hits="8" branch="false" />
                <line number="134" hits="8" branch="false" />
                <line number="135" hits="8" branch="false" />
                <line number="136" hits="8" branch="false" />
                <line number="137" hits="8" branch="false" />
                <line number="139" hits="8" branch="false" />
                <line number="140" hits="232" branch="true" condition-coverage="100% (2/2)" />
                <line number="141" hits="104" branch="false" />
                <line number="142" hits="104" branch="true" condition-coverage="100% (2/2)" />
                <line number="143" hits="52" branch="false" />
                <line number="144" hits="52" branch="false" />
                <line number="145" hits="52" branch="false" />
                <line number="147" hits="52" branch="false" />
                <line number="148" hits="52" branch="false" />
                <line number="149" hits="52" branch="false" />
                <line number="150" hits="104" branch="false" />
                <line number="151" hits="8" branch="false" />
                <line number="152" hits="8" branch="false" />
              </lines>
            </method>
            <method name="CleanJsonFromUselessNodes" signature="(...)" line-rate="1" branch-rate="1" complexity="6">
              <lines>
                <line number="155" hits="8" branch="false" />
                <line number="156" hits="8" branch="false" />
                <line number="157" hits="8" branch="true" condition-coverage="100% (4/4)" />
                <line number="158" hits="4" branch="false" />
                <line number="159" hits="20" branch="true" condition-coverage="100% (2/2)" />
                <line number="160" hits="4" branch="false" />
                <line number="161" hits="4" branch="false" />
                <line number="162" hits="4" branch="false" />
                <line number="163" hits="4" branch="false" />
                <line number="164" hits="4" branch="false" />
                <line number="165" hits="12" branch="false" />
                <line number="166" hits="4" branch="false" />
                <line number="167" hits="8" branch="false" />
              </lines>
            </method>
            <method name="GetSimpleHtml" signature="()" line-rate="1" branch-rate="1" complexity="1">
              <lines>
                <line number="170" hits="1" branch="false" />
                <line number="171" hits="1" branch="false" />
                <line number="172" hits="1" branch="false" />
              </lines>
            </method>
            <method name="GetComplexHtml" signature="()" line-rate="1" branch-rate="1" complexity="1">
              <lines>
                <line number="175" hits="1" branch="false" />
                <line number="176" hits="1" branch="false" />
                <line number="177" hits="1" branch="false" />
              </lines>
            </method>
            <method name="GetNonHtml" signature="()" line-rate="1" branch-rate="1" complexity="1">
              <lines>
                <line number="180" hits="1" branch="false" />
                <line number="181" hits="1" branch="false" />
                <line number="182" hits="1" branch="false" />
              </lines>
            </method>
            <method name="GetRealHtml" signature="()" line-rate="1" branch-rate="1" complexity="1">
              <lines>
                <line number="185" hits="1" branch="false" />
                <line number="186" hits="1" branch="false" />
                <line number="187" hits="1" branch="false" />
              </lines>
            </method>
            <method name=".ctor" signature="(...)" line-rate="1" branch-rate="1" complexity="1">
              <lines>
                <line number="24" hits="4" branch="false" />
                <line number="25" hits="4" branch="false" />
                <line number="26" hits="4" branch="false" />
                <line number="27" hits="4" branch="false" />
              </lines>
            </method>
            <method name="GenerateJson_WithSimpleHtml_GeneratedJson" signature="()" line-rate="1" branch-rate="0.5" complexity="2">
              <lines>
                <line number="31" hits="1" branch="false" />
                <line number="32" hits="1" branch="false" />
                <line number="34" hits="1" branch="false" />
                <line number="35" hits="1" branch="false" />
                <line number="37" hits="1" branch="false" />
                <line number="39" hits="1" branch="false" />
                <line number="42" hits="1" branch="false" />
                <line number="44" hits="1" branch="false" />
                <line number="46" hits="1" branch="true" condition-coverage="50% (1/2)" />
                <line number="48" hits="1" branch="false" />
                <line number="49" hits="1" branch="false" />
                <line number="50" hits="1" branch="false" />
              </lines>
            </method>
            <method name="GenerateJson_WithComplexHtml_GeneratedJson" signature="()" line-rate="1" branch-rate="0.5" complexity="2">
              <lines>
                <line number="54" hits="1" branch="false" />
                <line number="55" hits="1" branch="false" />
                <line number="57" hits="1" branch="false" />
                <line number="58" hits="1" branch="false" />
                <line number="60" hits="1" branch="false" />
                <line number="62" hits="1" branch="false" />
                <line number="65" hits="1" branch="false" />
                <line number="67" hits="1" branch="false" />
                <line number="69" hits="1" branch="true" condition-coverage="50% (1/2)" />
                <line number="71" hits="1" branch="false" />
                <line number="72" hits="1" branch="false" />
                <line number="73" hits="1" branch="false" />
              </lines>
            </method>
            <method name="GenerateJson_WithNonHtml_GeneratedJson" signature="()" line-rate="1" branch-rate="0.5" complexity="2">
              <lines>
                <line number="77" hits="1" branch="false" />
                <line number="78" hits="1" branch="false" />
                <line number="80" hits="1" branch="false" />
                <line number="81" hits="1" branch="false" />
                <line number="83" hits="1" branch="false" />
                <line number="85" hits="1" branch="false" />
                <line number="88" hits="1" branch="false" />
                <line number="90" hits="1" branch="false" />
                <line number="92" hits="1" branch="true" condition-coverage="50% (1/2)" />
                <line number="94" hits="1" branch="false" />
                <line number="95" hits="1" branch="false" />
                <line number="96" hits="1" branch="false" />
              </lines>
            </method>
            <method name="GenerateRealJson" signature="()" line-rate="1" branch-rate="0.5" complexity="2">
              <lines>
                <line number="100" hits="1" branch="false" />
                <line number="101" hits="1" branch="false" />
                <line number="103" hits="1" branch="false" />
                <line number="104" hits="1" branch="false" />
                <line number="106" hits="1" branch="false" />
                <line number="108" hits="1" branch="false" />
                <line number="111" hits="1" branch="false" />
                <line number="113" hits="1" branch="false" />
                <line number="115" hits="1" branch="true" condition-coverage="50% (1/2)" />
                <line number="117" hits="1" branch="false" />
                <line number="118" hits="1" branch="false" />
                <line number="119" hits="1" branch="false" />
              </lines>
            </method>
          </methods>
          <lines>
            <line number="24" hits="4" branch="false" />
            <line number="25" hits="4" branch="false" />
            <line number="26" hits="4" branch="false" />
            <line number="27" hits="4" branch="false" />
            <line number="31" hits="1" branch="false" />
            <line number="32" hits="1" branch="false" />
            <line number="34" hits="1" branch="false" />
            <line number="35" hits="1" branch="false" />
            <line number="37" hits="1" branch="false" />
            <line number="39" hits="1" branch="false" />
            <line number="42" hits="1" branch="false" />
            <line number="44" hits="1" branch="false" />
            <line number="46" hits="1" branch="true" condition-coverage="50% (1/2)" />
            <line number="48" hits="1" branch="false" />
            <line number="49" hits="1" branch="false" />
            <line number="50" hits="1" branch="false" />
            <line number="54" hits="1" branch="false" />
            <line number="55" hits="1" branch="false" />
            <line number="57" hits="1" branch="false" />
            <line number="58" hits="1" branch="false" />
            <line number="60" hits="1" branch="false" />
            <line number="62" hits="1" branch="false" />
            <line number="65" hits="1" branch="false" />
            <line number="67" hits="1" branch="false" />
            <line number="69" hits="1" branch="true" condition-coverage="50% (1/2)" />
            <line number="71" hits="1" branch="false" />
            <line number="72" hits="1" branch="false" />
            <line number="73" hits="1" branch="false" />
            <line number="77" hits="1" branch="false" />
            <line number="78" hits="1" branch="false" />
            <line number="80" hits="1" branch="false" />
            <line number="81" hits="1" branch="false" />
            <line number="83" hits="1" branch="false" />
            <line number="85" hits="1" branch="false" />
            <line number="88" hits="1" branch="false" />
            <line number="90" hits="1" branch="false" />
            <line number="92" hits="1" branch="true" condition-coverage="50% (1/2)" />
            <line number="94" hits="1" branch="false" />
            <line number="95" hits="1" branch="false" />
            <line number="96" hits="1" branch="false" />
            <line number="100" hits="1" branch="false" />
            <line number="101" hits="1" branch="false" />
            <line number="103" hits="1" branch="false" />
            <line number="104" hits="1" branch="false" />
            <line number="106" hits="1" branch="false" />
            <line number="108" hits="1" branch="false" />
            <line number="111" hits="1" branch="false" />
            <line number="113" hits="1" branch="false" />
            <line number="115" hits="1" branch="true" condition-coverage="50% (1/2)" />
            <line number="117" hits="1" branch="false" />
            <line number="118" hits="1" branch="false" />
            <line number="119" hits="1" branch="false" />
            <line number="123" hits="8" branch="false" />
            <line number="124" hits="8" branch="false" />
            <line number="125" hits="8" branch="false" />
            <line number="126" hits="8" branch="false" />
            <line number="127" hits="8" branch="false" />
            <line number="128" hits="8" branch="false" />
            <line number="129" hits="8" branch="false" />
            <line number="130" hits="8" branch="false" />
            <line number="131" hits="8" branch="false" />
            <line number="132" hits="8" branch="false" />
            <line number="133" hits="8" branch="false" />
            <line number="134" hits="8" branch="false" />
            <line number="135" hits="8" branch="false" />
            <line number="136" hits="8" branch="false" />
            <line number="137" hits="8" branch="false" />
            <line number="139" hits="8" branch="false" />
            <line number="140" hits="232" branch="true" condition-coverage="100% (2/2)" />
            <line number="141" hits="104" branch="false" />
            <line number="142" hits="104" branch="true" condition-coverage="100% (2/2)" />
            <line number="143" hits="52" branch="false" />
            <line number="144" hits="52" branch="false" />
            <line number="145" hits="52" branch="false" />
            <line number="147" hits="52" branch="false" />
            <line number="148" hits="52" branch="false" />
            <line number="149" hits="52" branch="false" />
            <line number="150" hits="104" branch="false" />
            <line number="151" hits="8" branch="false" />
            <line number="152" hits="8" branch="false" />
            <line number="155" hits="8" branch="false" />
            <line number="156" hits="8" branch="false" />
            <line number="157" hits="8" branch="true" condition-coverage="100% (4/4)" />
            <line number="158" hits="4" branch="false" />
            <line number="159" hits="20" branch="true" condition-coverage="100% (2/2)" />
            <line number="160" hits="4" branch="false" />
            <line number="161" hits="4" branch="false" />
            <line number="162" hits="4" branch="false" />
            <line number="163" hits="4" branch="false" />
            <line number="164" hits="4" branch="false" />
            <line number="165" hits="12" branch="false" />
            <line number="166" hits="4" branch="false" />
            <line number="167" hits="8" branch="false" />
            <line number="170" hits="1" branch="false" />
            <line number="171" hits="1" branch="false" />
            <line number="172" hits="1" branch="false" />
            <line number="175" hits="1" branch="false" />
            <line number="176" hits="1" branch="false" />
            <line number="177" hits="1" branch="false" />
            <line number="180" hits="1" branch="false" />
            <line number="181" hits="1" branch="false" />
            <line number="182" hits="1" branch="false" />
            <line number="185" hits="1" branch="false" />
            <line number="186" hits="1" branch="false" />
            <line number="187" hits="1" branch="false" />
          </lines>
        </class>
      </classes>
    </package>
  </packages>
</coverage>