TpTrace Verbose: 0 : 41056, 1, 2022/03/11, 14:41:49.800, 245474677313, vstest.console.dll, Version: 16.11.0
TpTrace Information: 0 : 41056, 1, 2022/03/11, 14:41:49.813, 245474786122, vstest.console.dll, FilePatternParser: The given file D:\Estudio\Ejercicios\tartaro\.net\HtmlToJson\bin\Debug\net5.0\fine-code-coverage\build-output\HtmlToJson.dll is a full path.
TpTrace Verbose: 0 : 41056, 1, 2022/03/11, 14:41:49.824, 245474898198, vstest.console.dll, TestPluginCache.DiscoverTestExtensions: finding test extensions in assemblies ends with: RuntimeProvider.dll TPluginInfo: Microsoft.VisualStudio.TestPlatform.Common.ExtensionFramework.Utilities.TestRuntimePluginInformation TExtension: Microsoft.VisualStudio.TestPlatform.ObjectModel.Host.ITestRuntimeProvider
TpTrace Verbose: 0 : 41056, 1, 2022/03/11, 14:41:49.825, 245474905363, vstest.console.dll, TestPluginCache.GetExtensionPaths: Filtered extension paths: 
TpTrace Verbose: 0 : 41056, 1, 2022/03/11, 14:41:49.825, 245474906798, vstest.console.dll, TestPluginCache.GetExtensionPaths: Added default extension paths: C:\Program Files\dotnet\sdk\5.0.406\Extensions\Microsoft.Diagnostics.NETCore.Client.dll
C:\Program Files\dotnet\sdk\5.0.406\Extensions\Microsoft.TestPlatform.Extensions.BlameDataCollector.dll
C:\Program Files\dotnet\sdk\5.0.406\Extensions\Microsoft.TestPlatform.Extensions.EventLogCollector.dll
C:\Program Files\dotnet\sdk\5.0.406\Extensions\Microsoft.TestPlatform.TestHostRuntimeProvider.dll
C:\Program Files\dotnet\sdk\5.0.406\Extensions\Microsoft.VisualStudio.TestPlatform.Extensions.Html.TestLogger.dll
C:\Program Files\dotnet\sdk\5.0.406\Extensions\Microsoft.VisualStudio.TestPlatform.Extensions.Trx.TestLogger.dll
TpTrace Verbose: 0 : 41056, 1, 2022/03/11, 14:41:49.825, 245474907476, vstest.console.dll, TestPluginCache.GetExtensionPaths: Added unfilterableExtensionPaths: 
TpTrace Information: 0 : 41056, 1, 2022/03/11, 14:41:49.826, 245474917776, vstest.console.dll, AssemblyResolver.ctor: Creating AssemblyResolver with searchDirectories C:\Program Files\dotnet\sdk\5.0.406\Extensions,C:\Program Files\dotnet\sdk\5.0.406
TpTrace Verbose: 0 : 41056, 1, 2022/03/11, 14:41:49.828, 245474933936, vstest.console.dll, TestPluginCache.DiscoverTestExtensions: Discovering the extensions using extension path.
TpTrace Verbose: 0 : 41056, 1, 2022/03/11, 14:41:49.828, 245474935438, vstest.console.dll, TestPluginCache.GetExtensionPaths: Filtered extension paths: 
TpTrace Verbose: 0 : 41056, 1, 2022/03/11, 14:41:49.828, 245474936138, vstest.console.dll, TestPluginCache.GetExtensionPaths: Added default extension paths: C:\Program Files\dotnet\sdk\5.0.406\Extensions\Microsoft.Diagnostics.NETCore.Client.dll
C:\Program Files\dotnet\sdk\5.0.406\Extensions\Microsoft.TestPlatform.Extensions.BlameDataCollector.dll
C:\Program Files\dotnet\sdk\5.0.406\Extensions\Microsoft.TestPlatform.Extensions.EventLogCollector.dll
C:\Program Files\dotnet\sdk\5.0.406\Extensions\Microsoft.TestPlatform.TestHostRuntimeProvider.dll
C:\Program Files\dotnet\sdk\5.0.406\Extensions\Microsoft.VisualStudio.TestPlatform.Extensions.Html.TestLogger.dll
C:\Program Files\dotnet\sdk\5.0.406\Extensions\Microsoft.VisualStudio.TestPlatform.Extensions.Trx.TestLogger.dll
TpTrace Verbose: 0 : 41056, 1, 2022/03/11, 14:41:49.828, 245474936638, vstest.console.dll, TestPluginCache.GetExtensionPaths: Added unfilterableExtensionPaths: 
TpTrace Verbose: 0 : 41056, 1, 2022/03/11, 14:41:49.828, 245474937522, vstest.console.dll, TestPluginCache.DiscoverTestExtensions: Discovering the extensions using allExtensionPaths: C:\Program Files\dotnet\sdk\5.0.406\Extensions\Microsoft.Diagnostics.NETCore.Client.dll
C:\Program Files\dotnet\sdk\5.0.406\Extensions\Microsoft.TestPlatform.Extensions.BlameDataCollector.dll
C:\Program Files\dotnet\sdk\5.0.406\Extensions\Microsoft.TestPlatform.Extensions.EventLogCollector.dll
C:\Program Files\dotnet\sdk\5.0.406\Extensions\Microsoft.TestPlatform.TestHostRuntimeProvider.dll
C:\Program Files\dotnet\sdk\5.0.406\Extensions\Microsoft.VisualStudio.TestPlatform.Extensions.Html.TestLogger.dll
C:\Program Files\dotnet\sdk\5.0.406\Extensions\Microsoft.VisualStudio.TestPlatform.Extensions.Trx.TestLogger.dll
TpTrace Information: 0 : 41056, 1, 2022/03/11, 14:41:49.828, 245474939302, vstest.console.dll, AssemblyResolver.AddSearchDirectories: Adding more searchDirectories C:\Program Files\dotnet\sdk\5.0.406\Extensions,C:\Program Files\dotnet\sdk\5.0.406
TpTrace Information: 0 : 41056, 1, 2022/03/11, 14:41:49.829, 245474940373, vstest.console.dll, AssemblyResolver.AddSearchDirectories: Adding more searchDirectories C:\Program Files\dotnet\sdk\5.0.406\Extensions,C:\Program Files\dotnet\sdk\5.0.406
TpTrace Information: 0 : 41056, 1, 2022/03/11, 14:41:49.829, 245474941249, vstest.console.dll, AssemblyResolver.AddSearchDirectories: Adding more searchDirectories C:\Program Files\dotnet\sdk\5.0.406\Extensions,C:\Program Files\dotnet\sdk\5.0.406
TpTrace Information: 0 : 41056, 1, 2022/03/11, 14:41:49.829, 245474941746, vstest.console.dll, AssemblyResolver.AddSearchDirectories: Adding more searchDirectories C:\Program Files\dotnet\sdk\5.0.406\Extensions,C:\Program Files\dotnet\sdk\5.0.406
TpTrace Information: 0 : 41056, 1, 2022/03/11, 14:41:49.829, 245474942210, vstest.console.dll, AssemblyResolver.AddSearchDirectories: Adding more searchDirectories C:\Program Files\dotnet\sdk\5.0.406\Extensions,C:\Program Files\dotnet\sdk\5.0.406
TpTrace Information: 0 : 41056, 1, 2022/03/11, 14:41:49.829, 245474942722, vstest.console.dll, AssemblyResolver.AddSearchDirectories: Adding more searchDirectories C:\Program Files\dotnet\sdk\5.0.406\Extensions,C:\Program Files\dotnet\sdk\5.0.406
TpTrace Information: 0 : 41056, 1, 2022/03/11, 14:41:49.829, 245474946789, vstest.console.dll, AssemblyResolver.OnResolve: Microsoft.Diagnostics.NETCore.Client: Resolving assembly.
TpTrace Information: 0 : 41056, 1, 2022/03/11, 14:41:49.829, 245474947704, vstest.console.dll, AssemblyResolver.OnResolve: Microsoft.Diagnostics.NETCore.Client: Searching in: 'C:\Program Files\dotnet\sdk\5.0.406\Extensions'.
TpTrace Information: 0 : 41056, 1, 2022/03/11, 14:41:49.830, 245474957791, vstest.console.dll, AssemblyResolver.OnResolve: Microsoft.Diagnostics.NETCore.Client: Loading assembly 'C:\Program Files\dotnet\sdk\5.0.406\Extensions\Microsoft.Diagnostics.NETCore.Client.dll'.
TpTrace Information: 0 : 41056, 1, 2022/03/11, 14:41:49.832, 245474970367, vstest.console.dll, AssemblyResolver.OnResolve: Resolved assembly: Microsoft.Diagnostics.NETCore.Client, from path: C:\Program Files\dotnet\sdk\5.0.406\Extensions\Microsoft.Diagnostics.NETCore.Client.dll
TpTrace Information: 0 : 41056, 1, 2022/03/11, 14:41:49.836, 245475016747, vstest.console.dll, AssemblyResolver.OnResolve: Microsoft.Bcl.AsyncInterfaces: Resolving assembly.
TpTrace Information: 0 : 41056, 1, 2022/03/11, 14:41:49.836, 245475018254, vstest.console.dll, AssemblyResolver.OnResolve: Microsoft.Bcl.AsyncInterfaces: Searching in: 'C:\Program Files\dotnet\sdk\5.0.406\Extensions'.
TpTrace Information: 0 : 41056, 1, 2022/03/11, 14:41:49.837, 245475020252, vstest.console.dll, AssemblyResolver.OnResolve: Microsoft.Bcl.AsyncInterfaces: Assembly path does not exist: 'C:\Program Files\dotnet\sdk\5.0.406\Extensions\Microsoft.Bcl.AsyncInterfaces.dll', returning.
TpTrace Information: 0 : 41056, 1, 2022/03/11, 14:41:49.837, 245475021706, vstest.console.dll, AssemblyResolver.OnResolve: Microsoft.Bcl.AsyncInterfaces: Assembly path does not exist: 'C:\Program Files\dotnet\sdk\5.0.406\Extensions\Microsoft.Bcl.AsyncInterfaces.exe', returning.
TpTrace Information: 0 : 41056, 1, 2022/03/11, 14:41:49.837, 245475022304, vstest.console.dll, AssemblyResolver.OnResolve: Microsoft.Bcl.AsyncInterfaces: Searching in: 'C:\Program Files\dotnet\sdk\5.0.406'.
TpTrace Information: 0 : 41056, 1, 2022/03/11, 14:41:49.837, 245475023606, vstest.console.dll, AssemblyResolver.OnResolve: Microsoft.Bcl.AsyncInterfaces: Assembly path does not exist: 'C:\Program Files\dotnet\sdk\5.0.406\Microsoft.Bcl.AsyncInterfaces.dll', returning.
TpTrace Information: 0 : 41056, 1, 2022/03/11, 14:41:49.837, 245475024787, vstest.console.dll, AssemblyResolver.OnResolve: Microsoft.Bcl.AsyncInterfaces: Assembly path does not exist: 'C:\Program Files\dotnet\sdk\5.0.406\Microsoft.Bcl.AsyncInterfaces.exe', returning.
TpTrace Information: 0 : 41056, 1, 2022/03/11, 14:41:49.837, 245475025902, vstest.console.dll, AssemblyResolver.OnResolve: Microsoft.Bcl.AsyncInterfaces: Failed to load assembly.
TpTrace Verbose: 0 : 41056, 1, 2022/03/11, 14:41:49.837, 245475026621, vstest.console.dll, CurrentDomainAssemblyResolve: Resolving assembly 'Microsoft.Bcl.AsyncInterfaces'.
TpTrace Information: 0 : 41056, 1, 2022/03/11, 14:41:49.837, 245475027639, vstest.console.dll, AssemblyResolver.OnResolve: Microsoft.Bcl.AsyncInterfaces: Resolving assembly.
TpTrace Information: 0 : 41056, 1, 2022/03/11, 14:41:49.837, 245475028260, vstest.console.dll, AssemblyResolver.OnResolve: Microsoft.Bcl.AsyncInterfaces: Resolved from cache.
TpTrace Verbose: 0 : 41056, 1, 2022/03/11, 14:41:49.837, 245475028750, vstest.console.dll, CurrentDomainAssemblyResolve: Resolving assembly 'Microsoft.Bcl.AsyncInterfaces'.
TpTrace Verbose: 0 : 41056, 1, 2022/03/11, 14:41:49.837, 245475029308, vstest.console.dll, CurrentDomainAssemblyResolve: Failed to resolve assembly 'Microsoft.Bcl.AsyncInterfaces'.
TpTrace Verbose: 0 : 41056, 1, 2022/03/11, 14:41:49.839, 245475046454, vstest.console.dll, CurrentDomainAssemblyResolve: Failed to resolve assembly 'Microsoft.Bcl.AsyncInterfaces'.
TpTrace Warning: 0 : 41056, 1, 2022/03/11, 14:41:49.864, 245475298592, vstest.console.dll, TestPluginDiscoverer: Failed to get types from assembly 'Microsoft.Diagnostics.NETCore.Client, Version=0.2.2.41902, Culture=neutral, PublicKeyToken=31bf3856ad364e35'.  Skipping test extension scan for this assembly.  Error: System.Reflection.ReflectionTypeLoadException: Unable to load one or more of the requested types.
Could not load file or assembly 'Microsoft.Bcl.AsyncInterfaces, Version=1.0.0.0, Culture=neutral, PublicKeyToken=cc7b13ffcd2ddd51'. El sistema no puede encontrar el archivo especificado.
   at System.Reflection.RuntimeModule.GetTypes(RuntimeModule module)
   at System.Reflection.RuntimeModule.GetTypes()
   at System.Reflection.Assembly.GetTypes()
   at Microsoft.VisualStudio.TestPlatform.Common.ExtensionFramework.TestPluginDiscoverer.GetTestExtensionsFromAssembly[TPluginInfo,TExtension](Assembly assembly, Dictionary`2 pluginInfos)
System.IO.FileNotFoundException: Could not load file or assembly 'Microsoft.Bcl.AsyncInterfaces, Version=1.0.0.0, Culture=neutral, PublicKeyToken=cc7b13ffcd2ddd51'. El sistema no puede encontrar el archivo especificado.
File name: 'Microsoft.Bcl.AsyncInterfaces, Version=1.0.0.0, Culture=neutral, PublicKeyToken=cc7b13ffcd2ddd51'
TpTrace Warning: 0 : 41056, 1, 2022/03/11, 14:41:49.865, 245475300633, vstest.console.dll, LoaderExceptions: System.IO.FileNotFoundException: Could not load file or assembly 'Microsoft.Bcl.AsyncInterfaces, Version=1.0.0.0, Culture=neutral, PublicKeyToken=cc7b13ffcd2ddd51'. El sistema no puede encontrar el archivo especificado.
File name: 'Microsoft.Bcl.AsyncInterfaces, Version=1.0.0.0, Culture=neutral, PublicKeyToken=cc7b13ffcd2ddd51'
TpTrace Information: 0 : 41056, 1, 2022/03/11, 14:41:49.865, 245475302185, vstest.console.dll, AssemblyResolver.OnResolve: Microsoft.TestPlatform.Extensions.BlameDataCollector: Resolving assembly.
TpTrace Information: 0 : 41056, 1, 2022/03/11, 14:41:49.865, 245475302832, vstest.console.dll, AssemblyResolver.OnResolve: Microsoft.TestPlatform.Extensions.BlameDataCollector: Searching in: 'C:\Program Files\dotnet\sdk\5.0.406\Extensions'.
TpTrace Information: 0 : 41056, 1, 2022/03/11, 14:41:49.866, 245475311342, vstest.console.dll, AssemblyResolver.OnResolve: Microsoft.TestPlatform.Extensions.BlameDataCollector: Loading assembly 'C:\Program Files\dotnet\sdk\5.0.406\Extensions\Microsoft.TestPlatform.Extensions.BlameDataCollector.dll'.
TpTrace Information: 0 : 41056, 1, 2022/03/11, 14:41:49.867, 245475323937, vstest.console.dll, AssemblyResolver.OnResolve: Resolved assembly: Microsoft.TestPlatform.Extensions.BlameDataCollector, from path: C:\Program Files\dotnet\sdk\5.0.406\Extensions\Microsoft.TestPlatform.Extensions.BlameDataCollector.dll
TpTrace Information: 0 : 41056, 1, 2022/03/11, 14:41:49.868, 245475332032, vstest.console.dll, AssemblyResolver.OnResolve: Microsoft.TestPlatform.Extensions.EventLogCollector: Resolving assembly.
TpTrace Information: 0 : 41056, 1, 2022/03/11, 14:41:49.868, 245475333007, vstest.console.dll, AssemblyResolver.OnResolve: Microsoft.TestPlatform.Extensions.EventLogCollector: Searching in: 'C:\Program Files\dotnet\sdk\5.0.406\Extensions'.
TpTrace Information: 0 : 41056, 1, 2022/03/11, 14:41:49.869, 245475341304, vstest.console.dll, AssemblyResolver.OnResolve: Microsoft.TestPlatform.Extensions.EventLogCollector: Loading assembly 'C:\Program Files\dotnet\sdk\5.0.406\Extensions\Microsoft.TestPlatform.Extensions.EventLogCollector.dll'.
TpTrace Information: 0 : 41056, 1, 2022/03/11, 14:41:49.870, 245475352109, vstest.console.dll, AssemblyResolver.OnResolve: Resolved assembly: Microsoft.TestPlatform.Extensions.EventLogCollector, from path: C:\Program Files\dotnet\sdk\5.0.406\Extensions\Microsoft.TestPlatform.Extensions.EventLogCollector.dll
TpTrace Information: 0 : 41056, 1, 2022/03/11, 14:41:49.872, 245475379276, vstest.console.dll, AssemblyResolver.OnResolve: Microsoft.TestPlatform.TestHostRuntimeProvider: Resolving assembly.
TpTrace Information: 0 : 41056, 1, 2022/03/11, 14:41:49.873, 245475380472, vstest.console.dll, AssemblyResolver.OnResolve: Microsoft.TestPlatform.TestHostRuntimeProvider: Searching in: 'C:\Program Files\dotnet\sdk\5.0.406\Extensions'.
TpTrace Information: 0 : 41056, 1, 2022/03/11, 14:41:49.873, 245475388151, vstest.console.dll, AssemblyResolver.OnResolve: Microsoft.TestPlatform.TestHostRuntimeProvider: Loading assembly 'C:\Program Files\dotnet\sdk\5.0.406\Extensions\Microsoft.TestPlatform.TestHostRuntimeProvider.dll'.
TpTrace Information: 0 : 41056, 1, 2022/03/11, 14:41:49.874, 245475398385, vstest.console.dll, AssemblyResolver.OnResolve: Resolved assembly: Microsoft.TestPlatform.TestHostRuntimeProvider, from path: C:\Program Files\dotnet\sdk\5.0.406\Extensions\Microsoft.TestPlatform.TestHostRuntimeProvider.dll
TpTrace Information: 0 : 41056, 1, 2022/03/11, 14:41:49.876, 245475411692, vstest.console.dll, AssemblyResolver.OnResolve: Microsoft.VisualStudio.TestPlatform.Extensions.Html.TestLogger: Resolving assembly.
TpTrace Information: 0 : 41056, 1, 2022/03/11, 14:41:49.876, 245475412533, vstest.console.dll, AssemblyResolver.OnResolve: Microsoft.VisualStudio.TestPlatform.Extensions.Html.TestLogger: Searching in: 'C:\Program Files\dotnet\sdk\5.0.406\Extensions'.
TpTrace Information: 0 : 41056, 1, 2022/03/11, 14:41:49.877, 245475421427, vstest.console.dll, AssemblyResolver.OnResolve: Microsoft.VisualStudio.TestPlatform.Extensions.Html.TestLogger: Loading assembly 'C:\Program Files\dotnet\sdk\5.0.406\Extensions\Microsoft.VisualStudio.TestPlatform.Extensions.Html.TestLogger.dll'.
TpTrace Information: 0 : 41056, 1, 2022/03/11, 14:41:49.878, 245475432559, vstest.console.dll, AssemblyResolver.OnResolve: Resolved assembly: Microsoft.VisualStudio.TestPlatform.Extensions.Html.TestLogger, from path: C:\Program Files\dotnet\sdk\5.0.406\Extensions\Microsoft.VisualStudio.TestPlatform.Extensions.Html.TestLogger.dll
TpTrace Information: 0 : 41056, 1, 2022/03/11, 14:41:49.878, 245475436117, vstest.console.dll, AssemblyResolver.OnResolve: Microsoft.VisualStudio.TestPlatform.Extensions.Trx.TestLogger: Resolving assembly.
TpTrace Information: 0 : 41056, 1, 2022/03/11, 14:41:49.878, 245475436859, vstest.console.dll, AssemblyResolver.OnResolve: Microsoft.VisualStudio.TestPlatform.Extensions.Trx.TestLogger: Searching in: 'C:\Program Files\dotnet\sdk\5.0.406\Extensions'.
TpTrace Information: 0 : 41056, 1, 2022/03/11, 14:41:49.879, 245475444493, vstest.console.dll, AssemblyResolver.OnResolve: Microsoft.VisualStudio.TestPlatform.Extensions.Trx.TestLogger: Loading assembly 'C:\Program Files\dotnet\sdk\5.0.406\Extensions\Microsoft.VisualStudio.TestPlatform.Extensions.Trx.TestLogger.dll'.
TpTrace Information: 0 : 41056, 1, 2022/03/11, 14:41:49.880, 245475455431, vstest.console.dll, AssemblyResolver.OnResolve: Resolved assembly: Microsoft.VisualStudio.TestPlatform.Extensions.Trx.TestLogger, from path: C:\Program Files\dotnet\sdk\5.0.406\Extensions\Microsoft.VisualStudio.TestPlatform.Extensions.Trx.TestLogger.dll
TpTrace Verbose: 0 : 41056, 1, 2022/03/11, 14:41:49.881, 245475462068, vstest.console.dll, TestPluginCache: Discovered the extensions using extension path ''.
TpTrace Verbose: 0 : 41056, 1, 2022/03/11, 14:41:49.881, 245475462916, vstest.console.dll, TestPluginCache: Discoverers are ''.
TpTrace Verbose: 0 : 41056, 1, 2022/03/11, 14:41:49.881, 245475463399, vstest.console.dll, TestPluginCache: Executors are ''.
TpTrace Verbose: 0 : 41056, 1, 2022/03/11, 14:41:49.881, 245475463892, vstest.console.dll, TestPluginCache: Executors2 are ''.
TpTrace Verbose: 0 : 41056, 1, 2022/03/11, 14:41:49.881, 245475464284, vstest.console.dll, TestPluginCache: Setting providers are ''.
TpTrace Verbose: 0 : 41056, 1, 2022/03/11, 14:41:49.881, 245475464682, vstest.console.dll, TestPluginCache: Loggers are ''.
TpTrace Information: 0 : 41056, 1, 2022/03/11, 14:41:49.887, 245475528217, vstest.console.dll, RunTestsArgumentProcessor:Execute: Test run is starting.
TpTrace Verbose: 0 : 41056, 1, 2022/03/11, 14:41:49.887, 245475529896, vstest.console.dll, RunTestsArgumentProcessor:Execute: Queuing Test run.
TpTrace Information: 0 : 41056, 1, 2022/03/11, 14:41:49.888, 245475533124, vstest.console.dll, TestRequestManager.RunTests: run tests started.
TpTrace Information: 0 : 41056, 1, 2022/03/11, 14:41:49.892, 245475573071, vstest.console.dll, AssemblyMetadataProvider.GetFrameWork: Determined framework:'.NETCoreApp,Version=v5.0' for source: 'D:\Estudio\Ejercicios\tartaro\.net\HtmlToJson\bin\Debug\net5.0\fine-code-coverage\build-output\HtmlToJson.dll'
TpTrace Information: 0 : 41056, 1, 2022/03/11, 14:41:49.892, 245475575063, vstest.console.dll, Determined framework for all sources: .NETCoreApp,Version=v5.0
TpTrace Information: 0 : 41056, 1, 2022/03/11, 14:41:49.893, 245475580471, vstest.console.dll, AssemblyMetadataProvider.GetArchitecture: Determined architecture:AnyCPU info for assembly: D:\Estudio\Ejercicios\tartaro\.net\HtmlToJson\bin\Debug\net5.0\fine-code-coverage\build-output\HtmlToJson.dll
TpTrace Information: 0 : 41056, 1, 2022/03/11, 14:41:49.895, 245475601915, vstest.console.dll, Determined platform for all sources: X64
TpTrace Information: 0 : 41056, 1, 2022/03/11, 14:41:49.898, 245475633230, vstest.console.dll, Compatible sources list : 
TpTrace Information: 0 : 41056, 1, 2022/03/11, 14:41:49.898, 245475634265, vstest.console.dll, D:\Estudio\Ejercicios\tartaro\.net\HtmlToJson\bin\Debug\net5.0\fine-code-coverage\build-output\HtmlToJson.dll
TpTrace Information: 0 : 41056, 1, 2022/03/11, 14:41:49.901, 245475660423, vstest.console.dll, InferRunSettingsHelper.IsTestSettingsEnabled: Unable to navigate to RunSettings/MSTest. Current node: RunSettings
TpTrace Information: 0 : 41056, 1, 2022/03/11, 14:41:49.901, 245475669621, vstest.console.dll, AssemblyResolver.OnResolve: Microsoft.VisualStudio.TestPlatform.Fakes: Resolving assembly.
TpTrace Information: 0 : 41056, 1, 2022/03/11, 14:41:49.902, 245475670935, vstest.console.dll, AssemblyResolver.OnResolve: Microsoft.VisualStudio.TestPlatform.Fakes: Searching in: 'C:\Program Files\dotnet\sdk\5.0.406\Extensions'.
TpTrace Information: 0 : 41056, 1, 2022/03/11, 14:41:49.902, 245475672850, vstest.console.dll, AssemblyResolver.OnResolve: Microsoft.VisualStudio.TestPlatform.Fakes: Assembly path does not exist: 'C:\Program Files\dotnet\sdk\5.0.406\Extensions\Microsoft.VisualStudio.TestPlatform.Fakes.dll', returning.
TpTrace Information: 0 : 41056, 1, 2022/03/11, 14:41:49.902, 245475674172, vstest.console.dll, AssemblyResolver.OnResolve: Microsoft.VisualStudio.TestPlatform.Fakes: Assembly path does not exist: 'C:\Program Files\dotnet\sdk\5.0.406\Extensions\Microsoft.VisualStudio.TestPlatform.Fakes.exe', returning.
TpTrace Information: 0 : 41056, 1, 2022/03/11, 14:41:49.902, 245475674698, vstest.console.dll, AssemblyResolver.OnResolve: Microsoft.VisualStudio.TestPlatform.Fakes: Searching in: 'C:\Program Files\dotnet\sdk\5.0.406'.
TpTrace Information: 0 : 41056, 1, 2022/03/11, 14:41:49.902, 245475675928, vstest.console.dll, AssemblyResolver.OnResolve: Microsoft.VisualStudio.TestPlatform.Fakes: Assembly path does not exist: 'C:\Program Files\dotnet\sdk\5.0.406\Microsoft.VisualStudio.TestPlatform.Fakes.dll', returning.
TpTrace Information: 0 : 41056, 1, 2022/03/11, 14:41:49.902, 245475677370, vstest.console.dll, AssemblyResolver.OnResolve: Microsoft.VisualStudio.TestPlatform.Fakes: Assembly path does not exist: 'C:\Program Files\dotnet\sdk\5.0.406\Microsoft.VisualStudio.TestPlatform.Fakes.exe', returning.
TpTrace Information: 0 : 41056, 1, 2022/03/11, 14:41:49.902, 245475677941, vstest.console.dll, AssemblyResolver.OnResolve: Microsoft.VisualStudio.TestPlatform.Fakes: Failed to load assembly.
TpTrace Information: 0 : 41056, 1, 2022/03/11, 14:41:49.903, 245475682840, vstest.console.dll, Failed to create newly implemented Fakes Configurator. Reason:System.IO.FileNotFoundException: Could not load file or assembly 'Microsoft.VisualStudio.TestPlatform.Fakes, Version=16.0.0.0, Culture=neutral, PublicKeyToken=null'. El sistema no puede encontrar el archivo especificado.
File name: 'Microsoft.VisualStudio.TestPlatform.Fakes, Version=16.0.0.0, Culture=neutral, PublicKeyToken=null'
   at System.Reflection.RuntimeAssembly.InternalLoad(ObjectHandleOnStack assemblyName, ObjectHandleOnStack requestingAssembly, StackCrawlMarkHandle stackMark, Boolean throwOnFileNotFound, ObjectHandleOnStack assemblyLoadContext, ObjectHandleOnStack retAssembly)
   at System.Reflection.RuntimeAssembly.InternalLoad(AssemblyName assemblyName, RuntimeAssembly requestingAssembly, StackCrawlMark& stackMark, Boolean throwOnFileNotFound, AssemblyLoadContext assemblyLoadContext)
   at System.Reflection.Assembly.Load(AssemblyName assemblyRef)
   at Microsoft.VisualStudio.TestPlatform.Common.Utilities.FakesUtilities.TryGetFakesCrossPlatformDataCollectorConfigurator() 
TpTrace Verbose: 0 : 41056, 1, 2022/03/11, 14:41:49.907, 245475726793, vstest.console.dll, TestPluginCache.DiscoverTestExtensions: finding test extensions in assemblies ends with: TestLogger.dll TPluginInfo: Microsoft.VisualStudio.TestPlatform.Common.ExtensionFramework.Utilities.TestLoggerPluginInformation TExtension: Microsoft.VisualStudio.TestPlatform.ObjectModel.Client.ITestLogger
TpTrace Verbose: 0 : 41056, 1, 2022/03/11, 14:41:49.907, 245475728081, vstest.console.dll, TestPluginCache.GetExtensionPaths: Filtered extension paths: 
TpTrace Verbose: 0 : 41056, 1, 2022/03/11, 14:41:49.907, 245475728633, vstest.console.dll, TestPluginCache.GetExtensionPaths: Added default extension paths: C:\Program Files\dotnet\sdk\5.0.406\Extensions\Microsoft.Diagnostics.NETCore.Client.dll
C:\Program Files\dotnet\sdk\5.0.406\Extensions\Microsoft.TestPlatform.Extensions.BlameDataCollector.dll
C:\Program Files\dotnet\sdk\5.0.406\Extensions\Microsoft.TestPlatform.Extensions.EventLogCollector.dll
C:\Program Files\dotnet\sdk\5.0.406\Extensions\Microsoft.TestPlatform.TestHostRuntimeProvider.dll
C:\Program Files\dotnet\sdk\5.0.406\Extensions\Microsoft.VisualStudio.TestPlatform.Extensions.Html.TestLogger.dll
C:\Program Files\dotnet\sdk\5.0.406\Extensions\Microsoft.VisualStudio.TestPlatform.Extensions.Trx.TestLogger.dll
TpTrace Verbose: 0 : 41056, 1, 2022/03/11, 14:41:49.908, 245475730079, vstest.console.dll, TestPluginCache.GetExtensionPaths: Added unfilterableExtensionPaths: 
TpTrace Information: 0 : 41056, 1, 2022/03/11, 14:41:49.908, 245475732397, vstest.console.dll, AssemblyResolver.AddSearchDirectories: Adding more searchDirectories C:\Program Files\dotnet\sdk\5.0.406\Extensions,C:\Program Files\dotnet\sdk\5.0.406
TpTrace Verbose: 0 : 41056, 1, 2022/03/11, 14:41:49.908, 245475733085, vstest.console.dll, TestPluginCache.DiscoverTestExtensions: Discovering the extensions using extension path.
TpTrace Verbose: 0 : 41056, 1, 2022/03/11, 14:41:49.908, 245475733689, vstest.console.dll, TestPluginCache.GetExtensionPaths: Filtered extension paths: 
TpTrace Verbose: 0 : 41056, 1, 2022/03/11, 14:41:49.908, 245475734185, vstest.console.dll, TestPluginCache.GetExtensionPaths: Added default extension paths: C:\Program Files\dotnet\sdk\5.0.406\Extensions\Microsoft.Diagnostics.NETCore.Client.dll
C:\Program Files\dotnet\sdk\5.0.406\Extensions\Microsoft.TestPlatform.Extensions.BlameDataCollector.dll
C:\Program Files\dotnet\sdk\5.0.406\Extensions\Microsoft.TestPlatform.Extensions.EventLogCollector.dll
C:\Program Files\dotnet\sdk\5.0.406\Extensions\Microsoft.TestPlatform.TestHostRuntimeProvider.dll
C:\Program Files\dotnet\sdk\5.0.406\Extensions\Microsoft.VisualStudio.TestPlatform.Extensions.Html.TestLogger.dll
C:\Program Files\dotnet\sdk\5.0.406\Extensions\Microsoft.VisualStudio.TestPlatform.Extensions.Trx.TestLogger.dll
TpTrace Verbose: 0 : 41056, 1, 2022/03/11, 14:41:49.908, 245475734734, vstest.console.dll, TestPluginCache.GetExtensionPaths: Added unfilterableExtensionPaths: 
TpTrace Verbose: 0 : 41056, 1, 2022/03/11, 14:41:49.908, 245475735213, vstest.console.dll, TestPluginCache.DiscoverTestExtensions: Discovering the extensions using allExtensionPaths: C:\Program Files\dotnet\sdk\5.0.406\Extensions\Microsoft.Diagnostics.NETCore.Client.dll
C:\Program Files\dotnet\sdk\5.0.406\Extensions\Microsoft.TestPlatform.Extensions.BlameDataCollector.dll
C:\Program Files\dotnet\sdk\5.0.406\Extensions\Microsoft.TestPlatform.Extensions.EventLogCollector.dll
C:\Program Files\dotnet\sdk\5.0.406\Extensions\Microsoft.TestPlatform.TestHostRuntimeProvider.dll
C:\Program Files\dotnet\sdk\5.0.406\Extensions\Microsoft.VisualStudio.TestPlatform.Extensions.Html.TestLogger.dll
C:\Program Files\dotnet\sdk\5.0.406\Extensions\Microsoft.VisualStudio.TestPlatform.Extensions.Trx.TestLogger.dll
TpTrace Information: 0 : 41056, 1, 2022/03/11, 14:41:49.908, 245475735894, vstest.console.dll, AssemblyResolver.AddSearchDirectories: Adding more searchDirectories C:\Program Files\dotnet\sdk\5.0.406\Extensions,C:\Program Files\dotnet\sdk\5.0.406
TpTrace Information: 0 : 41056, 1, 2022/03/11, 14:41:49.908, 245475736429, vstest.console.dll, AssemblyResolver.AddSearchDirectories: Adding more searchDirectories C:\Program Files\dotnet\sdk\5.0.406\Extensions,C:\Program Files\dotnet\sdk\5.0.406
TpTrace Information: 0 : 41056, 1, 2022/03/11, 14:41:49.908, 245475736889, vstest.console.dll, AssemblyResolver.AddSearchDirectories: Adding more searchDirectories C:\Program Files\dotnet\sdk\5.0.406\Extensions,C:\Program Files\dotnet\sdk\5.0.406
TpTrace Information: 0 : 41056, 1, 2022/03/11, 14:41:49.908, 245475737979, vstest.console.dll, AssemblyResolver.AddSearchDirectories: Adding more searchDirectories C:\Program Files\dotnet\sdk\5.0.406\Extensions,C:\Program Files\dotnet\sdk\5.0.406
TpTrace Information: 0 : 41056, 1, 2022/03/11, 14:41:49.908, 245475738645, vstest.console.dll, AssemblyResolver.AddSearchDirectories: Adding more searchDirectories C:\Program Files\dotnet\sdk\5.0.406\Extensions,C:\Program Files\dotnet\sdk\5.0.406
TpTrace Information: 0 : 41056, 1, 2022/03/11, 14:41:49.908, 245475739103, vstest.console.dll, AssemblyResolver.AddSearchDirectories: Adding more searchDirectories C:\Program Files\dotnet\sdk\5.0.406\Extensions,C:\Program Files\dotnet\sdk\5.0.406
TpTrace Information: 0 : 41056, 1, 2022/03/11, 14:41:49.909, 245475742082, vstest.console.dll, AssemblyResolver.OnResolve: Microsoft.Bcl.AsyncInterfaces: Resolving assembly.
TpTrace Information: 0 : 41056, 1, 2022/03/11, 14:41:49.909, 245475742701, vstest.console.dll, AssemblyResolver.OnResolve: Microsoft.Bcl.AsyncInterfaces: Resolved from cache.
TpTrace Verbose: 0 : 41056, 1, 2022/03/11, 14:41:49.909, 245475743199, vstest.console.dll, CurrentDomainAssemblyResolve: Resolving assembly 'Microsoft.Bcl.AsyncInterfaces'.
TpTrace Information: 0 : 41056, 1, 2022/03/11, 14:41:49.909, 245475743928, vstest.console.dll, AssemblyResolver.OnResolve: Microsoft.Bcl.AsyncInterfaces: Resolving assembly.
TpTrace Information: 0 : 41056, 1, 2022/03/11, 14:41:49.909, 245475744409, vstest.console.dll, AssemblyResolver.OnResolve: Microsoft.Bcl.AsyncInterfaces: Resolved from cache.
TpTrace Verbose: 0 : 41056, 1, 2022/03/11, 14:41:49.909, 245475744922, vstest.console.dll, CurrentDomainAssemblyResolve: Resolving assembly 'Microsoft.Bcl.AsyncInterfaces'.
TpTrace Verbose: 0 : 41056, 1, 2022/03/11, 14:41:49.909, 245475745446, vstest.console.dll, CurrentDomainAssemblyResolve: Failed to resolve assembly 'Microsoft.Bcl.AsyncInterfaces'.
TpTrace Verbose: 0 : 41056, 1, 2022/03/11, 14:41:49.909, 245475747209, vstest.console.dll, CurrentDomainAssemblyResolve: Failed to resolve assembly 'Microsoft.Bcl.AsyncInterfaces'.
TpTrace Warning: 0 : 41056, 1, 2022/03/11, 14:41:49.910, 245475750713, vstest.console.dll, TestPluginDiscoverer: Failed to get types from assembly 'Microsoft.Diagnostics.NETCore.Client, Version=0.2.2.41902, Culture=neutral, PublicKeyToken=31bf3856ad364e35'.  Skipping test extension scan for this assembly.  Error: System.Reflection.ReflectionTypeLoadException: Unable to load one or more of the requested types.
Could not load file or assembly 'Microsoft.Bcl.AsyncInterfaces, Version=1.0.0.0, Culture=neutral, PublicKeyToken=cc7b13ffcd2ddd51'. El sistema no puede encontrar el archivo especificado.
   at System.Reflection.RuntimeModule.GetTypes(RuntimeModule module)
   at System.Reflection.RuntimeModule.GetTypes()
   at System.Reflection.Assembly.GetTypes()
   at Microsoft.VisualStudio.TestPlatform.Common.ExtensionFramework.TestPluginDiscoverer.GetTestExtensionsFromAssembly[TPluginInfo,TExtension](Assembly assembly, Dictionary`2 pluginInfos)
System.IO.FileNotFoundException: Could not load file or assembly 'Microsoft.Bcl.AsyncInterfaces, Version=1.0.0.0, Culture=neutral, PublicKeyToken=cc7b13ffcd2ddd51'. El sistema no puede encontrar el archivo especificado.
File name: 'Microsoft.Bcl.AsyncInterfaces, Version=1.0.0.0, Culture=neutral, PublicKeyToken=cc7b13ffcd2ddd51'
TpTrace Warning: 0 : 41056, 1, 2022/03/11, 14:41:49.910, 245475751472, vstest.console.dll, LoaderExceptions: System.IO.FileNotFoundException: Could not load file or assembly 'Microsoft.Bcl.AsyncInterfaces, Version=1.0.0.0, Culture=neutral, PublicKeyToken=cc7b13ffcd2ddd51'. El sistema no puede encontrar el archivo especificado.
File name: 'Microsoft.Bcl.AsyncInterfaces, Version=1.0.0.0, Culture=neutral, PublicKeyToken=cc7b13ffcd2ddd51'
TpTrace Verbose: 0 : 41056, 1, 2022/03/11, 14:41:49.910, 245475757948, vstest.console.dll, TestPluginCache: Discovered the extensions using extension path ''.
TpTrace Verbose: 0 : 41056, 1, 2022/03/11, 14:41:49.910, 245475758658, vstest.console.dll, TestPluginCache: Discoverers are ''.
TpTrace Verbose: 0 : 41056, 1, 2022/03/11, 14:41:49.910, 245475759154, vstest.console.dll, TestPluginCache: Executors are ''.
TpTrace Verbose: 0 : 41056, 1, 2022/03/11, 14:41:49.910, 245475759543, vstest.console.dll, TestPluginCache: Executors2 are ''.
TpTrace Verbose: 0 : 41056, 1, 2022/03/11, 14:41:49.911, 245475760309, vstest.console.dll, TestPluginCache: Setting providers are ''.
TpTrace Verbose: 0 : 41056, 1, 2022/03/11, 14:41:49.911, 245475761190, vstest.console.dll, TestPluginCache: Loggers are 'logger://Microsoft/TestPlatform/Extensions/Blame/v1,logger://Microsoft/TestPlatform/HtmlLogger/v1,logger://Microsoft/TestPlatform/TrxLogger/v1'.
TpTrace Information: 0 : 41056, 1, 2022/03/11, 14:41:49.911, 245475768553, vstest.console.dll, TestPluginManager.CreateTestExtension: Attempting to load test extension: Microsoft.TestPlatform.Extensions.BlameDataCollector.BlameLogger
TpTrace Information: 0 : 41056, 1, 2022/03/11, 14:41:49.924, 245475891532, vstest.console.dll, TestPluginManager.CreateTestExtension: Attempting to load test extension: Microsoft.VisualStudio.TestPlatform.CrossPlatEngine.Hosting.DefaultTestHostManager
TpTrace Information: 0 : 41056, 1, 2022/03/11, 14:41:49.924, 245475895845, vstest.console.dll, TestPluginManager.CreateTestExtension: Attempting to load test extension: Microsoft.VisualStudio.TestPlatform.CrossPlatEngine.Hosting.DotnetTestHostManager
TpTrace Verbose: 0 : 41056, 1, 2022/03/11, 14:41:49.925, 245475904089, vstest.console.dll, TestEngine: Initializing Parallel Execution as MaxCpuCount is set to: 1
TpTrace Information: 0 : 41056, 1, 2022/03/11, 14:41:49.926, 245475913136, vstest.console.dll, InferRunSettingsHelper.IsTestSettingsEnabled: Unable to navigate to RunSettings/MSTest. Current node: RunSettings
TpTrace Verbose: 0 : 41056, 1, 2022/03/11, 14:41:49.943, 245476086263, vstest.console.dll, TestRequestSender is acting as server
TpTrace Verbose: 0 : 41056, 4, 2022/03/11, 14:41:49.947, 245476124862, vstest.console.dll, DataCollectionRequestSender.InitializeCommunication : Initialize communication. 
TpTrace Information: 0 : 41056, 4, 2022/03/11, 14:41:49.964, 245476295135, vstest.console.dll, Listening on Endpoint : 127.0.0.1:62383
TpTrace Verbose: 0 : 41056, 4, 2022/03/11, 14:41:49.978, 245476434698, vstest.console.dll, DotnetDataCollectionLauncher: Full path of dotnet.exe is C:\Program Files\dotnet\dotnet.exe
TpTrace Verbose: 0 : 41056, 4, 2022/03/11, 14:41:49.978, 245476437805, vstest.console.dll, DotnetDataCollectionLauncher: Adding  --runtimeconfig "C:\Program Files\dotnet\sdk\5.0.406\datacollector.runtimeconfig.json" in args
TpTrace Verbose: 0 : 41056, 4, 2022/03/11, 14:41:49.978, 245476439380, vstest.console.dll, DotnetDataCollectionLauncher: Adding  --depsfile "C:\Program Files\dotnet\sdk\5.0.406\datacollector.deps.json" in args
TpTrace Information: 0 : 41056, 4, 2022/03/11, 14:41:49.999, 245476648228, vstest.console.dll, ProxyDataCollectionManager.Initialize: Launched datacollector processId: 4700 port: 62383
TpTrace Information: 0 : 41056, 4, 2022/03/11, 14:41:50.000, 245476650132, vstest.console.dll, ProxyDataCollectionManager.Initialize: waiting for connection with timeout: 90 seconds
TpTrace Verbose: 0 : 41056, 4, 2022/03/11, 14:41:50.000, 245476650997, vstest.console.dll, DataCollectionRequestSender.WaitForRequestHandlerConnection : Waiting for connection with timeout: 90000
TpTrace Information: 0 : 41056, 7, 2022/03/11, 14:41:50.241, 245479064154, vstest.console.dll, Using the buffer size of 16384 bytes
TpTrace Verbose: 0 : 41056, 4, 2022/03/11, 14:41:50.241, 245479064830, vstest.console.dll, ProxyDataCollectionManager.InvokeDataCollectionServiceAction: Starting.
TpTrace Information: 0 : 41056, 7, 2022/03/11, 14:41:50.241, 245479065519, vstest.console.dll, Accepted Client request and set the flag
TpTrace Information: 0 : 41056, 4, 2022/03/11, 14:41:50.241, 245479066868, vstest.console.dll, ProxyDataCollectionManager.BeforeTestRunStart: Get environment variable and port for datacollector processId: 4700 port: 62383
TpTrace Verbose: 0 : 41056, 4, 2022/03/11, 14:41:50.241, 245479068303, vstest.console.dll, DataCollectionRequestSender.SendBeforeTestRunStartAndGetResult : Send BeforeTestRunStart message with settingsXml <RunSettings><RunConfiguration><ResultsDirectory>D:\Estudio\Ejercicios\tartaro\.net\HtmlToJson\bin\Debug\net5.0\fine-code-coverage\coverage-tool-output</ResultsDirectory><TargetPlatform>X64</TargetPlatform><TargetFrameworkVersion>.NETCoreApp,Version=v5.0</TargetFrameworkVersion><DesignMode>False</DesignMode><CollectSourceInformation>False</CollectSourceInformation><TestAdaptersPaths>C:\Program Files\dotnet\sdk\5.0.406\Extensions</TestAdaptersPaths></RunConfiguration><LoggerRunSettings><Loggers><Logger friendlyName="blame" enabled="True" /><Logger friendlyName="Console" uri="logger://microsoft/TestPlatform/ConsoleLogger/v1" assemblyQualifiedName="Microsoft.VisualStudio.TestPlatform.CommandLine.Internal.ConsoleLogger, vstest.console, Version=15.0.0.0, Culture=neutral, PublicKeyToken=b03f5f7f11d50a3a" codeBase="C:\Program Files\dotnet\sdk\5.0.406\vstest.console.dll" enabled="True" /></Loggers></LoggerRunSettings><DataCollectionRunSettings><DataCollectors><DataCollector friendlyName="blame" enabled="True"><Configuration><ResultsDirectory>D:\Estudio\Ejercicios\tartaro\.net\HtmlToJson\bin\Debug\net5.0\fine-code-coverage\coverage-tool-output</ResultsDirectory></Configuration></DataCollector></DataCollectors></DataCollectionRunSettings></RunSettings> and sources System.Linq.Enumerable+Concat2Iterator`1[System.String]: 
TpTrace Verbose: 0 : 41056, 4, 2022/03/11, 14:41:50.324, 245479897157, vstest.console.dll, DataCollectionRequestSender.SendBeforeTestRunStartAndGetResult : Received message: (DataCollection.SendMessage) -> {
  "FriendlyName": null,
  "Uri": null,
  "TestCaseId": "00000000-0000-0000-0000-000000000000",
  "Message": "Logging DataCollector Diagnostics in file: D:\\Estudio\\Ejercicios\\tartaro\\.net\\HtmlToJson\\bin\\Debug\\net5.0\\fine-code-coverage\\coverage-tool-output\\diagnostics.datacollector.22-03-11_14-41-49_97262_4.log",
  "Level": 0
}
TpTrace Verbose: 0 : 41056, 4, 2022/03/11, 14:41:50.399, 245480647498, vstest.console.dll, DataCollectionRequestSender.SendBeforeTestRunStartAndGetResult : Received message: (DataCollection.BeforeTestRunStartResult) -> {
  "EnvironmentVariables": {},
  "DataCollectionEventsPort": 62385
}
TpTrace Information: 0 : 41056, 4, 2022/03/11, 14:41:50.403, 245480686482, vstest.console.dll, ProxyDataCollectionManager.BeforeTestRunStart: SendBeforeTestRunStartAndGetResult successful, env variable from datacollector:   and testhost port: 62385
TpTrace Information: 0 : 41056, 4, 2022/03/11, 14:41:50.403, 245480687718, vstest.console.dll, ProxyDataCollectionManager.InvokeDataCollectionServiceAction: Completed.
TpTrace Verbose: 0 : 41056, 1, 2022/03/11, 14:41:50.403, 245480689406, vstest.console.dll, TestRunRequest.ExecuteAsync: Creating test run request.
TpTrace Verbose: 0 : 41056, 1, 2022/03/11, 14:41:50.404, 245480692669, vstest.console.dll, TestRunRequest.ExecuteAsync: Starting.
TpTrace Information: 0 : 41056, 1, 2022/03/11, 14:41:50.404, 245480695738, vstest.console.dll, TestRunRequest.ExecuteAsync: Starting run with settings:TestRunCriteria:
   KeepAlive=False,FrequencyOfRunStatsChangeEvent=10,RunStatsChangeEventTimeout=00:00:01.5000000,TestCaseFilter=,TestExecutorLauncher=
   Settingsxml=<RunSettings>
  <RunConfiguration>
    <ResultsDirectory>D:\Estudio\Ejercicios\tartaro\.net\HtmlToJson\bin\Debug\net5.0\fine-code-coverage\coverage-tool-output</ResultsDirectory>
    <TargetPlatform>X64</TargetPlatform>
    <TargetFrameworkVersion>.NETCoreApp,Version=v5.0</TargetFrameworkVersion>
    <DesignMode>False</DesignMode>
    <CollectSourceInformation>False</CollectSourceInformation>
  </RunConfiguration>
  <LoggerRunSettings>
    <Loggers>
      <Logger friendlyName="blame" enabled="True" />
      <Logger friendlyName="Console" uri="logger://microsoft/TestPlatform/ConsoleLogger/v1" assemblyQualifiedName="Microsoft.VisualStudio.TestPlatform.CommandLine.Internal.ConsoleLogger, vstest.console, Version=15.0.0.0, Culture=neutral, PublicKeyToken=b03f5f7f11d50a3a" codeBase="C:\Program Files\dotnet\sdk\5.0.406\vstest.console.dll" enabled="True" />
    </Loggers>
  </LoggerRunSettings>
  <DataCollectionRunSettings>
    <DataCollectors>
      <DataCollector friendlyName="blame" enabled="True">
        <Configuration>
          <ResultsDirectory>D:\Estudio\Ejercicios\tartaro\.net\HtmlToJson\bin\Debug\net5.0\fine-code-coverage\coverage-tool-output</ResultsDirectory>
        </Configuration>
      </DataCollector>
    </DataCollectors>
  </DataCollectionRunSettings>
</RunSettings>

TpTrace Verbose: 0 : 41056, 1, 2022/03/11, 14:41:50.404, 245480696494, vstest.console.dll, TestRunRequest.ExecuteAsync: Wait for the first run request is over.
TpTrace Verbose: 0 : 41056, 1, 2022/03/11, 14:41:50.405, 245480701090, vstest.console.dll, ParallelProxyExecutionManager: Start execution. Total sources: 1
TpTrace Information: 0 : 41056, 1, 2022/03/11, 14:41:50.405, 245480706989, vstest.console.dll, ProxyParallelExecutionManager: Triggering test run for next source: D:\Estudio\Ejercicios\tartaro\.net\HtmlToJson\bin\Debug\net5.0\fine-code-coverage\build-output\HtmlToJson.dll
TpTrace Verbose: 0 : 41056, 4, 2022/03/11, 14:41:50.405, 245480709063, vstest.console.dll, ParallelProxyExecutionManager: Execution started. Started clients: 1
TpTrace Verbose: 0 : 41056, 1, 2022/03/11, 14:41:50.405, 245480709150, vstest.console.dll, ProxyParallelExecutionManager: No sources available for execution.
TpTrace Information: 0 : 41056, 1, 2022/03/11, 14:41:50.406, 245480710774, vstest.console.dll, TestRunRequest.ExecuteAsync: Started.
TpTrace Verbose: 0 : 41056, 1, 2022/03/11, 14:41:50.406, 245480711743, vstest.console.dll, TestRunRequest.WaitForCompletion: Waiting with timeout -1.
TpTrace Verbose: 0 : 41056, 4, 2022/03/11, 14:41:50.406, 245480712270, vstest.console.dll, TestRunRequest:SendTestRunMessage: Starting.
TpTrace Information: 0 : 41056, 4, 2022/03/11, 14:41:50.406, 245480713559, vstest.console.dll, TestRunRequest:SendTestRunMessage: Completed.
TpTrace Verbose: 0 : 41056, 4, 2022/03/11, 14:41:50.406, 245480715788, vstest.console.dll, ProxyExecutionManager: Test host is always Lazy initialize.
TpTrace Verbose: 0 : 41056, 4, 2022/03/11, 14:41:50.406, 245480718302, vstest.console.dll, TestRequestSender.InitializeCommunication: initialize communication. 
TpTrace Information: 0 : 41056, 4, 2022/03/11, 14:41:50.407, 245480725268, vstest.console.dll, SocketServer.Start: Listening on endpoint : 127.0.0.1:62386
TpTrace Verbose: 0 : 41056, 4, 2022/03/11, 14:41:50.408, 245480732265, vstest.console.dll, DotnetTestHostmanager: Adding  --runtimeconfig "D:\Estudio\Ejercicios\tartaro\.net\HtmlToJson\bin\Debug\net5.0\fine-code-coverage\build-output\HtmlToJson.runtimeconfig.json" in args
TpTrace Verbose: 0 : 41056, 4, 2022/03/11, 14:41:50.408, 245480733134, vstest.console.dll, DotnetTestHostmanager: Adding  --depsfile "D:\Estudio\Ejercicios\tartaro\.net\HtmlToJson\bin\Debug\net5.0\fine-code-coverage\build-output\HtmlToJson.deps.json" in args
TpTrace Verbose: 0 : 41056, 4, 2022/03/11, 14:41:50.408, 245480734956, vstest.console.dll, DotnetTestHostManager: Testhost.exe/testhost.x86.exe found at path: D:\Estudio\Ejercicios\tartaro\.net\HtmlToJson\bin\Debug\net5.0\fine-code-coverage\build-output\testhost.exe
TpTrace Verbose: 0 : 41056, 4, 2022/03/11, 14:41:50.408, 245480735598, vstest.console.dll, DotnetTestHostmanager: Full path of host exe is D:\Estudio\Ejercicios\tartaro\.net\HtmlToJson\bin\Debug\net5.0\fine-code-coverage\build-output\testhost.exe
TpTrace Verbose: 0 : 41056, 6, 2022/03/11, 14:41:50.409, 245480744859, vstest.console.dll, DotnetTestHostManager: Starting process 'D:\Estudio\Ejercicios\tartaro\.net\HtmlToJson\bin\Debug\net5.0\fine-code-coverage\build-output\testhost.exe' with command line ' --runtimeconfig "D:\Estudio\Ejercicios\tartaro\.net\HtmlToJson\bin\Debug\net5.0\fine-code-coverage\build-output\HtmlToJson.runtimeconfig.json" --depsfile "D:\Estudio\Ejercicios\tartaro\.net\HtmlToJson\bin\Debug\net5.0\fine-code-coverage\build-output\HtmlToJson.deps.json" --port 62386 --endpoint 127.0.0.1:062386 --role client --parentprocessid 41056 --diag "D:\Estudio\Ejercicios\tartaro\.net\HtmlToJson\bin\Debug\net5.0\fine-code-coverage\coverage-tool-output\diagnostics.host.22-03-11_14-41-50_40786_4.log" --tracelevel 4 --datacollectionport 62385 --telemetryoptedin false'
TpTrace Verbose: 0 : 41056, 6, 2022/03/11, 14:41:50.469, 245481341580, vstest.console.dll, Test Runtime launched
TpTrace Verbose: 0 : 41056, 4, 2022/03/11, 14:41:50.469, 245481348387, vstest.console.dll, TestRequestSender.WaitForRequestHandlerConnection: waiting for connection with timeout: 90000
TpTrace Verbose: 0 : 41056, 6, 2022/03/11, 14:41:51.038, 245487039931, vstest.console.dll, SocketServer.OnClientConnected: Client connected for endPoint: 127.0.0.1:62386, starting MessageLoopAsync:
TpTrace Verbose: 0 : 41056, 13, 2022/03/11, 14:41:51.039, 245487044908, vstest.console.dll, TcpClientExtensions.MessageLoopAsync: Polling on remoteEndPoint: 127.0.0.1:62387 localEndPoint: 127.0.0.1:62386
TpTrace Verbose: 0 : 41056, 13, 2022/03/11, 14:41:51.314, 245489794656, vstest.console.dll, TcpClientExtensions.MessageLoopAsync: NotifyDataAvailable remoteEndPoint: 127.0.0.1:62387 localEndPoint: 127.0.0.1:62386
TpTrace Verbose: 0 : 41056, 13, 2022/03/11, 14:41:51.314, 245489798680, vstest.console.dll, TestRequestSender.CheckVersionWithTestHost: onMessageReceived received message: (ProtocolVersion) -> 5
TpTrace Verbose: 0 : 41056, 13, 2022/03/11, 14:41:51.315, 245489804025, vstest.console.dll, TcpClientExtensions.MessageLoopAsync: Polling on remoteEndPoint: 127.0.0.1:62387 localEndPoint: 127.0.0.1:62386
TpTrace Verbose: 0 : 41056, 4, 2022/03/11, 14:41:51.315, 245489805404, vstest.console.dll, TestPluginCache.GetExtensionPaths: Filtered extension paths: 
TpTrace Verbose: 0 : 41056, 4, 2022/03/11, 14:41:51.315, 245489806742, vstest.console.dll, TestPluginCache.GetExtensionPaths: Added default extension paths: C:\Program Files\dotnet\sdk\5.0.406\Extensions\Microsoft.Diagnostics.NETCore.Client.dll
C:\Program Files\dotnet\sdk\5.0.406\Extensions\Microsoft.TestPlatform.Extensions.BlameDataCollector.dll
C:\Program Files\dotnet\sdk\5.0.406\Extensions\Microsoft.TestPlatform.Extensions.EventLogCollector.dll
C:\Program Files\dotnet\sdk\5.0.406\Extensions\Microsoft.TestPlatform.TestHostRuntimeProvider.dll
C:\Program Files\dotnet\sdk\5.0.406\Extensions\Microsoft.VisualStudio.TestPlatform.Extensions.Html.TestLogger.dll
C:\Program Files\dotnet\sdk\5.0.406\Extensions\Microsoft.VisualStudio.TestPlatform.Extensions.Trx.TestLogger.dll
TpTrace Verbose: 0 : 41056, 4, 2022/03/11, 14:41:51.315, 245489807420, vstest.console.dll, TestPluginCache.GetExtensionPaths: Added unfilterableExtensionPaths: 
TpTrace Verbose: 0 : 41056, 4, 2022/03/11, 14:41:51.321, 245489860642, vstest.console.dll, TestRequestSender.InitializeExecution: Sending initializing execution with message: {"Version":5,"MessageType":"TestExecution.Initialize","Payload":["D:\\Estudio\\Ejercicios\\tartaro\\.net\\HtmlToJson\\bin\\Debug\\net5.0\\fine-code-coverage\\build-output\\xunit.runner.visualstudio.dotnetcore.testadapter.dll"]}
TpTrace Verbose: 0 : 41056, 4, 2022/03/11, 14:41:51.332, 245489978493, vstest.console.dll, TestRequestSender.StartTestRun: Sending test run with message: {"Version":5,"MessageType":"TestExecution.StartWithSources","Payload":{"AdapterSourceMap":{"_none_":["D:\\Estudio\\Ejercicios\\tartaro\\.net\\HtmlToJson\\bin\\Debug\\net5.0\\fine-code-coverage\\build-output\\HtmlToJson.dll"]},"RunSettings":"<RunSettings>\r\n  <RunConfiguration>\r\n    <ResultsDirectory>D:\\Estudio\\Ejercicios\\tartaro\\.net\\HtmlToJson\\bin\\Debug\\net5.0\\fine-code-coverage\\coverage-tool-output</ResultsDirectory>\r\n    <TargetPlatform>X64</TargetPlatform>\r\n    <TargetFrameworkVersion>.NETCoreApp,Version=v5.0</TargetFrameworkVersion>\r\n    <DesignMode>False</DesignMode>\r\n    <CollectSourceInformation>False</CollectSourceInformation>\r\n  </RunConfiguration>\r\n  <LoggerRunSettings>\r\n    <Loggers>\r\n      <Logger friendlyName=\"blame\" enabled=\"True\" />\r\n      <Logger friendlyName=\"Console\" uri=\"logger://microsoft/TestPlatform/ConsoleLogger/v1\" assemblyQualifiedName=\"Microsoft.VisualStudio.TestPlatform.CommandLine.Internal.ConsoleLogger, vstest.console, Version=15.0.0.0, Culture=neutral, PublicKeyToken=b03f5f7f11d50a3a\" codeBase=\"C:\\Program Files\\dotnet\\sdk\\5.0.406\\vstest.console.dll\" enabled=\"True\" />\r\n    </Loggers>\r\n  </LoggerRunSettings>\r\n  <DataCollectionRunSettings>\r\n    <DataCollectors>\r\n      <DataCollector friendlyName=\"blame\" enabled=\"True\">\r\n        <Configuration>\r\n          <ResultsDirectory>D:\\Estudio\\Ejercicios\\tartaro\\.net\\HtmlToJson\\bin\\Debug\\net5.0\\fine-code-coverage\\coverage-tool-output</ResultsDirectory>\r\n        </Configuration>\r\n      </DataCollector>\r\n    </DataCollectors>\r\n  </DataCollectionRunSettings>\r\n</RunSettings>","TestExecutionContext":{"FrequencyOfRunStatsChangeEvent":10,"RunStatsChangeEventTimeout":"00:00:01.5000000","InIsolation":false,"KeepAlive":false,"AreTestCaseLevelEventsRequired":false,"IsDebug":false,"TestCaseFilter":null,"FilterOptions":null},"Package":null}}
TpTrace Verbose: 0 : 41056, 13, 2022/03/11, 14:41:51.337, 245490026835, vstest.console.dll, TcpClientExtensions.MessageLoopAsync: NotifyDataAvailable remoteEndPoint: 127.0.0.1:62387 localEndPoint: 127.0.0.1:62386
TpTrace Verbose: 0 : 41056, 13, 2022/03/11, 14:41:51.338, 245490030230, vstest.console.dll, TestRequestSender.OnExecutionMessageReceived: Received message: {"Version":5,"MessageType":"TestSession.Message","Payload":{"MessageLevel":0,"Message":"Logging TestHost Diagnostics in file: D:\\Estudio\\Ejercicios\\tartaro\\.net\\HtmlToJson\\bin\\Debug\\net5.0\\fine-code-coverage\\coverage-tool-output\\diagnostics.host.22-03-11_14-41-50_40786_4.log"}}
TpTrace Verbose: 0 : 41056, 13, 2022/03/11, 14:41:51.342, 245490075161, vstest.console.dll, TestRunRequest:SendTestRunMessage: Starting.
TpTrace Information: 0 : 41056, 13, 2022/03/11, 14:41:51.342, 245490077573, vstest.console.dll, TestRunRequest:SendTestRunMessage: Completed.
TpTrace Verbose: 0 : 41056, 13, 2022/03/11, 14:41:51.342, 245490079842, vstest.console.dll, TcpClientExtensions.MessageLoopAsync: Polling on remoteEndPoint: 127.0.0.1:62387 localEndPoint: 127.0.0.1:62386
TpTrace Verbose: 0 : 41056, 13, 2022/03/11, 14:41:51.773, 245494380557, vstest.console.dll, TcpClientExtensions.MessageLoopAsync: NotifyDataAvailable remoteEndPoint: 127.0.0.1:62387 localEndPoint: 127.0.0.1:62386
TpTrace Verbose: 0 : 41056, 13, 2022/03/11, 14:41:51.773, 245494382416, vstest.console.dll, TestRequestSender.OnExecutionMessageReceived: Received message: {"Version":5,"MessageType":"TestSession.Message","Payload":{"MessageLevel":0,"Message":"[xUnit.net 00:00:00.00] xUnit.net VSTest Adapter v2.4.3+1b45f5407b (64-bit .NET 5.0.15)"}}
TpTrace Verbose: 0 : 41056, 13, 2022/03/11, 14:41:51.773, 245494386129, vstest.console.dll, TestRunRequest:SendTestRunMessage: Starting.
TpTrace Information: 0 : 41056, 13, 2022/03/11, 14:41:51.773, 245494387049, vstest.console.dll, TestRunRequest:SendTestRunMessage: Completed.
TpTrace Verbose: 0 : 41056, 13, 2022/03/11, 14:41:51.773, 245494387607, vstest.console.dll, TcpClientExtensions.MessageLoopAsync: Polling on remoteEndPoint: 127.0.0.1:62387 localEndPoint: 127.0.0.1:62386
TpTrace Verbose: 0 : 41056, 13, 2022/03/11, 14:41:52.775, 245504406989, vstest.console.dll, TcpClientExtensions.MessageLoopAsync: Polling on remoteEndPoint: 127.0.0.1:62387 localEndPoint: 127.0.0.1:62386
TpTrace Verbose: 0 : 41056, 13, 2022/03/11, 14:41:53.778, 245514434276, vstest.console.dll, TcpClientExtensions.MessageLoopAsync: Polling on remoteEndPoint: 127.0.0.1:62387 localEndPoint: 127.0.0.1:62386
TpTrace Verbose: 0 : 41056, 13, 2022/03/11, 14:41:53.803, 245514687070, vstest.console.dll, TcpClientExtensions.MessageLoopAsync: NotifyDataAvailable remoteEndPoint: 127.0.0.1:62387 localEndPoint: 127.0.0.1:62386
TpTrace Verbose: 0 : 41056, 13, 2022/03/11, 14:41:53.803, 245514688437, vstest.console.dll, TestRequestSender.OnExecutionMessageReceived: Received message: {"Version":5,"MessageType":"TestSession.Message","Payload":{"MessageLevel":0,"Message":"[xUnit.net 00:00:02.04]   Discovering: HtmlToJson"}}
TpTrace Verbose: 0 : 41056, 13, 2022/03/11, 14:41:53.804, 245514691561, vstest.console.dll, TestRunRequest:SendTestRunMessage: Starting.
TpTrace Information: 0 : 41056, 13, 2022/03/11, 14:41:53.804, 245514692316, vstest.console.dll, TestRunRequest:SendTestRunMessage: Completed.
TpTrace Verbose: 0 : 41056, 13, 2022/03/11, 14:41:53.804, 245514692760, vstest.console.dll, TcpClientExtensions.MessageLoopAsync: Polling on remoteEndPoint: 127.0.0.1:62387 localEndPoint: 127.0.0.1:62386
TpTrace Verbose: 0 : 41056, 13, 2022/03/11, 14:41:53.840, 245515059918, vstest.console.dll, TcpClientExtensions.MessageLoopAsync: NotifyDataAvailable remoteEndPoint: 127.0.0.1:62387 localEndPoint: 127.0.0.1:62386
TpTrace Verbose: 0 : 41056, 13, 2022/03/11, 14:41:53.841, 245515061458, vstest.console.dll, TestRequestSender.OnExecutionMessageReceived: Received message: {"Version":5,"MessageType":"TestSession.Message","Payload":{"MessageLevel":0,"Message":"[xUnit.net 00:00:02.08]   Discovered:  HtmlToJson"}}
TpTrace Verbose: 0 : 41056, 13, 2022/03/11, 14:41:53.841, 245515063188, vstest.console.dll, TestRunRequest:SendTestRunMessage: Starting.
TpTrace Information: 0 : 41056, 13, 2022/03/11, 14:41:53.841, 245515064014, vstest.console.dll, TestRunRequest:SendTestRunMessage: Completed.
TpTrace Verbose: 0 : 41056, 13, 2022/03/11, 14:41:53.841, 245515064748, vstest.console.dll, TcpClientExtensions.MessageLoopAsync: Polling on remoteEndPoint: 127.0.0.1:62387 localEndPoint: 127.0.0.1:62386
TpTrace Verbose: 0 : 41056, 13, 2022/03/11, 14:41:53.843, 245515088859, vstest.console.dll, TcpClientExtensions.MessageLoopAsync: NotifyDataAvailable remoteEndPoint: 127.0.0.1:62387 localEndPoint: 127.0.0.1:62386
TpTrace Verbose: 0 : 41056, 13, 2022/03/11, 14:41:53.844, 245515090048, vstest.console.dll, TestRequestSender.OnExecutionMessageReceived: Received message: {"Version":5,"MessageType":"TestSession.Message","Payload":{"MessageLevel":0,"Message":"[xUnit.net 00:00:02.08]   Starting:    HtmlToJson"}}
TpTrace Verbose: 0 : 41056, 13, 2022/03/11, 14:41:53.844, 245515091702, vstest.console.dll, TestRunRequest:SendTestRunMessage: Starting.
TpTrace Information: 0 : 41056, 13, 2022/03/11, 14:41:53.844, 245515092457, vstest.console.dll, TestRunRequest:SendTestRunMessage: Completed.
TpTrace Verbose: 0 : 41056, 13, 2022/03/11, 14:41:53.844, 245515092915, vstest.console.dll, TcpClientExtensions.MessageLoopAsync: Polling on remoteEndPoint: 127.0.0.1:62387 localEndPoint: 127.0.0.1:62386
TpTrace Verbose: 0 : 41056, 13, 2022/03/11, 14:41:53.921, 245515863293, vstest.console.dll, TcpClientExtensions.MessageLoopAsync: NotifyDataAvailable remoteEndPoint: 127.0.0.1:62387 localEndPoint: 127.0.0.1:62386
TpTrace Verbose: 0 : 41056, 13, 2022/03/11, 14:41:53.921, 245515865311, vstest.console.dll, TestRequestSender.OnExecutionMessageReceived: Received message: {"Version":5,"MessageType":"TestExecution.StatsChange","Payload":{"NewTestResults":[],"TestRunStatistics":{"ExecutedTests":0,"Stats":{}},"ActiveTests":[{"Id":"bf7d33d3-214c-83be-f8c3-5b2dcf982c1f","FullyQualifiedName":"HtmlToJson.UnitTest1.GenerateRealJson","DisplayName":"HtmlToJson.UnitTest1.GenerateRealJson","ExecutorUri":"executor://xunit/VsTestRunner2/netcoreapp","Source":"D:\\Estudio\\Ejercicios\\tartaro\\.net\\HtmlToJson\\bin\\Debug\\net5.0\\fine-code-coverage\\build-output\\HtmlToJson.dll","CodeFilePath":null,"LineNumber":0,"Properties":[]}]}}
TpTrace Verbose: 0 : 41056, 13, 2022/03/11, 14:41:53.935, 245516001185, vstest.console.dll, TestRunRequest:SendTestRunStatsChange: Starting.
TpTrace Verbose: 0 : 41056, 13, 2022/03/11, 14:41:53.935, 245516002699, vstest.console.dll, InProgress is HtmlToJson.UnitTest1.GenerateRealJson
TpTrace Information: 0 : 41056, 13, 2022/03/11, 14:41:53.935, 245516003875, vstest.console.dll, TestRunRequest:SendTestRunStatsChange: Completed.
TpTrace Verbose: 0 : 41056, 13, 2022/03/11, 14:41:53.935, 245516004386, vstest.console.dll, TcpClientExtensions.MessageLoopAsync: Polling on remoteEndPoint: 127.0.0.1:62387 localEndPoint: 127.0.0.1:62386
TpTrace Verbose: 0 : 41056, 13, 2022/03/11, 14:41:54.275, 245519408500, vstest.console.dll, TcpClientExtensions.MessageLoopAsync: NotifyDataAvailable remoteEndPoint: 127.0.0.1:62387 localEndPoint: 127.0.0.1:62386
TpTrace Verbose: 0 : 41056, 13, 2022/03/11, 14:41:54.275, 245519409538, vstest.console.dll, TestRequestSender.OnExecutionMessageReceived: Received message: {"Version":5,"MessageType":"TestSession.Message","Payload":{"MessageLevel":0,"Message":"[xUnit.net 00:00:02.51]   Finished:    HtmlToJson"}}
TpTrace Verbose: 0 : 41056, 13, 2022/03/11, 14:41:54.276, 245519410840, vstest.console.dll, TestRunRequest:SendTestRunMessage: Starting.
TpTrace Information: 0 : 41056, 13, 2022/03/11, 14:41:54.276, 245519411625, vstest.console.dll, TestRunRequest:SendTestRunMessage: Completed.
TpTrace Verbose: 0 : 41056, 13, 2022/03/11, 14:41:54.276, 245519412010, vstest.console.dll, TcpClientExtensions.MessageLoopAsync: Polling on remoteEndPoint: 127.0.0.1:62387 localEndPoint: 127.0.0.1:62386
TpTrace Verbose: 0 : 41056, 13, 2022/03/11, 14:41:54.296, 245519617475, vstest.console.dll, TcpClientExtensions.MessageLoopAsync: NotifyDataAvailable remoteEndPoint: 127.0.0.1:62387 localEndPoint: 127.0.0.1:62386
TpTrace Verbose: 0 : 41056, 13, 2022/03/11, 14:41:54.296, 245519619952, vstest.console.dll, TestRequestSender.OnExecutionMessageReceived: Received message: {"Version":5,"MessageType":"TestExecution.Completed","Payload":{"TestRunCompleteArgs":{"TestRunStatistics":{"ExecutedTests":4,"Stats":{"Passed":4}},"IsCanceled":false,"IsAborted":false,"Error":null,"AttachmentSets":[],"ElapsedTimeInRunningTests":"00:00:02.5294397","Metrics":{}},"LastRunTests":{"NewTestResults":[{"TestCase":{"Id":"bf7d33d3-214c-83be-f8c3-5b2dcf982c1f","FullyQualifiedName":"HtmlToJson.UnitTest1.GenerateRealJson","DisplayName":"HtmlToJson.UnitTest1.GenerateRealJson","ExecutorUri":"executor://xunit/VsTestRunner2/netcoreapp","Source":"D:\\Estudio\\Ejercicios\\tartaro\\.net\\HtmlToJson\\bin\\Debug\\net5.0\\fine-code-coverage\\build-output\\HtmlToJson.dll","CodeFilePath":null,"LineNumber":0,"Properties":[]},"Attachments":[],"Outcome":1,"ErrorMessage":null,"ErrorStackTrace":null,"DisplayName":"HtmlToJson.UnitTest1.GenerateRealJson","Messages":[{"Category":"StdOutMsgs","Text":"{\"NodeType\":\"Element\",\"Tag\":\"body\",\"Text\":null,\"Attr\":{},\"Children\":[{\"NodeType\":\"Element\",\"Tag\":\"p\",\"Text\":\"Recibe un auto sustituto por 10 das en prdidas parciales y 20 das en prdidas totales, cuando el valor del siniestro sea mayor a $1.000 y la reparacin de tu auto supere los 3 das. La gama del auto sustituto depender del valor asegurado de tu vehculo:\",\"Attr\":{},\"Children\":[]},{\"NodeType\":\"Element\",\"Tag\":\"ul\",\"Text\":null,\"Attr\":{},\"Children\":[{\"NodeType\":\"Element\",\"Tag\":\"li\",\"Text\":\"Vehculos con un valor asegurado de $0 a $20.000: Gama baja.\",\"Attr\":{},\"Children\":[]},{\"NodeType\":\"Element\",\"Tag\":\"li\",\"Text\":\"Vehculos con un valor asegurado de $20.001 a $40.000: Gama media.\",\"Attr\":{},\"Children\":[]},{\"NodeType\":\"Element\",\"Tag\":\"li\",\"Text\":\"Vehculos con un valor asegurado de $40.001 en adelante: Gama alta.\",\"Attr\":{},\"Children\":[]}]}]}\r\n"}],"ComputerName":"NIGHTMARE-JPCH","Duration":"00:00:00.3375374","StartTime":"2022-03-11T19:41:54.2498787+00:00","EndTime":"2022-03-11T19:41:54.2499487+00:00","Properties":[]},{"TestCase":{"Id":"97966945-af54-9545-ebe5-265ed1632c63","FullyQualifiedName":"HtmlToJson.UnitTest1.GenerateJson_WithComplexHtml_GeneratedJson","DisplayName":"HtmlToJson.UnitTest1.GenerateJson_WithComplexHtml_GeneratedJson","ExecutorUri":"executor://xunit/VsTestRunner2/netcoreapp","Source":"D:\\Estudio\\Ejercicios\\tartaro\\.net\\HtmlToJson\\bin\\Debug\\net5.0\\fine-code-coverage\\build-output\\HtmlToJson.dll","CodeFilePath":null,"LineNumber":0,"Properties":[]},"Attachments":[],"Outcome":1,"ErrorMessage":null,"ErrorStackTrace":null,"DisplayName":"HtmlToJson.UnitTest1.GenerateJson_WithComplexHtml_GeneratedJson","Messages":[{"Category":"StdOutMsgs","Text":"{\"NodeType\":\"Element\",\"Tag\":\"body\",\"Text\":null,\"Attr\":{},\"Children\":[{\"NodeType\":\"Element\",\"Tag\":\"p\",\"Text\":\"Recibe un auto <strong>sustituto </strong>por 10 das en prdidas <a href='http://www.google.com'>parciales</a> y 20 das en prdidas totales, cuando el valor del siniestro sea mayor a $1.000 y la reparacin de tu auto supere los 3 das. La gama del auto sustituto depender del valor asegurado de tu vehculo:\",\"Attr\":{},\"Children\":[]},{\"NodeType\":\"Element\",\"Tag\":\"p\",\"Text\":\"<img src='https://static.remove.bg/remove-bg-web/6c5ea334216f9ded64486efb0e2a4421757cbce5/assets/start_remove-c851bdf8d3127a24e2d137a55b1b427378cd17385b01aec6e59d5d4b5f39d2ec.png' alt='asdfasdfasf' width='600' height='400' />\",\"Attr\":{},\"Children\":[]},{\"NodeType\":\"Element\",\"Tag\":\"p\",\"Text\":\"Recibe un auto <strong>sustituto </strong>por 10 das en prdidas <a href='http://www.google.com'>parciales</a> y 20 das en prdidas totales, cuando el valor del <em>siniestro</em> sea mayor a $1.000 y la <em><strong>reparacin</strong> </em>de tu auto supere los 3 das. La gama del auto sustituto depender del valor asegurado de tu vehculo:\",\"Attr\":{},\"Children\":[]},{\"NodeType\":\"Element\",\"Tag\":\"ul\",\"Text\":null,\"Attr\":{},\"Children\":[{\"NodeType\":\"Element\",\"Tag\":\"li\",\"Text\":\"Vehculos con un valor asegurado de $0 a $20.000: Gama baja.\",\"Attr\":{},\"Children\":[]},{\"NodeType\":\"Element\",\"Tag\":\"li\",\"Text\":\"Vehculos con un valor asegurado de $20.001 a $40.000: Gama media.\",\"Attr\":{},\"Children\":[]},{\"NodeType\":\"Element\",\"Tag\":\"li\",\"Text\":\"Vehculos con un valor asegurado de $40.001 en adelante: Gama alta.\",\"Attr\":{},\"Children\":[]}]},{\"NodeType\":\"Element\",\"Tag\":\"h4\",\"Text\":\"Tabla de Responsabilidad Civil\",\"Attr\":{},\"Children\":[]},{\"NodeType\":\"Element\",\"Tag\":\"table\",\"Text\":null,\"Attr\":{},\"Children\":[{\"NodeType\":\"Element\",\"Tag\":\"tbody\",\"Text\":null,\"Attr\":{},\"Children\":[{\"NodeType\":\"Element\",\"Tag\":\"tr\",\"Text\":null,\"Attr\":{},\"Children\":[{\"NodeType\":\"Element\",\"Tag\":\"td\",\"Text\":\"Valor asegurado del vehculo\",\"Attr\":{},\"Children\":[]},{\"NodeType\":\"Element\",\"Tag\":\"td\",\"Text\":\"Lmite Responsabilidad Civil\",\"Attr\":{},\"Children\":[]}]},{\"NodeType\":\"Element\",\"Tag\":\"tr\",\"Text\":null,\"Attr\":{},\"Children\":[{\"NodeType\":\"Element\",\"Tag\":\"td\",\"Text\":\"Menor o igual a $15000\",\"Attr\":{},\"Children\":[]},{\"NodeType\":\"Element\",\"Tag\":\"td\",\"Text\":\"Hasta $15000\",\"Attr\":{},\"Children\":[]}]},{\"NodeType\":\"Element\",\"Tag\":\"tr\",\"Text\":null,\"Attr\":{},\"Children\":[{\"NodeType\":\"Element\",\"Tag\":\"td\",\"Text\":\"Entre $15001 y $20000\",\"Attr\":{},\"Children\":[]},{\"NodeType\":\"Element\",\"Tag\":\"td\",\"Text\":\"Hasta $20000\",\"Attr\":{},\"Children\":[]}]},{\"NodeType\":\"Element\",\"Tag\":\"tr\",\"Text\":null,\"Attr\":{},\"Children\":[{\"NodeType\":\"Element\",\"Tag\":\"td\",\"Text\":\"Entre $15001 y $20000\",\"Attr\":{},\"Children\":[]},{\"NodeType\":\"Element\",\"Tag\":\"td\",\"Text\":\"Hasta $20000\",\"Attr\":{},\"Children\":[]}]},{\"NodeType\":\"Element\",\"Tag\":\"tr\",\"Text\":null,\"Attr\":{},\"Children\":[{\"NodeType\":\"Element\",\"Tag\":\"td\",\"Text\":\"Entre $15001 y $20000\",\"Attr\":{},\"Children\":[]},{\"NodeType\":\"Element\",\"Tag\":\"td\",\"Text\":\"Hasta $20000\",\"Attr\":{},\"Children\":[]}]},{\"NodeType\":\"Element\",\"Tag\":\"tr\",\"Text\":null,\"Attr\":{},\"Children\":[{\"NodeType\":\"Element\",\"Tag\":\"td\",\"Text\":\"Entre $15001 y $20000\",\"Attr\":{},\"Children\":[]},{\"NodeType\":\"Element\",\"Tag\":\"td\",\"Text\":\"Hasta $20000\",\"Attr\":{},\"Children\":[]}]},{\"NodeType\":\"Element\",\"Tag\":\"tr\",\"Text\":null,\"Attr\":{},\"Children\":[{\"NodeType\":\"Element\",\"Tag\":\"td\",\"Text\":\"Entre $15001 y $20000\",\"Attr\":{},\"Children\":[]},{\"NodeType\":\"Element\",\"Tag\":\"td\",\"Text\":\"Hasta $20000\",\"Attr\":{},\"Children\":[]}]}]}]}]}\r\n"}],"ComputerName":"NIGHTMARE-JPCH","Duration":"00:00:00.0064369","StartTime":"2022-03-11T19:41:54.2698458+00:00","EndTime":"2022-03-11T19:41:54.2698468+00:00","Properties":[]},{"TestCase":{"Id":"c06c28ab-6b5e-3b92-bdaa-e7eaa9795e19","FullyQualifiedName":"HtmlToJson.UnitTest1.GenerateJson_WithSimpleHtml_GeneratedJson","DisplayName":"HtmlToJson.UnitTest1.GenerateJson_WithSimpleHtml_GeneratedJson","ExecutorUri":"executor://xunit/VsTestRunner2/netcoreapp","Source":"D:\\Estudio\\Ejercicios\\tartaro\\.net\\HtmlToJson\\bin\\Debug\\net5.0\\fine-code-coverage\\build-output\\HtmlToJson.dll","CodeFilePath":null,"LineNumber":0,"Properties":[]},"Attachments":[],"Outcome":1,"ErrorMessage":null,"ErrorStackTrace":null,"DisplayName":"HtmlToJson.UnitTest1.GenerateJson_WithSimpleHtml_GeneratedJson","Messages":[{"Category":"StdOutMsgs","Text":"{\"NodeType\":\"Element\",\"Tag\":\"body\",\"Text\":null,\"Attr\":{},\"Children\":[{\"NodeType\":\"Element\",\"Tag\":\"p\",\"Text\":\"Tu auto est totalmente cubierto ante cualquier dao parcial o total, ya sea por accidente o robo. Adems tambin cuentas con esta proteccin en toda la Comunidad Andina, es decir en Bolivia, Colombia y Per.\",\"Attr\":{},\"Children\":[]}]}\r\n"}],"ComputerName":"NIGHTMARE-JPCH","Duration":"00:00:00.0011504","StartTime":"2022-03-11T19:41:54.2714391+00:00","EndTime":"2022-03-11T19:41:54.2714399+00:00","Properties":[]},{"TestCase":{"Id":"b2dffd0c-5acb-cef3-bb09-aa9ba8276b48","FullyQualifiedName":"HtmlToJson.UnitTest1.GenerateJson_WithNonHtml_GeneratedJson","DisplayName":"HtmlToJson.UnitTest1.GenerateJson_WithNonHtml_GeneratedJson","ExecutorUri":"executor://xunit/VsTestRunner2/netcoreapp","Source":"D:\\Estudio\\Ejercicios\\tartaro\\.net\\HtmlToJson\\bin\\Debug\\net5.0\\fine-code-coverage\\build-output\\HtmlToJson.dll","CodeFilePath":null,"LineNumber":0,"Properties":[]},"Attachments":[],"Outcome":1,"ErrorMessage":null,"ErrorStackTrace":null,"DisplayName":"HtmlToJson.UnitTest1.GenerateJson_WithNonHtml_GeneratedJson","Messages":[{"Category":"StdOutMsgs","Text":"{\"NodeType\":\"Element\",\"Tag\":\"body\",\"Text\":\"Tu auto est totalmente cubierto ante cualquier dao parcial o total, ya sea por accidente o robo. Adems tambin cuentas con esta proteccin en toda la Comunidad Andina, es decir en Bolivia, Colombia y Per.\",\"Attr\":{},\"Children\":[]}\r\n"}],"ComputerName":"NIGHTMARE-JPCH","Duration":"00:00:00.0014869","StartTime":"2022-03-11T19:41:54.2735694+00:00","EndTime":"2022-03-11T19:41:54.2735702+00:00","Properties":[]}],"TestRunStatistics":{"ExecutedTests":4,"Stats":{"Passed":4}},"ActiveTests":[]},"RunAttachments":[],"ExecutorUris":["executor://xunit/VsTestRunner2/netcoreapp"]}}
TpTrace Verbose: 0 : 41056, 13, 2022/03/11, 14:41:54.300, 245519652609, vstest.console.dll, TestRequestSender.EndSession: Sending end session.
TpTrace Verbose: 0 : 41056, 13, 2022/03/11, 14:41:54.300, 245519654219, vstest.console.dll, ProxyOperationManager.Close: waiting for test host to exit for 100 ms
TpTrace Warning: 0 : 41056, 12, 2022/03/11, 14:41:54.322, 245519876470, vstest.console.dll, TestHostManagerCallbacks.ErrorReceivedCallback Test host standard error line: 
TpTrace Verbose: 0 : 41056, 7, 2022/03/11, 14:41:54.333, 245519988745, vstest.console.dll, TestHostProvider.ExitCallBack: Host exited starting callback.
TpTrace Information: 0 : 41056, 7, 2022/03/11, 14:41:54.334, 245519993605, vstest.console.dll, TestHostManagerCallbacks.ExitCallBack: Testhost processId: 44636 exited with exitcode: 0 error: ''
TpTrace Verbose: 0 : 41056, 7, 2022/03/11, 14:41:54.334, 245519994328, vstest.console.dll, DotnetTestHostManager.OnHostExited: invoking OnHostExited callback
TpTrace Verbose: 0 : 41056, 7, 2022/03/11, 14:41:54.334, 245519994835, vstest.console.dll, CrossPlatEngine.TestHostManagerHostExited: calling on client process exit callback.
TpTrace Information: 0 : 41056, 7, 2022/03/11, 14:41:54.334, 245519995399, vstest.console.dll, TestRequestSender.OnClientProcessExit: Test host process exited. Standard error: 
TpTrace Warning: 0 : 41056, 13, 2022/03/11, 14:41:54.334, 245519995551, vstest.console.dll, ProxyOperationManager: Timed out waiting for test host to exit. Will terminate process.
TpTrace Information: 0 : 41056, 7, 2022/03/11, 14:41:54.334, 245519995884, vstest.console.dll, SocketServer.Stop: Stop server endPoint: 127.0.0.1:62386
TpTrace Information: 0 : 41056, 7, 2022/03/11, 14:41:54.334, 245519996916, vstest.console.dll, SocketServer.Stop: Cancellation requested. Stopping message loop.
TpTrace Verbose: 0 : 41056, 13, 2022/03/11, 14:41:54.335, 245520002230, vstest.console.dll, ProxyDataCollectionManager.InvokeDataCollectionServiceAction: Starting.
TpTrace Information: 0 : 41056, 13, 2022/03/11, 14:41:54.335, 245520002832, vstest.console.dll, ProxyDataCollectionManager.AfterTestRunEnd: Get attachment set for datacollector processId: 4700 port: 62383
TpTrace Verbose: 0 : 41056, 13, 2022/03/11, 14:41:54.335, 245520003381, vstest.console.dll, DataCollectionRequestSender.SendAfterTestRunStartAndGetResult : Send AfterTestRunEnd message with isCancelled: False
TpTrace Verbose: 0 : 41056, 13, 2022/03/11, 14:41:54.338, 245520037919, vstest.console.dll, DataCollectionRequestSender.SendAfterTestRunStartAndGetResult : Received message: (DataCollection.AfterTestRunEndResult) -> {
  "AttachmentSets": [],
  "Metrics": {}
}
TpTrace Information: 0 : 41056, 13, 2022/03/11, 14:41:54.341, 245520065314, vstest.console.dll, ProxyDataCollectionManager.InvokeDataCollectionServiceAction: Completed.
TpTrace Warning: 0 : 41056, 9, 2022/03/11, 14:41:54.344, 245520098125, vstest.console.dll, DataCollectionLauncher.ErrorReceivedCallback datacollector standard error line: 
TpTrace Information: 0 : 41056, 7, 2022/03/11, 14:41:54.348, 245520137108, vstest.console.dll, DataCollectionLauncher.ExitCallBack: Data collector exited with exitcode: 0 error: ''
TpTrace Verbose: 0 : 41056, 13, 2022/03/11, 14:41:54.370, 245520354810, vstest.console.dll, TestRunRequest:SendTestRunStatsChange: Starting.
TpTrace Information: 0 : 41056, 13, 2022/03/11, 14:41:54.370, 245520356721, vstest.console.dll, TestRunRequest:SendTestRunStatsChange: Completed.
TpTrace Verbose: 0 : 41056, 13, 2022/03/11, 14:41:54.370, 245520358277, vstest.console.dll, ParallelProxyExecutionManager: HandlePartialRunComplete: Total completed clients = 1, Run complete = True, Run canceled: False.
TpTrace Verbose: 0 : 41056, 13, 2022/03/11, 14:41:54.392, 245520574177, vstest.console.dll, TestRunRequest:TestRunComplete: Starting. IsAborted:False IsCanceled:False.
TpTrace Verbose: 0 : 41056, 13, 2022/03/11, 14:41:54.392, 245520575869, vstest.console.dll, TestLoggerManager.HandleTestRunComplete: Ignoring as the object is disposed.
TpTrace Information: 0 : 41056, 13, 2022/03/11, 14:41:54.392, 245520578206, vstest.console.dll, TestRunRequest:TestRunComplete: Completed.
TpTrace Verbose: 0 : 41056, 13, 2022/03/11, 14:41:54.392, 245520578763, vstest.console.dll, TestRequestSender.SetOperationComplete: Setting operation complete.
TpTrace Verbose: 0 : 41056, 1, 2022/03/11, 14:41:54.392, 245520578752, vstest.console.dll, TestRunRequest.Dispose: Starting.
TpTrace Information: 0 : 41056, 13, 2022/03/11, 14:41:54.392, 245520579198, vstest.console.dll, SocketServer.Stop: Stop server endPoint: 127.0.0.1:62386
TpTrace Information: 0 : 41056, 1, 2022/03/11, 14:41:54.392, 245520579989, vstest.console.dll, TestRunRequest.Dispose: Completed.
TpTrace Information: 0 : 41056, 13, 2022/03/11, 14:41:54.393, 245520580553, vstest.console.dll, SocketServer.Stop: Cancellation requested. Stopping message loop.
TpTrace Information: 0 : 41056, 13, 2022/03/11, 14:41:54.393, 245520581632, vstest.console.dll, SocketServer.PrivateStop: Stop server endPoint: 127.0.0.1:62386 error: 
TpTrace Information: 0 : 41056, 1, 2022/03/11, 14:41:54.393, 245520581189, vstest.console.dll, TestRequestManager.RunTests: run tests completed.
TpTrace Information: 0 : 41056, 1, 2022/03/11, 14:41:54.393, 245520583013, vstest.console.dll, RunTestsArgumentProcessor:Execute: Test run is completed.
TpTrace Verbose: 0 : 41056, 1, 2022/03/11, 14:41:54.393, 245520584562, vstest.console.dll, Executor.Execute: Exiting with exit code of 0
TpTrace Verbose: 0 : 41056, 13, 2022/03/11, 14:41:54.393, 245520586964, vstest.console.dll, LengthPrefixCommunicationChannel.Dispose: Dispose reader and writer.
TpTrace Information: 0 : 41056, 13, 2022/03/11, 14:41:54.393, 245520587751, vstest.console.dll, SocketServer.Stop: Raise disconnected event endPoint: 127.0.0.1:62386 error: 
TpTrace Verbose: 0 : 41056, 13, 2022/03/11, 14:41:54.393, 245520588414, vstest.console.dll, TestRequestSender: OnTestRunAbort: Operation is already complete. Skip error message.
TpTrace Verbose: 0 : 41056, 13, 2022/03/11, 14:41:54.393, 245520588804, vstest.console.dll, TcpClientExtensions.MessageLoopAsync: exiting MessageLoopAsync remoteEndPoint: 127.0.0.1:62387 localEndPoint: 127.0.0.1:62386
