TpTrace Verbose: 0 : 37120, 1, 2022/03/22, 09:28:26.915, 48121208614, vstest.console.dll, Version: 16.11.0
TpTrace Information: 0 : 37120, 1, 2022/03/22, 09:28:26.925, 48121291742, vstest.console.dll, FilePatternParser: The given file D:\Estudio\Ejercicios\tartaro\.net\RSA2048Test\bin\Debug\net5.0\fine-code-coverage\build-output\RSA2048Test.dll is a full path.
TpTrace Verbose: 0 : 37120, 1, 2022/03/22, 09:28:26.934, 48121376336, vstest.console.dll, TestPluginCache.DiscoverTestExtensions: finding test extensions in assemblies ends with: RuntimeProvider.dll TPluginInfo: Microsoft.VisualStudio.TestPlatform.Common.ExtensionFramework.Utilities.TestRuntimePluginInformation TExtension: Microsoft.VisualStudio.TestPlatform.ObjectModel.Host.ITestRuntimeProvider
TpTrace Verbose: 0 : 37120, 1, 2022/03/22, 09:28:26.935, 48121385850, vstest.console.dll, TestPluginCache.GetExtensionPaths: Filtered extension paths: 
TpTrace Verbose: 0 : 37120, 1, 2022/03/22, 09:28:26.935, 48121387079, vstest.console.dll, TestPluginCache.GetExtensionPaths: Added default extension paths: C:\Program Files\dotnet\sdk\5.0.406\Extensions\Microsoft.Diagnostics.NETCore.Client.dll
C:\Program Files\dotnet\sdk\5.0.406\Extensions\Microsoft.TestPlatform.Extensions.BlameDataCollector.dll
C:\Program Files\dotnet\sdk\5.0.406\Extensions\Microsoft.TestPlatform.Extensions.EventLogCollector.dll
C:\Program Files\dotnet\sdk\5.0.406\Extensions\Microsoft.TestPlatform.TestHostRuntimeProvider.dll
C:\Program Files\dotnet\sdk\5.0.406\Extensions\Microsoft.VisualStudio.TestPlatform.Extensions.Html.TestLogger.dll
C:\Program Files\dotnet\sdk\5.0.406\Extensions\Microsoft.VisualStudio.TestPlatform.Extensions.Trx.TestLogger.dll
TpTrace Verbose: 0 : 37120, 1, 2022/03/22, 09:28:26.935, 48121387579, vstest.console.dll, TestPluginCache.GetExtensionPaths: Added unfilterableExtensionPaths: 
TpTrace Information: 0 : 37120, 1, 2022/03/22, 09:28:26.936, 48121395681, vstest.console.dll, AssemblyResolver.ctor: Creating AssemblyResolver with searchDirectories C:\Program Files\dotnet\sdk\5.0.406\Extensions,C:\Program Files\dotnet\sdk\5.0.406
TpTrace Verbose: 0 : 37120, 1, 2022/03/22, 09:28:26.937, 48121407782, vstest.console.dll, TestPluginCache.DiscoverTestExtensions: Discovering the extensions using extension path.
TpTrace Verbose: 0 : 37120, 1, 2022/03/22, 09:28:26.937, 48121408983, vstest.console.dll, TestPluginCache.GetExtensionPaths: Filtered extension paths: 
TpTrace Verbose: 0 : 37120, 1, 2022/03/22, 09:28:26.937, 48121409540, vstest.console.dll, TestPluginCache.GetExtensionPaths: Added default extension paths: C:\Program Files\dotnet\sdk\5.0.406\Extensions\Microsoft.Diagnostics.NETCore.Client.dll
C:\Program Files\dotnet\sdk\5.0.406\Extensions\Microsoft.TestPlatform.Extensions.BlameDataCollector.dll
C:\Program Files\dotnet\sdk\5.0.406\Extensions\Microsoft.TestPlatform.Extensions.EventLogCollector.dll
C:\Program Files\dotnet\sdk\5.0.406\Extensions\Microsoft.TestPlatform.TestHostRuntimeProvider.dll
C:\Program Files\dotnet\sdk\5.0.406\Extensions\Microsoft.VisualStudio.TestPlatform.Extensions.Html.TestLogger.dll
C:\Program Files\dotnet\sdk\5.0.406\Extensions\Microsoft.VisualStudio.TestPlatform.Extensions.Trx.TestLogger.dll
TpTrace Verbose: 0 : 37120, 1, 2022/03/22, 09:28:26.937, 48121409940, vstest.console.dll, TestPluginCache.GetExtensionPaths: Added unfilterableExtensionPaths: 
TpTrace Verbose: 0 : 37120, 1, 2022/03/22, 09:28:26.937, 48121410669, vstest.console.dll, TestPluginCache.DiscoverTestExtensions: Discovering the extensions using allExtensionPaths: C:\Program Files\dotnet\sdk\5.0.406\Extensions\Microsoft.Diagnostics.NETCore.Client.dll
C:\Program Files\dotnet\sdk\5.0.406\Extensions\Microsoft.TestPlatform.Extensions.BlameDataCollector.dll
C:\Program Files\dotnet\sdk\5.0.406\Extensions\Microsoft.TestPlatform.Extensions.EventLogCollector.dll
C:\Program Files\dotnet\sdk\5.0.406\Extensions\Microsoft.TestPlatform.TestHostRuntimeProvider.dll
C:\Program Files\dotnet\sdk\5.0.406\Extensions\Microsoft.VisualStudio.TestPlatform.Extensions.Html.TestLogger.dll
C:\Program Files\dotnet\sdk\5.0.406\Extensions\Microsoft.VisualStudio.TestPlatform.Extensions.Trx.TestLogger.dll
TpTrace Information: 0 : 37120, 1, 2022/03/22, 09:28:26.937, 48121412194, vstest.console.dll, AssemblyResolver.AddSearchDirectories: Adding more searchDirectories C:\Program Files\dotnet\sdk\5.0.406\Extensions,C:\Program Files\dotnet\sdk\5.0.406
TpTrace Information: 0 : 37120, 1, 2022/03/22, 09:28:26.937, 48121412973, vstest.console.dll, AssemblyResolver.AddSearchDirectories: Adding more searchDirectories C:\Program Files\dotnet\sdk\5.0.406\Extensions,C:\Program Files\dotnet\sdk\5.0.406
TpTrace Information: 0 : 37120, 1, 2022/03/22, 09:28:26.937, 48121413465, vstest.console.dll, AssemblyResolver.AddSearchDirectories: Adding more searchDirectories C:\Program Files\dotnet\sdk\5.0.406\Extensions,C:\Program Files\dotnet\sdk\5.0.406
TpTrace Information: 0 : 37120, 1, 2022/03/22, 09:28:26.937, 48121413856, vstest.console.dll, AssemblyResolver.AddSearchDirectories: Adding more searchDirectories C:\Program Files\dotnet\sdk\5.0.406\Extensions,C:\Program Files\dotnet\sdk\5.0.406
TpTrace Information: 0 : 37120, 1, 2022/03/22, 09:28:26.937, 48121414287, vstest.console.dll, AssemblyResolver.AddSearchDirectories: Adding more searchDirectories C:\Program Files\dotnet\sdk\5.0.406\Extensions,C:\Program Files\dotnet\sdk\5.0.406
TpTrace Information: 0 : 37120, 1, 2022/03/22, 09:28:26.937, 48121414661, vstest.console.dll, AssemblyResolver.AddSearchDirectories: Adding more searchDirectories C:\Program Files\dotnet\sdk\5.0.406\Extensions,C:\Program Files\dotnet\sdk\5.0.406
TpTrace Information: 0 : 37120, 1, 2022/03/22, 09:28:26.938, 48121418001, vstest.console.dll, AssemblyResolver.OnResolve: Microsoft.Diagnostics.NETCore.Client: Resolving assembly.
TpTrace Information: 0 : 37120, 1, 2022/03/22, 09:28:26.938, 48121418740, vstest.console.dll, AssemblyResolver.OnResolve: Microsoft.Diagnostics.NETCore.Client: Searching in: 'C:\Program Files\dotnet\sdk\5.0.406\Extensions'.
TpTrace Information: 0 : 37120, 1, 2022/03/22, 09:28:26.939, 48121426117, vstest.console.dll, AssemblyResolver.OnResolve: Microsoft.Diagnostics.NETCore.Client: Loading assembly 'C:\Program Files\dotnet\sdk\5.0.406\Extensions\Microsoft.Diagnostics.NETCore.Client.dll'.
TpTrace Information: 0 : 37120, 1, 2022/03/22, 09:28:26.940, 48121436008, vstest.console.dll, AssemblyResolver.OnResolve: Resolved assembly: Microsoft.Diagnostics.NETCore.Client, from path: C:\Program Files\dotnet\sdk\5.0.406\Extensions\Microsoft.Diagnostics.NETCore.Client.dll
TpTrace Information: 0 : 37120, 1, 2022/03/22, 09:28:26.943, 48121468532, vstest.console.dll, AssemblyResolver.OnResolve: Microsoft.Bcl.AsyncInterfaces: Resolving assembly.
TpTrace Information: 0 : 37120, 1, 2022/03/22, 09:28:26.943, 48121469337, vstest.console.dll, AssemblyResolver.OnResolve: Microsoft.Bcl.AsyncInterfaces: Searching in: 'C:\Program Files\dotnet\sdk\5.0.406\Extensions'.
TpTrace Information: 0 : 37120, 1, 2022/03/22, 09:28:26.943, 48121470539, vstest.console.dll, AssemblyResolver.OnResolve: Microsoft.Bcl.AsyncInterfaces: Assembly path does not exist: 'C:\Program Files\dotnet\sdk\5.0.406\Extensions\Microsoft.Bcl.AsyncInterfaces.dll', returning.
TpTrace Information: 0 : 37120, 1, 2022/03/22, 09:28:26.943, 48121471624, vstest.console.dll, AssemblyResolver.OnResolve: Microsoft.Bcl.AsyncInterfaces: Assembly path does not exist: 'C:\Program Files\dotnet\sdk\5.0.406\Extensions\Microsoft.Bcl.AsyncInterfaces.exe', returning.
TpTrace Information: 0 : 37120, 1, 2022/03/22, 09:28:26.943, 48121472325, vstest.console.dll, AssemblyResolver.OnResolve: Microsoft.Bcl.AsyncInterfaces: Searching in: 'C:\Program Files\dotnet\sdk\5.0.406'.
TpTrace Information: 0 : 37120, 1, 2022/03/22, 09:28:26.943, 48121473433, vstest.console.dll, AssemblyResolver.OnResolve: Microsoft.Bcl.AsyncInterfaces: Assembly path does not exist: 'C:\Program Files\dotnet\sdk\5.0.406\Microsoft.Bcl.AsyncInterfaces.dll', returning.
TpTrace Information: 0 : 37120, 1, 2022/03/22, 09:28:26.943, 48121474387, vstest.console.dll, AssemblyResolver.OnResolve: Microsoft.Bcl.AsyncInterfaces: Assembly path does not exist: 'C:\Program Files\dotnet\sdk\5.0.406\Microsoft.Bcl.AsyncInterfaces.exe', returning.
TpTrace Information: 0 : 37120, 1, 2022/03/22, 09:28:26.943, 48121475389, vstest.console.dll, AssemblyResolver.OnResolve: Microsoft.Bcl.AsyncInterfaces: Failed to load assembly.
TpTrace Verbose: 0 : 37120, 1, 2022/03/22, 09:28:26.944, 48121475943, vstest.console.dll, CurrentDomainAssemblyResolve: Resolving assembly 'Microsoft.Bcl.AsyncInterfaces'.
TpTrace Information: 0 : 37120, 1, 2022/03/22, 09:28:26.944, 48121476674, vstest.console.dll, AssemblyResolver.OnResolve: Microsoft.Bcl.AsyncInterfaces: Resolving assembly.
TpTrace Information: 0 : 37120, 1, 2022/03/22, 09:28:26.944, 48121477151, vstest.console.dll, AssemblyResolver.OnResolve: Microsoft.Bcl.AsyncInterfaces: Resolved from cache.
TpTrace Verbose: 0 : 37120, 1, 2022/03/22, 09:28:26.944, 48121477547, vstest.console.dll, CurrentDomainAssemblyResolve: Resolving assembly 'Microsoft.Bcl.AsyncInterfaces'.
TpTrace Verbose: 0 : 37120, 1, 2022/03/22, 09:28:26.944, 48121478047, vstest.console.dll, CurrentDomainAssemblyResolve: Failed to resolve assembly 'Microsoft.Bcl.AsyncInterfaces'.
TpTrace Verbose: 0 : 37120, 1, 2022/03/22, 09:28:26.945, 48121491079, vstest.console.dll, CurrentDomainAssemblyResolve: Failed to resolve assembly 'Microsoft.Bcl.AsyncInterfaces'.
TpTrace Warning: 0 : 37120, 1, 2022/03/22, 09:28:26.964, 48121683355, vstest.console.dll, TestPluginDiscoverer: Failed to get types from assembly 'Microsoft.Diagnostics.NETCore.Client, Version=0.2.2.41902, Culture=neutral, PublicKeyToken=31bf3856ad364e35'.  Skipping test extension scan for this assembly.  Error: System.Reflection.ReflectionTypeLoadException: Unable to load one or more of the requested types.
Could not load file or assembly 'Microsoft.Bcl.AsyncInterfaces, Version=1.0.0.0, Culture=neutral, PublicKeyToken=cc7b13ffcd2ddd51'. El sistema no puede encontrar el archivo especificado.
   at System.Reflection.RuntimeModule.GetTypes(RuntimeModule module)
   at System.Reflection.RuntimeModule.GetTypes()
   at System.Reflection.Assembly.GetTypes()
   at Microsoft.VisualStudio.TestPlatform.Common.ExtensionFramework.TestPluginDiscoverer.GetTestExtensionsFromAssembly[TPluginInfo,TExtension](Assembly assembly, Dictionary`2 pluginInfos)
System.IO.FileNotFoundException: Could not load file or assembly 'Microsoft.Bcl.AsyncInterfaces, Version=1.0.0.0, Culture=neutral, PublicKeyToken=cc7b13ffcd2ddd51'. El sistema no puede encontrar el archivo especificado.
File name: 'Microsoft.Bcl.AsyncInterfaces, Version=1.0.0.0, Culture=neutral, PublicKeyToken=cc7b13ffcd2ddd51'
TpTrace Warning: 0 : 37120, 1, 2022/03/22, 09:28:26.964, 48121684630, vstest.console.dll, LoaderExceptions: System.IO.FileNotFoundException: Could not load file or assembly 'Microsoft.Bcl.AsyncInterfaces, Version=1.0.0.0, Culture=neutral, PublicKeyToken=cc7b13ffcd2ddd51'. El sistema no puede encontrar el archivo especificado.
File name: 'Microsoft.Bcl.AsyncInterfaces, Version=1.0.0.0, Culture=neutral, PublicKeyToken=cc7b13ffcd2ddd51'
TpTrace Information: 0 : 37120, 1, 2022/03/22, 09:28:26.965, 48121685795, vstest.console.dll, AssemblyResolver.OnResolve: Microsoft.TestPlatform.Extensions.BlameDataCollector: Resolving assembly.
TpTrace Information: 0 : 37120, 1, 2022/03/22, 09:28:26.965, 48121686300, vstest.console.dll, AssemblyResolver.OnResolve: Microsoft.TestPlatform.Extensions.BlameDataCollector: Searching in: 'C:\Program Files\dotnet\sdk\5.0.406\Extensions'.
TpTrace Information: 0 : 37120, 1, 2022/03/22, 09:28:26.965, 48121692610, vstest.console.dll, AssemblyResolver.OnResolve: Microsoft.TestPlatform.Extensions.BlameDataCollector: Loading assembly 'C:\Program Files\dotnet\sdk\5.0.406\Extensions\Microsoft.TestPlatform.Extensions.BlameDataCollector.dll'.
TpTrace Information: 0 : 37120, 1, 2022/03/22, 09:28:26.966, 48121702389, vstest.console.dll, AssemblyResolver.OnResolve: Resolved assembly: Microsoft.TestPlatform.Extensions.BlameDataCollector, from path: C:\Program Files\dotnet\sdk\5.0.406\Extensions\Microsoft.TestPlatform.Extensions.BlameDataCollector.dll
TpTrace Information: 0 : 37120, 1, 2022/03/22, 09:28:26.967, 48121708155, vstest.console.dll, AssemblyResolver.OnResolve: Microsoft.TestPlatform.Extensions.EventLogCollector: Resolving assembly.
TpTrace Information: 0 : 37120, 1, 2022/03/22, 09:28:26.967, 48121708838, vstest.console.dll, AssemblyResolver.OnResolve: Microsoft.TestPlatform.Extensions.EventLogCollector: Searching in: 'C:\Program Files\dotnet\sdk\5.0.406\Extensions'.
TpTrace Information: 0 : 37120, 1, 2022/03/22, 09:28:26.967, 48121715168, vstest.console.dll, AssemblyResolver.OnResolve: Microsoft.TestPlatform.Extensions.EventLogCollector: Loading assembly 'C:\Program Files\dotnet\sdk\5.0.406\Extensions\Microsoft.TestPlatform.Extensions.EventLogCollector.dll'.
TpTrace Information: 0 : 37120, 1, 2022/03/22, 09:28:26.968, 48121723383, vstest.console.dll, AssemblyResolver.OnResolve: Resolved assembly: Microsoft.TestPlatform.Extensions.EventLogCollector, from path: C:\Program Files\dotnet\sdk\5.0.406\Extensions\Microsoft.TestPlatform.Extensions.EventLogCollector.dll
TpTrace Information: 0 : 37120, 1, 2022/03/22, 09:28:26.970, 48121743992, vstest.console.dll, AssemblyResolver.OnResolve: Microsoft.TestPlatform.TestHostRuntimeProvider: Resolving assembly.
TpTrace Information: 0 : 37120, 1, 2022/03/22, 09:28:26.970, 48121744735, vstest.console.dll, AssemblyResolver.OnResolve: Microsoft.TestPlatform.TestHostRuntimeProvider: Searching in: 'C:\Program Files\dotnet\sdk\5.0.406\Extensions'.
TpTrace Information: 0 : 37120, 1, 2022/03/22, 09:28:26.971, 48121751159, vstest.console.dll, AssemblyResolver.OnResolve: Microsoft.TestPlatform.TestHostRuntimeProvider: Loading assembly 'C:\Program Files\dotnet\sdk\5.0.406\Extensions\Microsoft.TestPlatform.TestHostRuntimeProvider.dll'.
TpTrace Information: 0 : 37120, 1, 2022/03/22, 09:28:26.972, 48121760203, vstest.console.dll, AssemblyResolver.OnResolve: Resolved assembly: Microsoft.TestPlatform.TestHostRuntimeProvider, from path: C:\Program Files\dotnet\sdk\5.0.406\Extensions\Microsoft.TestPlatform.TestHostRuntimeProvider.dll
TpTrace Information: 0 : 37120, 1, 2022/03/22, 09:28:26.973, 48121771162, vstest.console.dll, AssemblyResolver.OnResolve: Microsoft.VisualStudio.TestPlatform.Extensions.Html.TestLogger: Resolving assembly.
TpTrace Information: 0 : 37120, 1, 2022/03/22, 09:28:26.973, 48121771883, vstest.console.dll, AssemblyResolver.OnResolve: Microsoft.VisualStudio.TestPlatform.Extensions.Html.TestLogger: Searching in: 'C:\Program Files\dotnet\sdk\5.0.406\Extensions'.
TpTrace Information: 0 : 37120, 1, 2022/03/22, 09:28:26.974, 48121778218, vstest.console.dll, AssemblyResolver.OnResolve: Microsoft.VisualStudio.TestPlatform.Extensions.Html.TestLogger: Loading assembly 'C:\Program Files\dotnet\sdk\5.0.406\Extensions\Microsoft.VisualStudio.TestPlatform.Extensions.Html.TestLogger.dll'.
TpTrace Information: 0 : 37120, 1, 2022/03/22, 09:28:26.975, 48121788210, vstest.console.dll, AssemblyResolver.OnResolve: Resolved assembly: Microsoft.VisualStudio.TestPlatform.Extensions.Html.TestLogger, from path: C:\Program Files\dotnet\sdk\5.0.406\Extensions\Microsoft.VisualStudio.TestPlatform.Extensions.Html.TestLogger.dll
TpTrace Information: 0 : 37120, 1, 2022/03/22, 09:28:26.975, 48121791298, vstest.console.dll, AssemblyResolver.OnResolve: Microsoft.VisualStudio.TestPlatform.Extensions.Trx.TestLogger: Resolving assembly.
TpTrace Information: 0 : 37120, 1, 2022/03/22, 09:28:26.975, 48121791999, vstest.console.dll, AssemblyResolver.OnResolve: Microsoft.VisualStudio.TestPlatform.Extensions.Trx.TestLogger: Searching in: 'C:\Program Files\dotnet\sdk\5.0.406\Extensions'.
TpTrace Information: 0 : 37120, 1, 2022/03/22, 09:28:26.976, 48121799996, vstest.console.dll, AssemblyResolver.OnResolve: Microsoft.VisualStudio.TestPlatform.Extensions.Trx.TestLogger: Loading assembly 'C:\Program Files\dotnet\sdk\5.0.406\Extensions\Microsoft.VisualStudio.TestPlatform.Extensions.Trx.TestLogger.dll'.
TpTrace Information: 0 : 37120, 1, 2022/03/22, 09:28:26.977, 48121810941, vstest.console.dll, AssemblyResolver.OnResolve: Resolved assembly: Microsoft.VisualStudio.TestPlatform.Extensions.Trx.TestLogger, from path: C:\Program Files\dotnet\sdk\5.0.406\Extensions\Microsoft.VisualStudio.TestPlatform.Extensions.Trx.TestLogger.dll
TpTrace Verbose: 0 : 37120, 1, 2022/03/22, 09:28:26.978, 48121817291, vstest.console.dll, TestPluginCache: Discovered the extensions using extension path ''.
TpTrace Verbose: 0 : 37120, 1, 2022/03/22, 09:28:26.978, 48121817993, vstest.console.dll, TestPluginCache: Discoverers are ''.
TpTrace Verbose: 0 : 37120, 1, 2022/03/22, 09:28:26.978, 48121818374, vstest.console.dll, TestPluginCache: Executors are ''.
TpTrace Verbose: 0 : 37120, 1, 2022/03/22, 09:28:26.978, 48121818758, vstest.console.dll, TestPluginCache: Executors2 are ''.
TpTrace Verbose: 0 : 37120, 1, 2022/03/22, 09:28:26.978, 48121819071, vstest.console.dll, TestPluginCache: Setting providers are ''.
TpTrace Verbose: 0 : 37120, 1, 2022/03/22, 09:28:26.978, 48121819376, vstest.console.dll, TestPluginCache: Loggers are ''.
TpTrace Information: 0 : 37120, 1, 2022/03/22, 09:28:26.983, 48121870667, vstest.console.dll, RunTestsArgumentProcessor:Execute: Test run is starting.
TpTrace Verbose: 0 : 37120, 1, 2022/03/22, 09:28:26.983, 48121871791, vstest.console.dll, RunTestsArgumentProcessor:Execute: Queuing Test run.
TpTrace Information: 0 : 37120, 1, 2022/03/22, 09:28:26.983, 48121873689, vstest.console.dll, TestRequestManager.RunTests: run tests started.
TpTrace Information: 0 : 37120, 1, 2022/03/22, 09:28:26.986, 48121902586, vstest.console.dll, AssemblyMetadataProvider.GetFrameWork: Determined framework:'.NETCoreApp,Version=v5.0' for source: 'D:\Estudio\Ejercicios\tartaro\.net\RSA2048Test\bin\Debug\net5.0\fine-code-coverage\build-output\RSA2048Test.dll'
TpTrace Information: 0 : 37120, 1, 2022/03/22, 09:28:26.986, 48121904289, vstest.console.dll, Determined framework for all sources: .NETCoreApp,Version=v5.0
TpTrace Information: 0 : 37120, 1, 2022/03/22, 09:28:26.987, 48121908798, vstest.console.dll, AssemblyMetadataProvider.GetArchitecture: Determined architecture:AnyCPU info for assembly: D:\Estudio\Ejercicios\tartaro\.net\RSA2048Test\bin\Debug\net5.0\fine-code-coverage\build-output\RSA2048Test.dll
TpTrace Information: 0 : 37120, 1, 2022/03/22, 09:28:26.989, 48121926501, vstest.console.dll, Determined platform for all sources: X64
TpTrace Information: 0 : 37120, 1, 2022/03/22, 09:28:26.991, 48121952462, vstest.console.dll, Compatible sources list : 
TpTrace Information: 0 : 37120, 1, 2022/03/22, 09:28:26.991, 48121953538, vstest.console.dll, D:\Estudio\Ejercicios\tartaro\.net\RSA2048Test\bin\Debug\net5.0\fine-code-coverage\build-output\RSA2048Test.dll
TpTrace Information: 0 : 37120, 1, 2022/03/22, 09:28:26.993, 48121974288, vstest.console.dll, InferRunSettingsHelper.IsTestSettingsEnabled: Unable to navigate to RunSettings/MSTest. Current node: RunSettings
TpTrace Information: 0 : 37120, 1, 2022/03/22, 09:28:26.994, 48121980572, vstest.console.dll, AssemblyResolver.OnResolve: Microsoft.VisualStudio.TestPlatform.Fakes: Resolving assembly.
TpTrace Information: 0 : 37120, 1, 2022/03/22, 09:28:26.994, 48121981350, vstest.console.dll, AssemblyResolver.OnResolve: Microsoft.VisualStudio.TestPlatform.Fakes: Searching in: 'C:\Program Files\dotnet\sdk\5.0.406\Extensions'.
TpTrace Information: 0 : 37120, 1, 2022/03/22, 09:28:26.994, 48121982975, vstest.console.dll, AssemblyResolver.OnResolve: Microsoft.VisualStudio.TestPlatform.Fakes: Assembly path does not exist: 'C:\Program Files\dotnet\sdk\5.0.406\Extensions\Microsoft.VisualStudio.TestPlatform.Fakes.dll', returning.
TpTrace Information: 0 : 37120, 1, 2022/03/22, 09:28:26.994, 48121984017, vstest.console.dll, AssemblyResolver.OnResolve: Microsoft.VisualStudio.TestPlatform.Fakes: Assembly path does not exist: 'C:\Program Files\dotnet\sdk\5.0.406\Extensions\Microsoft.VisualStudio.TestPlatform.Fakes.exe', returning.
TpTrace Information: 0 : 37120, 1, 2022/03/22, 09:28:26.994, 48121984443, vstest.console.dll, AssemblyResolver.OnResolve: Microsoft.VisualStudio.TestPlatform.Fakes: Searching in: 'C:\Program Files\dotnet\sdk\5.0.406'.
TpTrace Information: 0 : 37120, 1, 2022/03/22, 09:28:26.994, 48121985415, vstest.console.dll, AssemblyResolver.OnResolve: Microsoft.VisualStudio.TestPlatform.Fakes: Assembly path does not exist: 'C:\Program Files\dotnet\sdk\5.0.406\Microsoft.VisualStudio.TestPlatform.Fakes.dll', returning.
TpTrace Information: 0 : 37120, 1, 2022/03/22, 09:28:26.995, 48121986423, vstest.console.dll, AssemblyResolver.OnResolve: Microsoft.VisualStudio.TestPlatform.Fakes: Assembly path does not exist: 'C:\Program Files\dotnet\sdk\5.0.406\Microsoft.VisualStudio.TestPlatform.Fakes.exe', returning.
TpTrace Information: 0 : 37120, 1, 2022/03/22, 09:28:26.995, 48121986828, vstest.console.dll, AssemblyResolver.OnResolve: Microsoft.VisualStudio.TestPlatform.Fakes: Failed to load assembly.
TpTrace Information: 0 : 37120, 1, 2022/03/22, 09:28:26.995, 48121990216, vstest.console.dll, Failed to create newly implemented Fakes Configurator. Reason:System.IO.FileNotFoundException: Could not load file or assembly 'Microsoft.VisualStudio.TestPlatform.Fakes, Version=16.0.0.0, Culture=neutral, PublicKeyToken=null'. El sistema no puede encontrar el archivo especificado.
File name: 'Microsoft.VisualStudio.TestPlatform.Fakes, Version=16.0.0.0, Culture=neutral, PublicKeyToken=null'
   at System.Reflection.RuntimeAssembly.InternalLoad(ObjectHandleOnStack assemblyName, ObjectHandleOnStack requestingAssembly, StackCrawlMarkHandle stackMark, Boolean throwOnFileNotFound, ObjectHandleOnStack assemblyLoadContext, ObjectHandleOnStack retAssembly)
   at System.Reflection.RuntimeAssembly.InternalLoad(AssemblyName assemblyName, RuntimeAssembly requestingAssembly, StackCrawlMark& stackMark, Boolean throwOnFileNotFound, AssemblyLoadContext assemblyLoadContext)
   at System.Reflection.Assembly.Load(AssemblyName assemblyRef)
   at Microsoft.VisualStudio.TestPlatform.Common.Utilities.FakesUtilities.TryGetFakesCrossPlatformDataCollectorConfigurator() 
TpTrace Verbose: 0 : 37120, 1, 2022/03/22, 09:28:26.998, 48122023039, vstest.console.dll, TestPluginCache.DiscoverTestExtensions: finding test extensions in assemblies ends with: TestLogger.dll TPluginInfo: Microsoft.VisualStudio.TestPlatform.Common.ExtensionFramework.Utilities.TestLoggerPluginInformation TExtension: Microsoft.VisualStudio.TestPlatform.ObjectModel.Client.ITestLogger
TpTrace Verbose: 0 : 37120, 1, 2022/03/22, 09:28:26.998, 48122023906, vstest.console.dll, TestPluginCache.GetExtensionPaths: Filtered extension paths: 
TpTrace Verbose: 0 : 37120, 1, 2022/03/22, 09:28:26.998, 48122024342, vstest.console.dll, TestPluginCache.GetExtensionPaths: Added default extension paths: C:\Program Files\dotnet\sdk\5.0.406\Extensions\Microsoft.Diagnostics.NETCore.Client.dll
C:\Program Files\dotnet\sdk\5.0.406\Extensions\Microsoft.TestPlatform.Extensions.BlameDataCollector.dll
C:\Program Files\dotnet\sdk\5.0.406\Extensions\Microsoft.TestPlatform.Extensions.EventLogCollector.dll
C:\Program Files\dotnet\sdk\5.0.406\Extensions\Microsoft.TestPlatform.TestHostRuntimeProvider.dll
C:\Program Files\dotnet\sdk\5.0.406\Extensions\Microsoft.VisualStudio.TestPlatform.Extensions.Html.TestLogger.dll
C:\Program Files\dotnet\sdk\5.0.406\Extensions\Microsoft.VisualStudio.TestPlatform.Extensions.Trx.TestLogger.dll
TpTrace Verbose: 0 : 37120, 1, 2022/03/22, 09:28:26.998, 48122024726, vstest.console.dll, TestPluginCache.GetExtensionPaths: Added unfilterableExtensionPaths: 
TpTrace Information: 0 : 37120, 1, 2022/03/22, 09:28:26.999, 48122026419, vstest.console.dll, AssemblyResolver.AddSearchDirectories: Adding more searchDirectories C:\Program Files\dotnet\sdk\5.0.406\Extensions,C:\Program Files\dotnet\sdk\5.0.406
TpTrace Verbose: 0 : 37120, 1, 2022/03/22, 09:28:26.999, 48122026971, vstest.console.dll, TestPluginCache.DiscoverTestExtensions: Discovering the extensions using extension path.
TpTrace Verbose: 0 : 37120, 1, 2022/03/22, 09:28:26.999, 48122027351, vstest.console.dll, TestPluginCache.GetExtensionPaths: Filtered extension paths: 
TpTrace Verbose: 0 : 37120, 1, 2022/03/22, 09:28:26.999, 48122027797, vstest.console.dll, TestPluginCache.GetExtensionPaths: Added default extension paths: C:\Program Files\dotnet\sdk\5.0.406\Extensions\Microsoft.Diagnostics.NETCore.Client.dll
C:\Program Files\dotnet\sdk\5.0.406\Extensions\Microsoft.TestPlatform.Extensions.BlameDataCollector.dll
C:\Program Files\dotnet\sdk\5.0.406\Extensions\Microsoft.TestPlatform.Extensions.EventLogCollector.dll
C:\Program Files\dotnet\sdk\5.0.406\Extensions\Microsoft.TestPlatform.TestHostRuntimeProvider.dll
C:\Program Files\dotnet\sdk\5.0.406\Extensions\Microsoft.VisualStudio.TestPlatform.Extensions.Html.TestLogger.dll
C:\Program Files\dotnet\sdk\5.0.406\Extensions\Microsoft.VisualStudio.TestPlatform.Extensions.Trx.TestLogger.dll
TpTrace Verbose: 0 : 37120, 1, 2022/03/22, 09:28:26.999, 48122028198, vstest.console.dll, TestPluginCache.GetExtensionPaths: Added unfilterableExtensionPaths: 
TpTrace Verbose: 0 : 37120, 1, 2022/03/22, 09:28:26.999, 48122028631, vstest.console.dll, TestPluginCache.DiscoverTestExtensions: Discovering the extensions using allExtensionPaths: C:\Program Files\dotnet\sdk\5.0.406\Extensions\Microsoft.Diagnostics.NETCore.Client.dll
C:\Program Files\dotnet\sdk\5.0.406\Extensions\Microsoft.TestPlatform.Extensions.BlameDataCollector.dll
C:\Program Files\dotnet\sdk\5.0.406\Extensions\Microsoft.TestPlatform.Extensions.EventLogCollector.dll
C:\Program Files\dotnet\sdk\5.0.406\Extensions\Microsoft.TestPlatform.TestHostRuntimeProvider.dll
C:\Program Files\dotnet\sdk\5.0.406\Extensions\Microsoft.VisualStudio.TestPlatform.Extensions.Html.TestLogger.dll
C:\Program Files\dotnet\sdk\5.0.406\Extensions\Microsoft.VisualStudio.TestPlatform.Extensions.Trx.TestLogger.dll
TpTrace Information: 0 : 37120, 1, 2022/03/22, 09:28:26.999, 48122029148, vstest.console.dll, AssemblyResolver.AddSearchDirectories: Adding more searchDirectories C:\Program Files\dotnet\sdk\5.0.406\Extensions,C:\Program Files\dotnet\sdk\5.0.406
TpTrace Information: 0 : 37120, 1, 2022/03/22, 09:28:26.999, 48122029604, vstest.console.dll, AssemblyResolver.AddSearchDirectories: Adding more searchDirectories C:\Program Files\dotnet\sdk\5.0.406\Extensions,C:\Program Files\dotnet\sdk\5.0.406
TpTrace Information: 0 : 37120, 1, 2022/03/22, 09:28:26.999, 48122029974, vstest.console.dll, AssemblyResolver.AddSearchDirectories: Adding more searchDirectories C:\Program Files\dotnet\sdk\5.0.406\Extensions,C:\Program Files\dotnet\sdk\5.0.406
TpTrace Information: 0 : 37120, 1, 2022/03/22, 09:28:26.999, 48122030335, vstest.console.dll, AssemblyResolver.AddSearchDirectories: Adding more searchDirectories C:\Program Files\dotnet\sdk\5.0.406\Extensions,C:\Program Files\dotnet\sdk\5.0.406
TpTrace Information: 0 : 37120, 1, 2022/03/22, 09:28:26.999, 48122030739, vstest.console.dll, AssemblyResolver.AddSearchDirectories: Adding more searchDirectories C:\Program Files\dotnet\sdk\5.0.406\Extensions,C:\Program Files\dotnet\sdk\5.0.406
TpTrace Information: 0 : 37120, 1, 2022/03/22, 09:28:26.999, 48122031102, vstest.console.dll, AssemblyResolver.AddSearchDirectories: Adding more searchDirectories C:\Program Files\dotnet\sdk\5.0.406\Extensions,C:\Program Files\dotnet\sdk\5.0.406
TpTrace Information: 0 : 37120, 1, 2022/03/22, 09:28:26.999, 48122033475, vstest.console.dll, AssemblyResolver.OnResolve: Microsoft.Bcl.AsyncInterfaces: Resolving assembly.
TpTrace Information: 0 : 37120, 1, 2022/03/22, 09:28:26.999, 48122034007, vstest.console.dll, AssemblyResolver.OnResolve: Microsoft.Bcl.AsyncInterfaces: Resolved from cache.
TpTrace Verbose: 0 : 37120, 1, 2022/03/22, 09:28:26.999, 48122034415, vstest.console.dll, CurrentDomainAssemblyResolve: Resolving assembly 'Microsoft.Bcl.AsyncInterfaces'.
TpTrace Information: 0 : 37120, 1, 2022/03/22, 09:28:26.999, 48122034994, vstest.console.dll, AssemblyResolver.OnResolve: Microsoft.Bcl.AsyncInterfaces: Resolving assembly.
TpTrace Information: 0 : 37120, 1, 2022/03/22, 09:28:26.999, 48122035372, vstest.console.dll, AssemblyResolver.OnResolve: Microsoft.Bcl.AsyncInterfaces: Resolved from cache.
TpTrace Verbose: 0 : 37120, 1, 2022/03/22, 09:28:27.000, 48122035735, vstest.console.dll, CurrentDomainAssemblyResolve: Resolving assembly 'Microsoft.Bcl.AsyncInterfaces'.
TpTrace Verbose: 0 : 37120, 1, 2022/03/22, 09:28:27.000, 48122036097, vstest.console.dll, CurrentDomainAssemblyResolve: Failed to resolve assembly 'Microsoft.Bcl.AsyncInterfaces'.
TpTrace Verbose: 0 : 37120, 1, 2022/03/22, 09:28:27.000, 48122037551, vstest.console.dll, CurrentDomainAssemblyResolve: Failed to resolve assembly 'Microsoft.Bcl.AsyncInterfaces'.
TpTrace Warning: 0 : 37120, 1, 2022/03/22, 09:28:27.000, 48122040151, vstest.console.dll, TestPluginDiscoverer: Failed to get types from assembly 'Microsoft.Diagnostics.NETCore.Client, Version=0.2.2.41902, Culture=neutral, PublicKeyToken=31bf3856ad364e35'.  Skipping test extension scan for this assembly.  Error: System.Reflection.ReflectionTypeLoadException: Unable to load one or more of the requested types.
Could not load file or assembly 'Microsoft.Bcl.AsyncInterfaces, Version=1.0.0.0, Culture=neutral, PublicKeyToken=cc7b13ffcd2ddd51'. El sistema no puede encontrar el archivo especificado.
   at System.Reflection.RuntimeModule.GetTypes(RuntimeModule module)
   at System.Reflection.RuntimeModule.GetTypes()
   at System.Reflection.Assembly.GetTypes()
   at Microsoft.VisualStudio.TestPlatform.Common.ExtensionFramework.TestPluginDiscoverer.GetTestExtensionsFromAssembly[TPluginInfo,TExtension](Assembly assembly, Dictionary`2 pluginInfos)
System.IO.FileNotFoundException: Could not load file or assembly 'Microsoft.Bcl.AsyncInterfaces, Version=1.0.0.0, Culture=neutral, PublicKeyToken=cc7b13ffcd2ddd51'. El sistema no puede encontrar el archivo especificado.
File name: 'Microsoft.Bcl.AsyncInterfaces, Version=1.0.0.0, Culture=neutral, PublicKeyToken=cc7b13ffcd2ddd51'
TpTrace Warning: 0 : 37120, 1, 2022/03/22, 09:28:27.000, 48122040747, vstest.console.dll, LoaderExceptions: System.IO.FileNotFoundException: Could not load file or assembly 'Microsoft.Bcl.AsyncInterfaces, Version=1.0.0.0, Culture=neutral, PublicKeyToken=cc7b13ffcd2ddd51'. El sistema no puede encontrar el archivo especificado.
File name: 'Microsoft.Bcl.AsyncInterfaces, Version=1.0.0.0, Culture=neutral, PublicKeyToken=cc7b13ffcd2ddd51'
TpTrace Verbose: 0 : 37120, 1, 2022/03/22, 09:28:27.000, 48122044322, vstest.console.dll, TestPluginCache: Discovered the extensions using extension path ''.
TpTrace Verbose: 0 : 37120, 1, 2022/03/22, 09:28:27.000, 48122044845, vstest.console.dll, TestPluginCache: Discoverers are ''.
TpTrace Verbose: 0 : 37120, 1, 2022/03/22, 09:28:27.000, 48122045181, vstest.console.dll, TestPluginCache: Executors are ''.
TpTrace Verbose: 0 : 37120, 1, 2022/03/22, 09:28:27.001, 48122045545, vstest.console.dll, TestPluginCache: Executors2 are ''.
TpTrace Verbose: 0 : 37120, 1, 2022/03/22, 09:28:27.001, 48122045852, vstest.console.dll, TestPluginCache: Setting providers are ''.
TpTrace Verbose: 0 : 37120, 1, 2022/03/22, 09:28:27.001, 48122046532, vstest.console.dll, TestPluginCache: Loggers are 'logger://Microsoft/TestPlatform/Extensions/Blame/v1,logger://Microsoft/TestPlatform/HtmlLogger/v1,logger://Microsoft/TestPlatform/TrxLogger/v1'.
TpTrace Information: 0 : 37120, 1, 2022/03/22, 09:28:27.001, 48122052436, vstest.console.dll, TestPluginManager.CreateTestExtension: Attempting to load test extension: Microsoft.TestPlatform.Extensions.BlameDataCollector.BlameLogger
TpTrace Information: 0 : 37120, 1, 2022/03/22, 09:28:27.010, 48122137754, vstest.console.dll, TestPluginManager.CreateTestExtension: Attempting to load test extension: Microsoft.VisualStudio.TestPlatform.CrossPlatEngine.Hosting.DefaultTestHostManager
TpTrace Information: 0 : 37120, 1, 2022/03/22, 09:28:27.010, 48122140408, vstest.console.dll, TestPluginManager.CreateTestExtension: Attempting to load test extension: Microsoft.VisualStudio.TestPlatform.CrossPlatEngine.Hosting.DotnetTestHostManager
TpTrace Verbose: 0 : 37120, 1, 2022/03/22, 09:28:27.011, 48122145765, vstest.console.dll, TestEngine: Initializing Parallel Execution as MaxCpuCount is set to: 1
TpTrace Information: 0 : 37120, 1, 2022/03/22, 09:28:27.011, 48122150384, vstest.console.dll, InferRunSettingsHelper.IsTestSettingsEnabled: Unable to navigate to RunSettings/MSTest. Current node: RunSettings
TpTrace Verbose: 0 : 37120, 1, 2022/03/22, 09:28:27.024, 48122282929, vstest.console.dll, TestRequestSender is acting as server
TpTrace Verbose: 0 : 37120, 4, 2022/03/22, 09:28:27.027, 48122312941, vstest.console.dll, DataCollectionRequestSender.InitializeCommunication : Initialize communication. 
TpTrace Information: 0 : 37120, 4, 2022/03/22, 09:28:27.041, 48122455528, vstest.console.dll, Listening on Endpoint : 127.0.0.1:52562
TpTrace Verbose: 0 : 37120, 4, 2022/03/22, 09:28:27.053, 48122567482, vstest.console.dll, DotnetDataCollectionLauncher: Full path of dotnet.exe is C:\Program Files\dotnet\dotnet.exe
TpTrace Verbose: 0 : 37120, 4, 2022/03/22, 09:28:27.053, 48122569491, vstest.console.dll, DotnetDataCollectionLauncher: Adding  --runtimeconfig "C:\Program Files\dotnet\sdk\5.0.406\datacollector.runtimeconfig.json" in args
TpTrace Verbose: 0 : 37120, 4, 2022/03/22, 09:28:27.053, 48122570909, vstest.console.dll, DotnetDataCollectionLauncher: Adding  --depsfile "C:\Program Files\dotnet\sdk\5.0.406\datacollector.deps.json" in args
TpTrace Information: 0 : 37120, 4, 2022/03/22, 09:28:27.068, 48122720283, vstest.console.dll, ProxyDataCollectionManager.Initialize: Launched datacollector processId: 35224 port: 52562
TpTrace Information: 0 : 37120, 4, 2022/03/22, 09:28:27.068, 48122721971, vstest.console.dll, ProxyDataCollectionManager.Initialize: waiting for connection with timeout: 90 seconds
TpTrace Verbose: 0 : 37120, 4, 2022/03/22, 09:28:27.068, 48122723225, vstest.console.dll, DataCollectionRequestSender.WaitForRequestHandlerConnection : Waiting for connection with timeout: 90000
TpTrace Information: 0 : 37120, 7, 2022/03/22, 09:28:27.265, 48124694455, vstest.console.dll, Using the buffer size of 16384 bytes
TpTrace Verbose: 0 : 37120, 4, 2022/03/22, 09:28:27.265, 48124695264, vstest.console.dll, ProxyDataCollectionManager.InvokeDataCollectionServiceAction: Starting.
TpTrace Information: 0 : 37120, 7, 2022/03/22, 09:28:27.266, 48124695568, vstest.console.dll, Accepted Client request and set the flag
TpTrace Information: 0 : 37120, 4, 2022/03/22, 09:28:27.266, 48124696594, vstest.console.dll, ProxyDataCollectionManager.BeforeTestRunStart: Get environment variable and port for datacollector processId: 35224 port: 52562
TpTrace Verbose: 0 : 37120, 4, 2022/03/22, 09:28:27.266, 48124697835, vstest.console.dll, DataCollectionRequestSender.SendBeforeTestRunStartAndGetResult : Send BeforeTestRunStart message with settingsXml <RunSettings><RunConfiguration><ResultsDirectory>D:\Estudio\Ejercicios\tartaro\.net\RSA2048Test\bin\Debug\net5.0\fine-code-coverage\coverage-tool-output</ResultsDirectory><TargetPlatform>X64</TargetPlatform><TargetFrameworkVersion>.NETCoreApp,Version=v5.0</TargetFrameworkVersion><DesignMode>False</DesignMode><CollectSourceInformation>False</CollectSourceInformation><TestAdaptersPaths>C:\Program Files\dotnet\sdk\5.0.406\Extensions</TestAdaptersPaths></RunConfiguration><LoggerRunSettings><Loggers><Logger friendlyName="blame" enabled="True" /><Logger friendlyName="Console" uri="logger://microsoft/TestPlatform/ConsoleLogger/v1" assemblyQualifiedName="Microsoft.VisualStudio.TestPlatform.CommandLine.Internal.ConsoleLogger, vstest.console, Version=15.0.0.0, Culture=neutral, PublicKeyToken=b03f5f7f11d50a3a" codeBase="C:\Program Files\dotnet\sdk\5.0.406\vstest.console.dll" enabled="True" /></Loggers></LoggerRunSettings><DataCollectionRunSettings><DataCollectors><DataCollector friendlyName="blame" enabled="True"><Configuration><ResultsDirectory>D:\Estudio\Ejercicios\tartaro\.net\RSA2048Test\bin\Debug\net5.0\fine-code-coverage\coverage-tool-output</ResultsDirectory></Configuration></DataCollector></DataCollectors></DataCollectionRunSettings></RunSettings> and sources System.Linq.Enumerable+Concat2Iterator`1[System.String]: 
TpTrace Verbose: 0 : 37120, 4, 2022/03/22, 09:28:27.342, 48125459708, vstest.console.dll, DataCollectionRequestSender.SendBeforeTestRunStartAndGetResult : Received message: (DataCollection.SendMessage) -> {
  "FriendlyName": null,
  "Uri": null,
  "TestCaseId": "00000000-0000-0000-0000-000000000000",
  "Message": "Logging DataCollector Diagnostics in file: D:\\Estudio\\Ejercicios\\tartaro\\.net\\RSA2048Test\\bin\\Debug\\net5.0\\fine-code-coverage\\coverage-tool-output\\diagnostics.datacollector.22-03-22_09-28-27_04835_4.log",
  "Level": 0
}
TpTrace Verbose: 0 : 37120, 4, 2022/03/22, 09:28:27.409, 48126126423, vstest.console.dll, DataCollectionRequestSender.SendBeforeTestRunStartAndGetResult : Received message: (DataCollection.BeforeTestRunStartResult) -> {
  "EnvironmentVariables": {},
  "DataCollectionEventsPort": 52564
}
TpTrace Information: 0 : 37120, 4, 2022/03/22, 09:28:27.412, 48126162267, vstest.console.dll, ProxyDataCollectionManager.BeforeTestRunStart: SendBeforeTestRunStartAndGetResult successful, env variable from datacollector:   and testhost port: 52564
TpTrace Information: 0 : 37120, 4, 2022/03/22, 09:28:27.412, 48126163176, vstest.console.dll, ProxyDataCollectionManager.InvokeDataCollectionServiceAction: Completed.
TpTrace Verbose: 0 : 37120, 1, 2022/03/22, 09:28:27.412, 48126164920, vstest.console.dll, TestRunRequest.ExecuteAsync: Creating test run request.
TpTrace Verbose: 0 : 37120, 1, 2022/03/22, 09:28:27.413, 48126167675, vstest.console.dll, TestRunRequest.ExecuteAsync: Starting.
TpTrace Information: 0 : 37120, 1, 2022/03/22, 09:28:27.413, 48126170358, vstest.console.dll, TestRunRequest.ExecuteAsync: Starting run with settings:TestRunCriteria:
   KeepAlive=False,FrequencyOfRunStatsChangeEvent=10,RunStatsChangeEventTimeout=00:00:01.5000000,TestCaseFilter=,TestExecutorLauncher=
   Settingsxml=<RunSettings>
  <RunConfiguration>
    <ResultsDirectory>D:\Estudio\Ejercicios\tartaro\.net\RSA2048Test\bin\Debug\net5.0\fine-code-coverage\coverage-tool-output</ResultsDirectory>
    <TargetPlatform>X64</TargetPlatform>
    <TargetFrameworkVersion>.NETCoreApp,Version=v5.0</TargetFrameworkVersion>
    <DesignMode>False</DesignMode>
    <CollectSourceInformation>False</CollectSourceInformation>
  </RunConfiguration>
  <LoggerRunSettings>
    <Loggers>
      <Logger friendlyName="blame" enabled="True" />
      <Logger friendlyName="Console" uri="logger://microsoft/TestPlatform/ConsoleLogger/v1" assemblyQualifiedName="Microsoft.VisualStudio.TestPlatform.CommandLine.Internal.ConsoleLogger, vstest.console, Version=15.0.0.0, Culture=neutral, PublicKeyToken=b03f5f7f11d50a3a" codeBase="C:\Program Files\dotnet\sdk\5.0.406\vstest.console.dll" enabled="True" />
    </Loggers>
  </LoggerRunSettings>
  <DataCollectionRunSettings>
    <DataCollectors>
      <DataCollector friendlyName="blame" enabled="True">
        <Configuration>
          <ResultsDirectory>D:\Estudio\Ejercicios\tartaro\.net\RSA2048Test\bin\Debug\net5.0\fine-code-coverage\coverage-tool-output</ResultsDirectory>
        </Configuration>
      </DataCollector>
    </DataCollectors>
  </DataCollectionRunSettings>
</RunSettings>

TpTrace Verbose: 0 : 37120, 1, 2022/03/22, 09:28:27.413, 48126171009, vstest.console.dll, TestRunRequest.ExecuteAsync: Wait for the first run request is over.
TpTrace Verbose: 0 : 37120, 1, 2022/03/22, 09:28:27.413, 48126175014, vstest.console.dll, ParallelProxyExecutionManager: Start execution. Total sources: 1
TpTrace Information: 0 : 37120, 1, 2022/03/22, 09:28:27.414, 48126180157, vstest.console.dll, ProxyParallelExecutionManager: Triggering test run for next source: D:\Estudio\Ejercicios\tartaro\.net\RSA2048Test\bin\Debug\net5.0\fine-code-coverage\build-output\RSA2048Test.dll
TpTrace Verbose: 0 : 37120, 4, 2022/03/22, 09:28:27.414, 48126181757, vstest.console.dll, ParallelProxyExecutionManager: Execution started. Started clients: 1
TpTrace Verbose: 0 : 37120, 1, 2022/03/22, 09:28:27.414, 48126182094, vstest.console.dll, ProxyParallelExecutionManager: No sources available for execution.
TpTrace Information: 0 : 37120, 1, 2022/03/22, 09:28:27.414, 48126182847, vstest.console.dll, TestRunRequest.ExecuteAsync: Started.
TpTrace Verbose: 0 : 37120, 1, 2022/03/22, 09:28:27.414, 48126183703, vstest.console.dll, TestRunRequest.WaitForCompletion: Waiting with timeout -1.
TpTrace Verbose: 0 : 37120, 4, 2022/03/22, 09:28:27.414, 48126185089, vstest.console.dll, TestRunRequest:SendTestRunMessage: Starting.
TpTrace Information: 0 : 37120, 4, 2022/03/22, 09:28:27.415, 48126186372, vstest.console.dll, TestRunRequest:SendTestRunMessage: Completed.
TpTrace Verbose: 0 : 37120, 4, 2022/03/22, 09:28:27.415, 48126188354, vstest.console.dll, ProxyExecutionManager: Test host is always Lazy initialize.
TpTrace Verbose: 0 : 37120, 4, 2022/03/22, 09:28:27.415, 48126190692, vstest.console.dll, TestRequestSender.InitializeCommunication: initialize communication. 
TpTrace Information: 0 : 37120, 4, 2022/03/22, 09:28:27.416, 48126196163, vstest.console.dll, SocketServer.Start: Listening on endpoint : 127.0.0.1:52566
TpTrace Verbose: 0 : 37120, 4, 2022/03/22, 09:28:27.416, 48126202510, vstest.console.dll, DotnetTestHostmanager: Adding  --runtimeconfig "D:\Estudio\Ejercicios\tartaro\.net\RSA2048Test\bin\Debug\net5.0\fine-code-coverage\build-output\RSA2048Test.runtimeconfig.json" in args
TpTrace Verbose: 0 : 37120, 4, 2022/03/22, 09:28:27.416, 48126203316, vstest.console.dll, DotnetTestHostmanager: Adding  --depsfile "D:\Estudio\Ejercicios\tartaro\.net\RSA2048Test\bin\Debug\net5.0\fine-code-coverage\build-output\RSA2048Test.deps.json" in args
TpTrace Verbose: 0 : 37120, 4, 2022/03/22, 09:28:27.416, 48126204990, vstest.console.dll, DotnetTestHostManager: Testhost.exe/testhost.x86.exe found at path: D:\Estudio\Ejercicios\tartaro\.net\RSA2048Test\bin\Debug\net5.0\fine-code-coverage\build-output\testhost.exe
TpTrace Verbose: 0 : 37120, 4, 2022/03/22, 09:28:27.417, 48126205632, vstest.console.dll, DotnetTestHostmanager: Full path of host exe is D:\Estudio\Ejercicios\tartaro\.net\RSA2048Test\bin\Debug\net5.0\fine-code-coverage\build-output\testhost.exe
TpTrace Verbose: 0 : 37120, 6, 2022/03/22, 09:28:27.417, 48126213994, vstest.console.dll, DotnetTestHostManager: Starting process 'D:\Estudio\Ejercicios\tartaro\.net\RSA2048Test\bin\Debug\net5.0\fine-code-coverage\build-output\testhost.exe' with command line ' --runtimeconfig "D:\Estudio\Ejercicios\tartaro\.net\RSA2048Test\bin\Debug\net5.0\fine-code-coverage\build-output\RSA2048Test.runtimeconfig.json" --depsfile "D:\Estudio\Ejercicios\tartaro\.net\RSA2048Test\bin\Debug\net5.0\fine-code-coverage\build-output\RSA2048Test.deps.json" --port 52566 --endpoint 127.0.0.1:052566 --role client --parentprocessid 37120 --diag "D:\Estudio\Ejercicios\tartaro\.net\RSA2048Test\bin\Debug\net5.0\fine-code-coverage\coverage-tool-output\diagnostics.host.22-03-22_09-28-27_41637_4.log" --tracelevel 4 --datacollectionport 52564 --telemetryoptedin false'
TpTrace Verbose: 0 : 37120, 6, 2022/03/22, 09:28:27.429, 48126330308, vstest.console.dll, Test Runtime launched
TpTrace Verbose: 0 : 37120, 4, 2022/03/22, 09:28:27.430, 48126336654, vstest.console.dll, TestRequestSender.WaitForRequestHandlerConnection: waiting for connection with timeout: 90000
TpTrace Verbose: 0 : 37120, 14, 2022/03/22, 09:28:27.636, 48128403060, vstest.console.dll, SocketServer.OnClientConnected: Client connected for endPoint: 127.0.0.1:52566, starting MessageLoopAsync:
TpTrace Verbose: 0 : 37120, 14, 2022/03/22, 09:28:27.637, 48128405877, vstest.console.dll, TcpClientExtensions.MessageLoopAsync: Polling on remoteEndPoint: 127.0.0.1:52567 localEndPoint: 127.0.0.1:52566
TpTrace Verbose: 0 : 37120, 14, 2022/03/22, 09:28:27.782, 48129858838, vstest.console.dll, TcpClientExtensions.MessageLoopAsync: NotifyDataAvailable remoteEndPoint: 127.0.0.1:52567 localEndPoint: 127.0.0.1:52566
TpTrace Verbose: 0 : 37120, 14, 2022/03/22, 09:28:27.782, 48129861242, vstest.console.dll, TestRequestSender.CheckVersionWithTestHost: onMessageReceived received message: (ProtocolVersion) -> 5
TpTrace Verbose: 0 : 37120, 14, 2022/03/22, 09:28:27.782, 48129864944, vstest.console.dll, TcpClientExtensions.MessageLoopAsync: Polling on remoteEndPoint: 127.0.0.1:52567 localEndPoint: 127.0.0.1:52566
TpTrace Verbose: 0 : 37120, 4, 2022/03/22, 09:28:27.783, 48129865832, vstest.console.dll, TestPluginCache.GetExtensionPaths: Filtered extension paths: 
TpTrace Verbose: 0 : 37120, 4, 2022/03/22, 09:28:27.783, 48129866695, vstest.console.dll, TestPluginCache.GetExtensionPaths: Added default extension paths: C:\Program Files\dotnet\sdk\5.0.406\Extensions\Microsoft.Diagnostics.NETCore.Client.dll
C:\Program Files\dotnet\sdk\5.0.406\Extensions\Microsoft.TestPlatform.Extensions.BlameDataCollector.dll
C:\Program Files\dotnet\sdk\5.0.406\Extensions\Microsoft.TestPlatform.Extensions.EventLogCollector.dll
C:\Program Files\dotnet\sdk\5.0.406\Extensions\Microsoft.TestPlatform.TestHostRuntimeProvider.dll
C:\Program Files\dotnet\sdk\5.0.406\Extensions\Microsoft.VisualStudio.TestPlatform.Extensions.Html.TestLogger.dll
C:\Program Files\dotnet\sdk\5.0.406\Extensions\Microsoft.VisualStudio.TestPlatform.Extensions.Trx.TestLogger.dll
TpTrace Verbose: 0 : 37120, 4, 2022/03/22, 09:28:27.783, 48129867154, vstest.console.dll, TestPluginCache.GetExtensionPaths: Added unfilterableExtensionPaths: 
TpTrace Verbose: 0 : 37120, 4, 2022/03/22, 09:28:27.786, 48129902251, vstest.console.dll, TestRequestSender.InitializeExecution: Sending initializing execution with message: {"Version":5,"MessageType":"TestExecution.Initialize","Payload":["D:\\Estudio\\Ejercicios\\tartaro\\.net\\RSA2048Test\\bin\\Debug\\net5.0\\fine-code-coverage\\build-output\\xunit.runner.visualstudio.dotnetcore.testadapter.dll"]}
TpTrace Verbose: 0 : 37120, 14, 2022/03/22, 09:28:27.792, 48129961552, vstest.console.dll, TcpClientExtensions.MessageLoopAsync: NotifyDataAvailable remoteEndPoint: 127.0.0.1:52567 localEndPoint: 127.0.0.1:52566
TpTrace Verbose: 0 : 37120, 14, 2022/03/22, 09:28:27.792, 48129963333, vstest.console.dll, TestRequestSender.OnExecutionMessageReceived: Received message: {"Version":5,"MessageType":"TestSession.Message","Payload":{"MessageLevel":0,"Message":"Logging TestHost Diagnostics in file: D:\\Estudio\\Ejercicios\\tartaro\\.net\\RSA2048Test\\bin\\Debug\\net5.0\\fine-code-coverage\\coverage-tool-output\\diagnostics.host.22-03-22_09-28-27_41637_4.log"}}
TpTrace Verbose: 0 : 37120, 4, 2022/03/22, 09:28:27.794, 48129976644, vstest.console.dll, TestRequestSender.StartTestRun: Sending test run with message: {"Version":5,"MessageType":"TestExecution.StartWithSources","Payload":{"AdapterSourceMap":{"_none_":["D:\\Estudio\\Ejercicios\\tartaro\\.net\\RSA2048Test\\bin\\Debug\\net5.0\\fine-code-coverage\\build-output\\RSA2048Test.dll"]},"RunSettings":"<RunSettings>\r\n  <RunConfiguration>\r\n    <ResultsDirectory>D:\\Estudio\\Ejercicios\\tartaro\\.net\\RSA2048Test\\bin\\Debug\\net5.0\\fine-code-coverage\\coverage-tool-output</ResultsDirectory>\r\n    <TargetPlatform>X64</TargetPlatform>\r\n    <TargetFrameworkVersion>.NETCoreApp,Version=v5.0</TargetFrameworkVersion>\r\n    <DesignMode>False</DesignMode>\r\n    <CollectSourceInformation>False</CollectSourceInformation>\r\n  </RunConfiguration>\r\n  <LoggerRunSettings>\r\n    <Loggers>\r\n      <Logger friendlyName=\"blame\" enabled=\"True\" />\r\n      <Logger friendlyName=\"Console\" uri=\"logger://microsoft/TestPlatform/ConsoleLogger/v1\" assemblyQualifiedName=\"Microsoft.VisualStudio.TestPlatform.CommandLine.Internal.ConsoleLogger, vstest.console, Version=15.0.0.0, Culture=neutral, PublicKeyToken=b03f5f7f11d50a3a\" codeBase=\"C:\\Program Files\\dotnet\\sdk\\5.0.406\\vstest.console.dll\" enabled=\"True\" />\r\n    </Loggers>\r\n  </LoggerRunSettings>\r\n  <DataCollectionRunSettings>\r\n    <DataCollectors>\r\n      <DataCollector friendlyName=\"blame\" enabled=\"True\">\r\n        <Configuration>\r\n          <ResultsDirectory>D:\\Estudio\\Ejercicios\\tartaro\\.net\\RSA2048Test\\bin\\Debug\\net5.0\\fine-code-coverage\\coverage-tool-output</ResultsDirectory>\r\n        </Configuration>\r\n      </DataCollector>\r\n    </DataCollectors>\r\n  </DataCollectionRunSettings>\r\n</RunSettings>","TestExecutionContext":{"FrequencyOfRunStatsChangeEvent":10,"RunStatsChangeEventTimeout":"00:00:01.5000000","InIsolation":false,"KeepAlive":false,"AreTestCaseLevelEventsRequired":false,"IsDebug":false,"TestCaseFilter":null,"FilterOptions":null},"Package":null}}
TpTrace Verbose: 0 : 37120, 14, 2022/03/22, 09:28:27.794, 48129985040, vstest.console.dll, TestRunRequest:SendTestRunMessage: Starting.
TpTrace Information: 0 : 37120, 14, 2022/03/22, 09:28:27.795, 48129986051, vstest.console.dll, TestRunRequest:SendTestRunMessage: Completed.
TpTrace Verbose: 0 : 37120, 14, 2022/03/22, 09:28:27.795, 48129986538, vstest.console.dll, TcpClientExtensions.MessageLoopAsync: Polling on remoteEndPoint: 127.0.0.1:52567 localEndPoint: 127.0.0.1:52566
TpTrace Verbose: 0 : 37120, 14, 2022/03/22, 09:28:27.942, 48131457110, vstest.console.dll, TcpClientExtensions.MessageLoopAsync: NotifyDataAvailable remoteEndPoint: 127.0.0.1:52567 localEndPoint: 127.0.0.1:52566
TpTrace Verbose: 0 : 37120, 14, 2022/03/22, 09:28:27.942, 48131458478, vstest.console.dll, TestRequestSender.OnExecutionMessageReceived: Received message: {"Version":5,"MessageType":"TestSession.Message","Payload":{"MessageLevel":0,"Message":"[xUnit.net 00:00:00.00] xUnit.net VSTest Adapter v2.4.3+1b45f5407b (64-bit .NET 5.0.15)"}}
TpTrace Verbose: 0 : 37120, 14, 2022/03/22, 09:28:27.942, 48131460765, vstest.console.dll, TestRunRequest:SendTestRunMessage: Starting.
TpTrace Information: 0 : 37120, 14, 2022/03/22, 09:28:27.942, 48131461450, vstest.console.dll, TestRunRequest:SendTestRunMessage: Completed.
TpTrace Verbose: 0 : 37120, 14, 2022/03/22, 09:28:27.942, 48131461929, vstest.console.dll, TcpClientExtensions.MessageLoopAsync: Polling on remoteEndPoint: 127.0.0.1:52567 localEndPoint: 127.0.0.1:52566
TpTrace Verbose: 0 : 37120, 14, 2022/03/22, 09:28:28.943, 48141467801, vstest.console.dll, TcpClientExtensions.MessageLoopAsync: Polling on remoteEndPoint: 127.0.0.1:52567 localEndPoint: 127.0.0.1:52566
TpTrace Verbose: 0 : 37120, 14, 2022/03/22, 09:28:28.966, 48141700853, vstest.console.dll, TcpClientExtensions.MessageLoopAsync: NotifyDataAvailable remoteEndPoint: 127.0.0.1:52567 localEndPoint: 127.0.0.1:52566
TpTrace Verbose: 0 : 37120, 14, 2022/03/22, 09:28:28.966, 48141701963, vstest.console.dll, TestRequestSender.OnExecutionMessageReceived: Received message: {"Version":5,"MessageType":"TestSession.Message","Payload":{"MessageLevel":0,"Message":"[xUnit.net 00:00:01.03]   Discovering: RSA2048Test"}}
TpTrace Verbose: 0 : 37120, 14, 2022/03/22, 09:28:28.966, 48141704953, vstest.console.dll, TestRunRequest:SendTestRunMessage: Starting.
TpTrace Information: 0 : 37120, 14, 2022/03/22, 09:28:28.967, 48141705577, vstest.console.dll, TestRunRequest:SendTestRunMessage: Completed.
TpTrace Verbose: 0 : 37120, 14, 2022/03/22, 09:28:28.967, 48141705945, vstest.console.dll, TcpClientExtensions.MessageLoopAsync: Polling on remoteEndPoint: 127.0.0.1:52567 localEndPoint: 127.0.0.1:52566
TpTrace Verbose: 0 : 37120, 14, 2022/03/22, 09:28:28.998, 48142020585, vstest.console.dll, TcpClientExtensions.MessageLoopAsync: NotifyDataAvailable remoteEndPoint: 127.0.0.1:52567 localEndPoint: 127.0.0.1:52566
TpTrace Verbose: 0 : 37120, 14, 2022/03/22, 09:28:28.998, 48142021793, vstest.console.dll, TestRequestSender.OnExecutionMessageReceived: Received message: {"Version":5,"MessageType":"TestSession.Message","Payload":{"MessageLevel":0,"Message":"[xUnit.net 00:00:01.06]   Discovered:  RSA2048Test"}}
TpTrace Verbose: 0 : 37120, 14, 2022/03/22, 09:28:28.998, 48142023198, vstest.console.dll, TestRunRequest:SendTestRunMessage: Starting.
TpTrace Information: 0 : 37120, 14, 2022/03/22, 09:28:28.998, 48142023788, vstest.console.dll, TestRunRequest:SendTestRunMessage: Completed.
TpTrace Verbose: 0 : 37120, 14, 2022/03/22, 09:28:28.998, 48142024232, vstest.console.dll, TcpClientExtensions.MessageLoopAsync: Polling on remoteEndPoint: 127.0.0.1:52567 localEndPoint: 127.0.0.1:52566
TpTrace Verbose: 0 : 37120, 14, 2022/03/22, 09:28:29.000, 48142043049, vstest.console.dll, TcpClientExtensions.MessageLoopAsync: NotifyDataAvailable remoteEndPoint: 127.0.0.1:52567 localEndPoint: 127.0.0.1:52566
TpTrace Verbose: 0 : 37120, 14, 2022/03/22, 09:28:29.000, 48142043805, vstest.console.dll, TestRequestSender.OnExecutionMessageReceived: Received message: {"Version":5,"MessageType":"TestSession.Message","Payload":{"MessageLevel":0,"Message":"[xUnit.net 00:00:01.06]   Starting:    RSA2048Test"}}
TpTrace Verbose: 0 : 37120, 14, 2022/03/22, 09:28:29.000, 48142045137, vstest.console.dll, TestRunRequest:SendTestRunMessage: Starting.
TpTrace Information: 0 : 37120, 14, 2022/03/22, 09:28:29.001, 48142045691, vstest.console.dll, TestRunRequest:SendTestRunMessage: Completed.
TpTrace Verbose: 0 : 37120, 14, 2022/03/22, 09:28:29.001, 48142046046, vstest.console.dll, TcpClientExtensions.MessageLoopAsync: Polling on remoteEndPoint: 127.0.0.1:52567 localEndPoint: 127.0.0.1:52566
TpTrace Verbose: 0 : 37120, 14, 2022/03/22, 09:28:29.393, 48145971136, vstest.console.dll, TcpClientExtensions.MessageLoopAsync: NotifyDataAvailable remoteEndPoint: 127.0.0.1:52567 localEndPoint: 127.0.0.1:52566
TpTrace Verbose: 0 : 37120, 14, 2022/03/22, 09:28:29.393, 48145972703, vstest.console.dll, TestRequestSender.OnExecutionMessageReceived: Received message: {"Version":5,"MessageType":"TestExecution.StatsChange","Payload":{"NewTestResults":[{"TestCase":{"Id":"35822474-2612-e53f-fc7f-023d53205729","FullyQualifiedName":"RSA2048Test.RSA2048Test.Test2","DisplayName":"RSA2048Test.RSA2048Test.Test2","ExecutorUri":"executor://xunit/VsTestRunner2/netcoreapp","Source":"D:\\Estudio\\Ejercicios\\tartaro\\.net\\RSA2048Test\\bin\\Debug\\net5.0\\fine-code-coverage\\build-output\\RSA2048Test.dll","CodeFilePath":null,"LineNumber":0,"Properties":[]},"Attachments":[],"Outcome":1,"ErrorMessage":null,"ErrorStackTrace":null,"DisplayName":"RSA2048Test.RSA2048Test.Test2","Messages":[{"Category":"StdOutMsgs","Text":"xBonWYiqOgwseGaX8wEyoKkAwmng4Sr2Pfc3N37RlfP0ZGK+PZqynsifbjf2T9d/LHDa61CxB1Ufo5PlYgRY7ymp7JxjqGRYW9TV2Jsld0mSU1c4ZF4NtQ52BAm0GkQt9Y5Gz0zfoo60RZn1J+DPoqFYNuuSemCtEITCpLC1KgI=\r\nlDY9C5lYWLUoIN9tBXWVWvNnB86mXKkCcK9TetzaJc+2AjoIw2WZi7sMX0g4J6giRTWcXOk5TeojzrycTtd2bCjuGXOGCSn/YKDE0qzgqDoViNYkh7X2xyBG3NE/vWN7IYeRW9DECa3KHXtphAMSF/wESbjBdJYXzm7DTm//wUY=\r\nLa clave no existe.\r\n"}],"ComputerName":"NIGHTMARE-JPCH","Duration":"00:00:00.0120331","StartTime":"2022-03-22T14:28:29.0727314+00:00","EndTime":"2022-03-22T14:28:29.0727969+00:00","Properties":[]}],"TestRunStatistics":{"ExecutedTests":1,"Stats":{"Passed":1}},"ActiveTests":[{"Id":"ffcccd85-bb55-126f-885f-a2397b7caf45","FullyQualifiedName":"RSA2048Test.RSA2048Test.ValidateMaxStringEncriptedLengthFor16384","DisplayName":"RSA2048Test.RSA2048Test.ValidateMaxStringEncriptedLengthFor16384","ExecutorUri":"executor://xunit/VsTestRunner2/netcoreapp","Source":"D:\\Estudio\\Ejercicios\\tartaro\\.net\\RSA2048Test\\bin\\Debug\\net5.0\\fine-code-coverage\\build-output\\RSA2048Test.dll","CodeFilePath":null,"LineNumber":0,"Properties":[]}]}}
TpTrace Verbose: 0 : 37120, 14, 2022/03/22, 09:28:29.416, 48146199677, vstest.console.dll, TestRunRequest:SendTestRunStatsChange: Starting.
TpTrace Verbose: 0 : 37120, 14, 2022/03/22, 09:28:29.416, 48146201573, vstest.console.dll, InProgress is RSA2048Test.RSA2048Test.ValidateMaxStringEncriptedLengthFor16384
TpTrace Information: 0 : 37120, 14, 2022/03/22, 09:28:29.416, 48146203708, vstest.console.dll, TestRunRequest:SendTestRunStatsChange: Completed.
TpTrace Verbose: 0 : 37120, 14, 2022/03/22, 09:28:29.416, 48146204254, vstest.console.dll, TcpClientExtensions.MessageLoopAsync: Polling on remoteEndPoint: 127.0.0.1:52567 localEndPoint: 127.0.0.1:52566
TpTrace Verbose: 0 : 37120, 14, 2022/03/22, 09:28:30.422, 48156257388, vstest.console.dll, TcpClientExtensions.MessageLoopAsync: Polling on remoteEndPoint: 127.0.0.1:52567 localEndPoint: 127.0.0.1:52566
TpTrace Verbose: 0 : 37120, 14, 2022/03/22, 09:28:31.437, 48166407608, vstest.console.dll, TcpClientExtensions.MessageLoopAsync: Polling on remoteEndPoint: 127.0.0.1:52567 localEndPoint: 127.0.0.1:52566
TpTrace Verbose: 0 : 37120, 14, 2022/03/22, 09:28:32.448, 48176517636, vstest.console.dll, TcpClientExtensions.MessageLoopAsync: Polling on remoteEndPoint: 127.0.0.1:52567 localEndPoint: 127.0.0.1:52566
TpTrace Verbose: 0 : 37120, 14, 2022/03/22, 09:28:33.461, 48186647652, vstest.console.dll, TcpClientExtensions.MessageLoopAsync: Polling on remoteEndPoint: 127.0.0.1:52567 localEndPoint: 127.0.0.1:52566
TpTrace Verbose: 0 : 37120, 14, 2022/03/22, 09:28:34.476, 48196797673, vstest.console.dll, TcpClientExtensions.MessageLoopAsync: Polling on remoteEndPoint: 127.0.0.1:52567 localEndPoint: 127.0.0.1:52566
TpTrace Verbose: 0 : 37120, 14, 2022/03/22, 09:28:35.488, 48206917677, vstest.console.dll, TcpClientExtensions.MessageLoopAsync: Polling on remoteEndPoint: 127.0.0.1:52567 localEndPoint: 127.0.0.1:52566
TpTrace Verbose: 0 : 37120, 14, 2022/03/22, 09:28:36.503, 48217067569, vstest.console.dll, TcpClientExtensions.MessageLoopAsync: Polling on remoteEndPoint: 127.0.0.1:52567 localEndPoint: 127.0.0.1:52566
TpTrace Verbose: 0 : 37120, 14, 2022/03/22, 09:28:37.505, 48227087392, vstest.console.dll, TcpClientExtensions.MessageLoopAsync: Polling on remoteEndPoint: 127.0.0.1:52567 localEndPoint: 127.0.0.1:52566
TpTrace Verbose: 0 : 37120, 14, 2022/03/22, 09:28:38.505, 48237087673, vstest.console.dll, TcpClientExtensions.MessageLoopAsync: Polling on remoteEndPoint: 127.0.0.1:52567 localEndPoint: 127.0.0.1:52566
TpTrace Verbose: 0 : 37120, 14, 2022/03/22, 09:28:39.512, 48247157278, vstest.console.dll, TcpClientExtensions.MessageLoopAsync: Polling on remoteEndPoint: 127.0.0.1:52567 localEndPoint: 127.0.0.1:52566
TpTrace Verbose: 0 : 37120, 14, 2022/03/22, 09:28:40.527, 48257307150, vstest.console.dll, TcpClientExtensions.MessageLoopAsync: Polling on remoteEndPoint: 127.0.0.1:52567 localEndPoint: 127.0.0.1:52566
TpTrace Verbose: 0 : 37120, 14, 2022/03/22, 09:28:41.540, 48267437184, vstest.console.dll, TcpClientExtensions.MessageLoopAsync: Polling on remoteEndPoint: 127.0.0.1:52567 localEndPoint: 127.0.0.1:52566
TpTrace Verbose: 0 : 37120, 14, 2022/03/22, 09:28:42.551, 48277547686, vstest.console.dll, TcpClientExtensions.MessageLoopAsync: Polling on remoteEndPoint: 127.0.0.1:52567 localEndPoint: 127.0.0.1:52566
TpTrace Verbose: 0 : 37120, 14, 2022/03/22, 09:28:43.561, 48287647662, vstest.console.dll, TcpClientExtensions.MessageLoopAsync: Polling on remoteEndPoint: 127.0.0.1:52567 localEndPoint: 127.0.0.1:52566
TpTrace Verbose: 0 : 37120, 14, 2022/03/22, 09:28:44.573, 48297767069, vstest.console.dll, TcpClientExtensions.MessageLoopAsync: Polling on remoteEndPoint: 127.0.0.1:52567 localEndPoint: 127.0.0.1:52566
TpTrace Verbose: 0 : 37120, 14, 2022/03/22, 09:28:45.585, 48307887389, vstest.console.dll, TcpClientExtensions.MessageLoopAsync: Polling on remoteEndPoint: 127.0.0.1:52567 localEndPoint: 127.0.0.1:52566
TpTrace Verbose: 0 : 37120, 14, 2022/03/22, 09:28:46.595, 48317987362, vstest.console.dll, TcpClientExtensions.MessageLoopAsync: Polling on remoteEndPoint: 127.0.0.1:52567 localEndPoint: 127.0.0.1:52566
TpTrace Verbose: 0 : 37120, 14, 2022/03/22, 09:28:47.603, 48328067588, vstest.console.dll, TcpClientExtensions.MessageLoopAsync: Polling on remoteEndPoint: 127.0.0.1:52567 localEndPoint: 127.0.0.1:52566
TpTrace Verbose: 0 : 37120, 14, 2022/03/22, 09:28:48.614, 48338177128, vstest.console.dll, TcpClientExtensions.MessageLoopAsync: Polling on remoteEndPoint: 127.0.0.1:52567 localEndPoint: 127.0.0.1:52566
TpTrace Verbose: 0 : 37120, 14, 2022/03/22, 09:28:49.616, 48348203940, vstest.console.dll, TcpClientExtensions.MessageLoopAsync: Polling on remoteEndPoint: 127.0.0.1:52567 localEndPoint: 127.0.0.1:52566
TpTrace Verbose: 0 : 37120, 14, 2022/03/22, 09:28:50.630, 48358342602, vstest.console.dll, TcpClientExtensions.MessageLoopAsync: Polling on remoteEndPoint: 127.0.0.1:52567 localEndPoint: 127.0.0.1:52566
TpTrace Verbose: 0 : 37120, 14, 2022/03/22, 09:28:51.643, 48368472962, vstest.console.dll, TcpClientExtensions.MessageLoopAsync: Polling on remoteEndPoint: 127.0.0.1:52567 localEndPoint: 127.0.0.1:52566
TpTrace Verbose: 0 : 37120, 14, 2022/03/22, 09:28:52.645, 48378493236, vstest.console.dll, TcpClientExtensions.MessageLoopAsync: Polling on remoteEndPoint: 127.0.0.1:52567 localEndPoint: 127.0.0.1:52566
TpTrace Verbose: 0 : 37120, 14, 2022/03/22, 09:28:53.654, 48388582931, vstest.console.dll, TcpClientExtensions.MessageLoopAsync: Polling on remoteEndPoint: 127.0.0.1:52567 localEndPoint: 127.0.0.1:52566
TpTrace Verbose: 0 : 37120, 14, 2022/03/22, 09:28:54.655, 48398592853, vstest.console.dll, TcpClientExtensions.MessageLoopAsync: Polling on remoteEndPoint: 127.0.0.1:52567 localEndPoint: 127.0.0.1:52566
TpTrace Verbose: 0 : 37120, 14, 2022/03/22, 09:28:55.668, 48408722774, vstest.console.dll, TcpClientExtensions.MessageLoopAsync: Polling on remoteEndPoint: 127.0.0.1:52567 localEndPoint: 127.0.0.1:52566
TpTrace Verbose: 0 : 37120, 14, 2022/03/22, 09:28:56.683, 48418873130, vstest.console.dll, TcpClientExtensions.MessageLoopAsync: Polling on remoteEndPoint: 127.0.0.1:52567 localEndPoint: 127.0.0.1:52566
TpTrace Verbose: 0 : 37120, 14, 2022/03/22, 09:28:57.694, 48428982519, vstest.console.dll, TcpClientExtensions.MessageLoopAsync: Polling on remoteEndPoint: 127.0.0.1:52567 localEndPoint: 127.0.0.1:52566
TpTrace Verbose: 0 : 37120, 14, 2022/03/22, 09:28:58.696, 48439003101, vstest.console.dll, TcpClientExtensions.MessageLoopAsync: Polling on remoteEndPoint: 127.0.0.1:52567 localEndPoint: 127.0.0.1:52566
TpTrace Verbose: 0 : 37120, 14, 2022/03/22, 09:28:59.707, 48449113027, vstest.console.dll, TcpClientExtensions.MessageLoopAsync: Polling on remoteEndPoint: 127.0.0.1:52567 localEndPoint: 127.0.0.1:52566
TpTrace Verbose: 0 : 37120, 14, 2022/03/22, 09:29:00.720, 48459242933, vstest.console.dll, TcpClientExtensions.MessageLoopAsync: Polling on remoteEndPoint: 127.0.0.1:52567 localEndPoint: 127.0.0.1:52566
TpTrace Verbose: 0 : 37120, 14, 2022/03/22, 09:29:01.732, 48469362489, vstest.console.dll, TcpClientExtensions.MessageLoopAsync: Polling on remoteEndPoint: 127.0.0.1:52567 localEndPoint: 127.0.0.1:52566
TpTrace Verbose: 0 : 37120, 14, 2022/03/22, 09:29:02.738, 48479422837, vstest.console.dll, TcpClientExtensions.MessageLoopAsync: Polling on remoteEndPoint: 127.0.0.1:52567 localEndPoint: 127.0.0.1:52566
TpTrace Verbose: 0 : 37120, 14, 2022/03/22, 09:29:03.747, 48489512684, vstest.console.dll, TcpClientExtensions.MessageLoopAsync: Polling on remoteEndPoint: 127.0.0.1:52567 localEndPoint: 127.0.0.1:52566
TpTrace Verbose: 0 : 37120, 14, 2022/03/22, 09:29:04.759, 48499632636, vstest.console.dll, TcpClientExtensions.MessageLoopAsync: Polling on remoteEndPoint: 127.0.0.1:52567 localEndPoint: 127.0.0.1:52566
TpTrace Verbose: 0 : 37120, 14, 2022/03/22, 09:29:05.773, 48509772535, vstest.console.dll, TcpClientExtensions.MessageLoopAsync: Polling on remoteEndPoint: 127.0.0.1:52567 localEndPoint: 127.0.0.1:52566
TpTrace Verbose: 0 : 37120, 14, 2022/03/22, 09:29:06.781, 48519852799, vstest.console.dll, TcpClientExtensions.MessageLoopAsync: Polling on remoteEndPoint: 127.0.0.1:52567 localEndPoint: 127.0.0.1:52566
TpTrace Verbose: 0 : 37120, 14, 2022/03/22, 09:29:07.792, 48529962622, vstest.console.dll, TcpClientExtensions.MessageLoopAsync: Polling on remoteEndPoint: 127.0.0.1:52567 localEndPoint: 127.0.0.1:52566
TpTrace Verbose: 0 : 37120, 14, 2022/03/22, 09:29:08.807, 48540113469, vstest.console.dll, TcpClientExtensions.MessageLoopAsync: Polling on remoteEndPoint: 127.0.0.1:52567 localEndPoint: 127.0.0.1:52566
TpTrace Verbose: 0 : 37120, 14, 2022/03/22, 09:29:09.819, 48550232842, vstest.console.dll, TcpClientExtensions.MessageLoopAsync: Polling on remoteEndPoint: 127.0.0.1:52567 localEndPoint: 127.0.0.1:52566
TpTrace Verbose: 0 : 37120, 14, 2022/03/22, 09:29:10.828, 48560322694, vstest.console.dll, TcpClientExtensions.MessageLoopAsync: Polling on remoteEndPoint: 127.0.0.1:52567 localEndPoint: 127.0.0.1:52566
TpTrace Verbose: 0 : 37120, 14, 2022/03/22, 09:29:11.840, 48570442758, vstest.console.dll, TcpClientExtensions.MessageLoopAsync: Polling on remoteEndPoint: 127.0.0.1:52567 localEndPoint: 127.0.0.1:52566
TpTrace Verbose: 0 : 37120, 14, 2022/03/22, 09:29:12.850, 48580543072, vstest.console.dll, TcpClientExtensions.MessageLoopAsync: Polling on remoteEndPoint: 127.0.0.1:52567 localEndPoint: 127.0.0.1:52566
TpTrace Verbose: 0 : 37120, 14, 2022/03/22, 09:29:13.853, 48590573141, vstest.console.dll, TcpClientExtensions.MessageLoopAsync: Polling on remoteEndPoint: 127.0.0.1:52567 localEndPoint: 127.0.0.1:52566
TpTrace Verbose: 0 : 37120, 14, 2022/03/22, 09:29:14.860, 48600643012, vstest.console.dll, TcpClientExtensions.MessageLoopAsync: Polling on remoteEndPoint: 127.0.0.1:52567 localEndPoint: 127.0.0.1:52566
TpTrace Verbose: 0 : 37120, 14, 2022/03/22, 09:29:15.867, 48610713089, vstest.console.dll, TcpClientExtensions.MessageLoopAsync: Polling on remoteEndPoint: 127.0.0.1:52567 localEndPoint: 127.0.0.1:52566
TpTrace Verbose: 0 : 37120, 14, 2022/03/22, 09:29:16.879, 48620832550, vstest.console.dll, TcpClientExtensions.MessageLoopAsync: Polling on remoteEndPoint: 127.0.0.1:52567 localEndPoint: 127.0.0.1:52566
TpTrace Verbose: 0 : 37120, 14, 2022/03/22, 09:29:17.891, 48630952707, vstest.console.dll, TcpClientExtensions.MessageLoopAsync: Polling on remoteEndPoint: 127.0.0.1:52567 localEndPoint: 127.0.0.1:52566
TpTrace Verbose: 0 : 37120, 14, 2022/03/22, 09:29:18.901, 48641052943, vstest.console.dll, TcpClientExtensions.MessageLoopAsync: Polling on remoteEndPoint: 127.0.0.1:52567 localEndPoint: 127.0.0.1:52566
TpTrace Verbose: 0 : 37120, 14, 2022/03/22, 09:29:19.912, 48651162612, vstest.console.dll, TcpClientExtensions.MessageLoopAsync: Polling on remoteEndPoint: 127.0.0.1:52567 localEndPoint: 127.0.0.1:52566
TpTrace Verbose: 0 : 37120, 14, 2022/03/22, 09:29:20.923, 48661272705, vstest.console.dll, TcpClientExtensions.MessageLoopAsync: Polling on remoteEndPoint: 127.0.0.1:52567 localEndPoint: 127.0.0.1:52566
TpTrace Verbose: 0 : 37120, 14, 2022/03/22, 09:29:21.937, 48671412755, vstest.console.dll, TcpClientExtensions.MessageLoopAsync: Polling on remoteEndPoint: 127.0.0.1:52567 localEndPoint: 127.0.0.1:52566
TpTrace Verbose: 0 : 37120, 14, 2022/03/22, 09:29:22.938, 48681419729, vstest.console.dll, TcpClientExtensions.MessageLoopAsync: Polling on remoteEndPoint: 127.0.0.1:52567 localEndPoint: 127.0.0.1:52566
TpTrace Verbose: 0 : 37120, 14, 2022/03/22, 09:29:23.951, 48691546676, vstest.console.dll, TcpClientExtensions.MessageLoopAsync: Polling on remoteEndPoint: 127.0.0.1:52567 localEndPoint: 127.0.0.1:52566
TpTrace Verbose: 0 : 37120, 14, 2022/03/22, 09:29:24.966, 48701697210, vstest.console.dll, TcpClientExtensions.MessageLoopAsync: Polling on remoteEndPoint: 127.0.0.1:52567 localEndPoint: 127.0.0.1:52566
TpTrace Verbose: 0 : 37120, 14, 2022/03/22, 09:29:25.977, 48711806670, vstest.console.dll, TcpClientExtensions.MessageLoopAsync: Polling on remoteEndPoint: 127.0.0.1:52567 localEndPoint: 127.0.0.1:52566
TpTrace Verbose: 0 : 37120, 14, 2022/03/22, 09:29:26.982, 48721857344, vstest.console.dll, TcpClientExtensions.MessageLoopAsync: Polling on remoteEndPoint: 127.0.0.1:52567 localEndPoint: 127.0.0.1:52566
TpTrace Verbose: 0 : 37120, 14, 2022/03/22, 09:29:27.994, 48731977182, vstest.console.dll, TcpClientExtensions.MessageLoopAsync: Polling on remoteEndPoint: 127.0.0.1:52567 localEndPoint: 127.0.0.1:52566
TpTrace Verbose: 0 : 37120, 14, 2022/03/22, 09:29:29.005, 48742087539, vstest.console.dll, TcpClientExtensions.MessageLoopAsync: Polling on remoteEndPoint: 127.0.0.1:52567 localEndPoint: 127.0.0.1:52566
TpTrace Verbose: 0 : 37120, 14, 2022/03/22, 09:29:30.006, 48752097895, vstest.console.dll, TcpClientExtensions.MessageLoopAsync: Polling on remoteEndPoint: 127.0.0.1:52567 localEndPoint: 127.0.0.1:52566
TpTrace Verbose: 0 : 37120, 14, 2022/03/22, 09:29:31.011, 48762147497, vstest.console.dll, TcpClientExtensions.MessageLoopAsync: Polling on remoteEndPoint: 127.0.0.1:52567 localEndPoint: 127.0.0.1:52566
TpTrace Verbose: 0 : 37120, 14, 2022/03/22, 09:29:32.024, 48772277390, vstest.console.dll, TcpClientExtensions.MessageLoopAsync: Polling on remoteEndPoint: 127.0.0.1:52567 localEndPoint: 127.0.0.1:52566
TpTrace Verbose: 0 : 37120, 14, 2022/03/22, 09:29:32.566, 48777698320, vstest.console.dll, TcpClientExtensions.MessageLoopAsync: NotifyDataAvailable remoteEndPoint: 127.0.0.1:52567 localEndPoint: 127.0.0.1:52566
TpTrace Verbose: 0 : 37120, 14, 2022/03/22, 09:29:32.566, 48777701605, vstest.console.dll, TestRequestSender.OnExecutionMessageReceived: Received message: {"Version":5,"MessageType":"TestExecution.StatsChange","Payload":{"NewTestResults":[{"TestCase":{"Id":"ffcccd85-bb55-126f-885f-a2397b7caf45","FullyQualifiedName":"RSA2048Test.RSA2048Test.ValidateMaxStringEncriptedLengthFor16384","DisplayName":"RSA2048Test.RSA2048Test.ValidateMaxStringEncriptedLengthFor16384","ExecutorUri":"executor://xunit/VsTestRunner2/netcoreapp","Source":"D:\\Estudio\\Ejercicios\\tartaro\\.net\\RSA2048Test\\bin\\Debug\\net5.0\\fine-code-coverage\\build-output\\RSA2048Test.dll","CodeFilePath":null,"LineNumber":0,"Properties":[]},"Attachments":[],"Outcome":1,"ErrorMessage":null,"ErrorStackTrace":null,"DisplayName":"RSA2048Test.RSA2048Test.ValidateMaxStringEncriptedLengthFor16384","Messages":[{"Category":"StdOutMsgs","Text":"1018 caracteres\r\n12345678901234567890123456789012345678901234567890123456789012345678901234567890123456789012345678901234567890123456789012345678901234567890123456789012345678901234567890123456789012345678901234567890123456789012345678901234567890123456789012345678901234567890123456789012345678901234567890123456789012345678901234567890123456789012345678901234567890123456789012345678901234567890123456789012345678901234567890123456789012345678901234567890123456789012345678901234567890123456789012345678901234567890123456789012345678901234567890123456789012345678901234567890123456789012345678901234567890123456789012345678901234567890123456789012345678901234567890123456789012345678901234567890123456789012345678901234567890123456789012345678901234567890123456789012345678901234567890123456789012345678901234567890123456789012345678901234567890123456789012345678901234567890123456789012345678901234567890123456789012345678901234567890123456789012345678901234567890123456789012345678901234567890123456789012345678901234567890ZZZZZZZZ\r\n"}],"ComputerName":"NIGHTMARE-JPCH","Duration":"00:01:03.4918492","StartTime":"2022-03-22T14:29:32.5640817+00:00","EndTime":"2022-03-22T14:29:32.5640835+00:00","Properties":[]}],"TestRunStatistics":{"ExecutedTests":2,"Stats":{"Passed":2}},"ActiveTests":[{"Id":"45c926da-069a-e096-9c02-05d620963e3e","FullyQualifiedName":"RSA2048Test.RSA2048Test.ValidateMaxStringEncriptedLengthFor8192","DisplayName":"RSA2048Test.RSA2048Test.ValidateMaxStringEncriptedLengthFor8192","ExecutorUri":"executor://xunit/VsTestRunner2/netcoreapp","Source":"D:\\Estudio\\Ejercicios\\tartaro\\.net\\RSA2048Test\\bin\\Debug\\net5.0\\fine-code-coverage\\build-output\\RSA2048Test.dll","CodeFilePath":null,"LineNumber":0,"Properties":[]}]}}
TpTrace Verbose: 0 : 37120, 14, 2022/03/22, 09:29:32.567, 48777707975, vstest.console.dll, TestRunRequest:SendTestRunStatsChange: Starting.
TpTrace Verbose: 0 : 37120, 14, 2022/03/22, 09:29:32.567, 48777708643, vstest.console.dll, InProgress is RSA2048Test.RSA2048Test.ValidateMaxStringEncriptedLengthFor8192
TpTrace Information: 0 : 37120, 14, 2022/03/22, 09:29:32.567, 48777709235, vstest.console.dll, TestRunRequest:SendTestRunStatsChange: Completed.
TpTrace Verbose: 0 : 37120, 14, 2022/03/22, 09:29:32.567, 48777709625, vstest.console.dll, TcpClientExtensions.MessageLoopAsync: Polling on remoteEndPoint: 127.0.0.1:52567 localEndPoint: 127.0.0.1:52566
TpTrace Verbose: 0 : 37120, 14, 2022/03/22, 09:29:33.574, 48787777853, vstest.console.dll, TcpClientExtensions.MessageLoopAsync: Polling on remoteEndPoint: 127.0.0.1:52567 localEndPoint: 127.0.0.1:52566
TpTrace Verbose: 0 : 37120, 14, 2022/03/22, 09:29:34.585, 48797887544, vstest.console.dll, TcpClientExtensions.MessageLoopAsync: Polling on remoteEndPoint: 127.0.0.1:52567 localEndPoint: 127.0.0.1:52566
TpTrace Verbose: 0 : 37120, 14, 2022/03/22, 09:29:35.592, 48807957660, vstest.console.dll, TcpClientExtensions.MessageLoopAsync: Polling on remoteEndPoint: 127.0.0.1:52567 localEndPoint: 127.0.0.1:52566
TpTrace Verbose: 0 : 37120, 14, 2022/03/22, 09:29:36.605, 48818087497, vstest.console.dll, TcpClientExtensions.MessageLoopAsync: Polling on remoteEndPoint: 127.0.0.1:52567 localEndPoint: 127.0.0.1:52566
TpTrace Verbose: 0 : 37120, 14, 2022/03/22, 09:29:37.613, 48828168820, vstest.console.dll, TcpClientExtensions.MessageLoopAsync: Polling on remoteEndPoint: 127.0.0.1:52567 localEndPoint: 127.0.0.1:52566
TpTrace Verbose: 0 : 37120, 14, 2022/03/22, 09:29:38.622, 48838258438, vstest.console.dll, TcpClientExtensions.MessageLoopAsync: Polling on remoteEndPoint: 127.0.0.1:52567 localEndPoint: 127.0.0.1:52566
TpTrace Verbose: 0 : 37120, 14, 2022/03/22, 09:29:39.636, 48848398472, vstest.console.dll, TcpClientExtensions.MessageLoopAsync: Polling on remoteEndPoint: 127.0.0.1:52567 localEndPoint: 127.0.0.1:52566
TpTrace Verbose: 0 : 37120, 14, 2022/03/22, 09:29:40.644, 48858478626, vstest.console.dll, TcpClientExtensions.MessageLoopAsync: Polling on remoteEndPoint: 127.0.0.1:52567 localEndPoint: 127.0.0.1:52566
TpTrace Verbose: 0 : 37120, 14, 2022/03/22, 09:29:41.657, 48868608880, vstest.console.dll, TcpClientExtensions.MessageLoopAsync: Polling on remoteEndPoint: 127.0.0.1:52567 localEndPoint: 127.0.0.1:52566
TpTrace Verbose: 0 : 37120, 14, 2022/03/22, 09:29:42.660, 48878644033, vstest.console.dll, TcpClientExtensions.MessageLoopAsync: Polling on remoteEndPoint: 127.0.0.1:52567 localEndPoint: 127.0.0.1:52566
TpTrace Verbose: 0 : 37120, 14, 2022/03/22, 09:29:43.671, 48888753863, vstest.console.dll, TcpClientExtensions.MessageLoopAsync: Polling on remoteEndPoint: 127.0.0.1:52567 localEndPoint: 127.0.0.1:52566
TpTrace Verbose: 0 : 37120, 14, 2022/03/22, 09:29:44.215, 48894187585, vstest.console.dll, TcpClientExtensions.MessageLoopAsync: NotifyDataAvailable remoteEndPoint: 127.0.0.1:52567 localEndPoint: 127.0.0.1:52566
TpTrace Verbose: 0 : 37120, 14, 2022/03/22, 09:29:44.215, 48894189038, vstest.console.dll, TestRequestSender.OnExecutionMessageReceived: Received message: {"Version":5,"MessageType":"TestExecution.StatsChange","Payload":{"NewTestResults":[{"TestCase":{"Id":"45c926da-069a-e096-9c02-05d620963e3e","FullyQualifiedName":"RSA2048Test.RSA2048Test.ValidateMaxStringEncriptedLengthFor8192","DisplayName":"RSA2048Test.RSA2048Test.ValidateMaxStringEncriptedLengthFor8192","ExecutorUri":"executor://xunit/VsTestRunner2/netcoreapp","Source":"D:\\Estudio\\Ejercicios\\tartaro\\.net\\RSA2048Test\\bin\\Debug\\net5.0\\fine-code-coverage\\build-output\\RSA2048Test.dll","CodeFilePath":null,"LineNumber":0,"Properties":[]},"Attachments":[],"Outcome":1,"ErrorMessage":null,"ErrorStackTrace":null,"DisplayName":"RSA2048Test.RSA2048Test.ValidateMaxStringEncriptedLengthFor8192","Messages":[{"Category":"StdOutMsgs","Text":"506 caracteres\r\n12345678901234567890123456789012345678901234567890123456789012345678901234567890123456789012345678901234567890123456789012345678901234567890123456789012345678901234567890123456789012345678901234567890123456789012345678901234567890123456789012345678901234567890123456789012345678901234567890123456789012345678901234567890123456789012345678901234567890123456789012345678901234567890123456789012345678901234567890123456789012345678901234567890123456789012345678901234567890123456789012345678901234567890ZZZZZZ\r\n"}],"ComputerName":"NIGHTMARE-JPCH","Duration":"00:00:11.6493833","StartTime":"2022-03-22T14:29:44.2135551+00:00","EndTime":"2022-03-22T14:29:44.213557+00:00","Properties":[]}],"TestRunStatistics":{"ExecutedTests":3,"Stats":{"Passed":3}},"ActiveTests":[{"Id":"8e0aec41-5ae2-1ec0-d0dc-008b98b82bc5","FullyQualifiedName":"RSA2048Test.RSA2048Test.Compressing","DisplayName":"RSA2048Test.RSA2048Test.Compressing","ExecutorUri":"executor://xunit/VsTestRunner2/netcoreapp","Source":"D:\\Estudio\\Ejercicios\\tartaro\\.net\\RSA2048Test\\bin\\Debug\\net5.0\\fine-code-coverage\\build-output\\RSA2048Test.dll","CodeFilePath":null,"LineNumber":0,"Properties":[]}]}}
TpTrace Verbose: 0 : 37120, 14, 2022/03/22, 09:29:44.215, 48894194339, vstest.console.dll, TestRunRequest:SendTestRunStatsChange: Starting.
TpTrace Verbose: 0 : 37120, 14, 2022/03/22, 09:29:44.215, 48894194868, vstest.console.dll, InProgress is RSA2048Test.RSA2048Test.Compressing
TpTrace Information: 0 : 37120, 14, 2022/03/22, 09:29:44.215, 48894195316, vstest.console.dll, TestRunRequest:SendTestRunStatsChange: Completed.
TpTrace Verbose: 0 : 37120, 14, 2022/03/22, 09:29:44.216, 48894195712, vstest.console.dll, TcpClientExtensions.MessageLoopAsync: Polling on remoteEndPoint: 127.0.0.1:52567 localEndPoint: 127.0.0.1:52566
TpTrace Verbose: 0 : 37120, 14, 2022/03/22, 09:29:45.217, 48904213906, vstest.console.dll, TcpClientExtensions.MessageLoopAsync: Polling on remoteEndPoint: 127.0.0.1:52567 localEndPoint: 127.0.0.1:52566
TpTrace Verbose: 0 : 37120, 14, 2022/03/22, 09:29:45.719, 48909230780, vstest.console.dll, TcpClientExtensions.MessageLoopAsync: NotifyDataAvailable remoteEndPoint: 127.0.0.1:52567 localEndPoint: 127.0.0.1:52566
TpTrace Verbose: 0 : 37120, 14, 2022/03/22, 09:29:45.719, 48909232862, vstest.console.dll, TestRequestSender.OnExecutionMessageReceived: Received message: {"Version":5,"MessageType":"TestExecution.StatsChange","Payload":{"NewTestResults":[{"TestCase":{"Id":"8e0aec41-5ae2-1ec0-d0dc-008b98b82bc5","FullyQualifiedName":"RSA2048Test.RSA2048Test.Compressing","DisplayName":"RSA2048Test.RSA2048Test.Compressing","ExecutorUri":"executor://xunit/VsTestRunner2/netcoreapp","Source":"D:\\Estudio\\Ejercicios\\tartaro\\.net\\RSA2048Test\\bin\\Debug\\net5.0\\fine-code-coverage\\build-output\\RSA2048Test.dll","CodeFilePath":null,"LineNumber":0,"Properties":[]},"Attachments":[],"Outcome":1,"ErrorMessage":null,"ErrorStackTrace":null,"DisplayName":"RSA2048Test.RSA2048Test.Compressing","Messages":[{"Category":"StdOutMsgs","Text":"Normal: {\"TransactionReference\":\"82592564-40d6-e6bf-2d42-3a017bffe69c\",\"NumberCard\":\"5451951574925480\",\"Identification\":\"1103533095\",\"IdentificationType\":\"CEDULA\",\"HomePhone\":\"072579999\",\"WorkPhone\":\"072579999\",\"CellPhone\":\"0999999999\",\"Email\":\"software@bocetosoft.com\",\"Brand\":\"MASTERCARD\",\"City\":\"LOJA/LOJA\",\"Address\":\"Calle principal 123456 y secundaria\",\"FirstName\":\"Manuel\",\"SecondName\":\"Jos\",\"FirsLastName\":\"Prieto\",\"SecondLastName\":\"Sous\",\"Gender\":\"MASCULINO\",\"CivilStatus\":\"CASADO\",\"DateBirth\":\"1978-10-25T00:00:00\",\"Income\":11000.0,\"Patrimony\":500000.0,\"EconomicActivity\":\"N821100\"}, 584 caracteres\r\nComprimido: bZHhatswEMdfJdxnuZNky478qa6TbS1pGuKUflakMxWzpSDLHWHsgfYce7GhtITBdgiBfvc/7n+nH3AIyk1KR+vdHnsM6DRCDUsuJBdlkRXUlBmWxz7jpuBZriirjn2PpdRAYDuPRwytCgZqEIVgUjBRFZKLYkmBwL1BF21vtUoNoAbGaC7ynErxT/ZwPqXO7Xr1vGmAwFc/4u7VuwRpxUUlpZRA4MWHb//jLQ7DlSftJYDAelR2gBom38fvKuDt0WuMPj1vtB+BwF1QLk3w2HSH9b5t9isg0Np4hho2Tw/Np3QBgcaYgNOUXKphwMUpWKftSQ0LxvNClIvzYkI9O6OCVUDgsw1T3KoxjfCo3IwDEOhQe2c+6IOffv/6UG7UVbwLFqO/iv/KdH6egMAXdAbDu+X2eXO/fbo4frNDF1WcLxabrlklvFIR72yIr2n/slpmjGZcHCitLyd9hNM+mWSMUnpDCexUDHb07gy1oCkSXGvv/Gh1o6N9e1/OdslTDfz8Aw==, 520 caracteres\r\nDescomprimido: {\"TransactionReference\":\"82592564-40d6-e6bf-2d42-3a017bffe69c\",\"NumberCard\":\"5451951574925480\",\"Identification\":\"1103533095\",\"IdentificationType\":\"CEDULA\",\"HomePhone\":\"072579999\",\"WorkPhone\":\"072579999\",\"CellPhone\":\"0999999999\",\"Email\":\"software@bocetosoft.com\",\"Brand\":\"MASTERCARD\",\"City\":\"LOJA/LOJA\",\"Address\":\"Calle principal 123456 y secundaria\",\"FirstName\":\"Manuel\",\"SecondName\":\"Jos\",\"FirsLastName\":\"Prieto\",\"SecondLastName\":\"Sous\",\"Gender\":\"MASCULINO\",\"CivilStatus\":\"CASADO\",\"DateBirth\":\"1978-10-25T00:00:00\",\"Income\":11000.0,\"Patrimony\":500000.0,\"EconomicActivity\":\"N821100\"}, 584 caracteres\r\nNormal: eyJUcmFuc2FjdGlvblJlZmVyZW5jZSI6IjgyNTkyNTY0LTQwZDYtZTZiZi0yZDQyLTNhMDE3YmZmZTY5YyIsIk51bWJlckNhcmQiOiI1NDUxOTUxNTc0OTI1NDgwIiwiSWRlbnRpZmljYXRpb24iOiIxMTAzNTMzMDk1IiwiSWRlbnRpZmljYXRpb25UeXBlIjoiQ0VEVUxBIiwiSG9tZVBob25lIjoiMDcyNTc5OTk5IiwiV29ya1Bob25lIjoiMDcyNTc5OTk5IiwiQ2VsbFBob25lIjoiMDk5OTk5OTk5OSIsIkVtYWlsIjoic29mdHdhcmVAYm9jZXRvc29mdC5jb20iLCJCcmFuZCI6Ik1BU1RFUkNBUkQiLCJDaXR5IjoiTE9KQS9MT0pBIiwiQWRkcmVzcyI6IkNhbGxlIHByaW5jaXBhbCAxMjM0NTYgeSBzZWN1bmRhcmlhIiwiRmlyc3ROYW1lIjoiTWFudWVsIiwiU2Vjb25kTmFtZSI6Ikpvc8OpIiwiRmlyc0xhc3ROYW1lIjoiUHJpZXRvIiwiU2Vjb25kTGFzdE5hbWUiOiJTb3VzIiwiR2VuZGVyIjoiTUFTQ1VMSU5PIiwiQ2l2aWxTdGF0dXMiOiJDQVNBRE8iLCJEYXRlQmlydGgiOiIxOTc4LTEwLTI1VDAwOjAwOjAwIiwiSW5jb21lIjoxMTAwMC4wLCJQYXRyaW1vbnkiOjUwMDAwMC4wLCJFY29ub21pY0FjdGl2aXR5IjoiTjgyMTEwMCJ9, 780 caracteres\r\nComprimido: dZJJb6QwEIX/EjghCsdmDUwbBuMF+9Y2UbPYCVIv4P71IzNSlEgzBx/sr15Z71W925Iok90UyKY+13epSy0MtYIFk2iLl2I62wrPtsLcO+JmFQm/CixGMXpWJI094mqASfrEjTAC84Db4lLMgS9ZqdVcDco0Yz0WfpWQrcZkq7Dyauzu57UY17FlSMsPtAijJ96hRYJnV79BfHhUGD5gMvv/rgvIexfpYvocG4+mlGzRXpeHV0GjTwmCncFE2QqroMZz4DgFoT35/+cNoBeZfefzrnX6unXe6JUzfXH/KhCa/q0flKEHbsJJdOi+v8XBJIE3HuMydtmKuHgpZj8iPsrIXEVkbhxLTh0KXB+chr+aNoTYW3YPDUOzMvShrNNVg8w3XbxF9sSC6dRFg4wPG5ygV2F+fm+jh2CVLw0alNGD84iMtuoJ1Zz5ewaYZbee0YtjBNBJgmDGJrvu852Xu3qtly+dtw3fteStXJyvH9o8e/RpMEhGxnossXyij10P6E3k1O6eSIYbn8KWBL8da4AGJ7bhPs+8voNOlzS0ilD66rJIeYd0Y7Tt8/M+/xqr5yNO1yMufJoc1nr6e1yvlrl8d29uT1YYP6/HuGx4h+yJ+Xf5MY/1RFaYfLGMg/Amgb9wb99z8JX9dLYQpyuMy/AP, 664 caracteres\r\nDescomprimido: eyJUcmFuc2FjdGlvblJlZmVyZW5jZSI6IjgyNTkyNTY0LTQwZDYtZTZiZi0yZDQyLTNhMDE3YmZmZTY5YyIsIk51bWJlckNhcmQiOiI1NDUxOTUxNTc0OTI1NDgwIiwiSWRlbnRpZmljYXRpb24iOiIxMTAzNTMzMDk1IiwiSWRlbnRpZmljYXRpb25UeXBlIjoiQ0VEVUxBIiwiSG9tZVBob25lIjoiMDcyNTc5OTk5IiwiV29ya1Bob25lIjoiMDcyNTc5OTk5IiwiQ2VsbFBob25lIjoiMDk5OTk5OTk5OSIsIkVtYWlsIjoic29mdHdhcmVAYm9jZXRvc29mdC5jb20iLCJCcmFuZCI6Ik1BU1RFUkNBUkQiLCJDaXR5IjoiTE9KQS9MT0pBIiwiQWRkcmVzcyI6IkNhbGxlIHByaW5jaXBhbCAxMjM0NTYgeSBzZWN1bmRhcmlhIiwiRmlyc3ROYW1lIjoiTWFudWVsIiwiU2Vjb25kTmFtZSI6Ikpvc8OpIiwiRmlyc0xhc3ROYW1lIjoiUHJpZXRvIiwiU2Vjb25kTGFzdE5hbWUiOiJTb3VzIiwiR2VuZGVyIjoiTUFTQ1VMSU5PIiwiQ2l2aWxTdGF0dXMiOiJDQVNBRE8iLCJEYXRlQmlydGgiOiIxOTc4LTEwLTI1VDAwOjAwOjAwIiwiSW5jb21lIjoxMTAwMC4wLCJQYXRyaW1vbnkiOjUwMDAwMC4wLCJFY29ub21pY0FjdGl2aXR5IjoiTjgyMTEwMCJ9, 780 caracteres\r\n"}],"ComputerName":"NIGHTMARE-JPCH","Duration":"00:00:00.0032640","StartTime":"2022-03-22T14:29:44.2168843+00:00","EndTime":"2022-03-22T14:29:44.2168861+00:00","Properties":[]},{"TestCase":{"Id":"28206fcc-a091-9b23-554d-34561a6cb9d8","FullyQualifiedName":"RSA2048Test.RSA2048Test.Test1","DisplayName":"RSA2048Test.RSA2048Test.Test1","ExecutorUri":"executor://xunit/VsTestRunner2/netcoreapp","Source":"D:\\Estudio\\Ejercicios\\tartaro\\.net\\RSA2048Test\\bin\\Debug\\net5.0\\fine-code-coverage\\build-output\\RSA2048Test.dll","CodeFilePath":null,"LineNumber":0,"Properties":[]},"Attachments":[],"Outcome":1,"ErrorMessage":null,"ErrorStackTrace":null,"DisplayName":"RSA2048Test.RSA2048Test.Test1","Messages":[{"Category":"StdOutMsgs","Text":"36 caracteres\r\n82592564-40d6-e6bf-2d42-3a017bffe69c\r\n"}],"ComputerName":"NIGHTMARE-JPCH","Duration":"00:00:00.0995526","StartTime":"2022-03-22T14:29:44.3165234+00:00","EndTime":"2022-03-22T14:29:44.3165252+00:00","Properties":[]}],"TestRunStatistics":{"ExecutedTests":5,"Stats":{"Passed":5}},"ActiveTests":[{"Id":"70540efe-3966-c476-006f-742a5edd2df3","FullyQualifiedName":"RSA2048Test.RSA2048Test.RSA12288WithCompressedString","DisplayName":"RSA2048Test.RSA2048Test.RSA12288WithCompressedString","ExecutorUri":"executor://xunit/VsTestRunner2/netcoreapp","Source":"D:\\Estudio\\Ejercicios\\tartaro\\.net\\RSA2048Test\\bin\\Debug\\net5.0\\fine-code-coverage\\build-output\\RSA2048Test.dll","CodeFilePath":null,"LineNumber":0,"Properties":[]}]}}
TpTrace Verbose: 0 : 37120, 14, 2022/03/22, 09:29:45.720, 48909241446, vstest.console.dll, TestRunRequest:SendTestRunStatsChange: Starting.
TpTrace Verbose: 0 : 37120, 14, 2022/03/22, 09:29:45.720, 48909242047, vstest.console.dll, InProgress is RSA2048Test.RSA2048Test.RSA12288WithCompressedString
TpTrace Information: 0 : 37120, 14, 2022/03/22, 09:29:45.720, 48909242514, vstest.console.dll, TestRunRequest:SendTestRunStatsChange: Completed.
TpTrace Verbose: 0 : 37120, 14, 2022/03/22, 09:29:45.720, 48909242881, vstest.console.dll, TcpClientExtensions.MessageLoopAsync: Polling on remoteEndPoint: 127.0.0.1:52567 localEndPoint: 127.0.0.1:52566
TpTrace Verbose: 0 : 37120, 14, 2022/03/22, 09:29:46.729, 48919333876, vstest.console.dll, TcpClientExtensions.MessageLoopAsync: Polling on remoteEndPoint: 127.0.0.1:52567 localEndPoint: 127.0.0.1:52566
TpTrace Verbose: 0 : 37120, 14, 2022/03/22, 09:29:47.740, 48929444282, vstest.console.dll, TcpClientExtensions.MessageLoopAsync: Polling on remoteEndPoint: 127.0.0.1:52567 localEndPoint: 127.0.0.1:52566
TpTrace Verbose: 0 : 37120, 14, 2022/03/22, 09:29:48.751, 48939554406, vstest.console.dll, TcpClientExtensions.MessageLoopAsync: Polling on remoteEndPoint: 127.0.0.1:52567 localEndPoint: 127.0.0.1:52566
TpTrace Verbose: 0 : 37120, 14, 2022/03/22, 09:29:49.761, 48949654565, vstest.console.dll, TcpClientExtensions.MessageLoopAsync: Polling on remoteEndPoint: 127.0.0.1:52567 localEndPoint: 127.0.0.1:52566
TpTrace Verbose: 0 : 37120, 14, 2022/03/22, 09:29:50.775, 48959794686, vstest.console.dll, TcpClientExtensions.MessageLoopAsync: Polling on remoteEndPoint: 127.0.0.1:52567 localEndPoint: 127.0.0.1:52566
TpTrace Verbose: 0 : 37120, 14, 2022/03/22, 09:29:51.785, 48969895094, vstest.console.dll, TcpClientExtensions.MessageLoopAsync: Polling on remoteEndPoint: 127.0.0.1:52567 localEndPoint: 127.0.0.1:52566
TpTrace Verbose: 0 : 37120, 14, 2022/03/22, 09:29:52.797, 48980014672, vstest.console.dll, TcpClientExtensions.MessageLoopAsync: Polling on remoteEndPoint: 127.0.0.1:52567 localEndPoint: 127.0.0.1:52566
TpTrace Verbose: 0 : 37120, 14, 2022/03/22, 09:29:53.690, 48988942508, vstest.console.dll, TcpClientExtensions.MessageLoopAsync: NotifyDataAvailable remoteEndPoint: 127.0.0.1:52567 localEndPoint: 127.0.0.1:52566
TpTrace Verbose: 0 : 37120, 14, 2022/03/22, 09:29:53.690, 48988943784, vstest.console.dll, TestRequestSender.OnExecutionMessageReceived: Received message: {"Version":5,"MessageType":"TestExecution.StatsChange","Payload":{"NewTestResults":[{"TestCase":{"Id":"70540efe-3966-c476-006f-742a5edd2df3","FullyQualifiedName":"RSA2048Test.RSA2048Test.RSA12288WithCompressedString","DisplayName":"RSA2048Test.RSA2048Test.RSA12288WithCompressedString","ExecutorUri":"executor://xunit/VsTestRunner2/netcoreapp","Source":"D:\\Estudio\\Ejercicios\\tartaro\\.net\\RSA2048Test\\bin\\Debug\\net5.0\\fine-code-coverage\\build-output\\RSA2048Test.dll","CodeFilePath":null,"LineNumber":0,"Properties":[]},"Attachments":[],"Outcome":1,"ErrorMessage":null,"ErrorStackTrace":null,"DisplayName":"RSA2048Test.RSA2048Test.RSA12288WithCompressedString","Messages":[{"Category":"StdOutMsgs","Text":"{\"TransactionReference\":\"82592564-40d6-e6bf-2d42-3a017bffe69c\",\"NumberCard\":\"5451951574925480\",\"Identification\":\"1103533095\",\"IdentificationType\":\"CEDULA\",\"HomePhone\":\"072579999\",\"WorkPhone\":\"072579999\",\"CellPhone\":\"0999999999\",\"Email\":\"software@bocetosoft.com\",\"Brand\":\"MASTERCARD\",\"City\":\"LOJA/LOJA\",\"Address\":\"Calle principal 123456 y secundaria\",\"FirstName\":\"Manuel\",\"SecondName\":\"Jos\",\"FirsLastName\":\"Prieto\",\"SecondLastName\":\"Sous\",\"Gender\":\"MASCULINO\",\"CivilStatus\":\"CASADO\",\"DateBirth\":\"1978-10-25T00:00:00\",\"Income\":11000.0,\"Patrimony\":500000.0,\"EconomicActivity\":\"N821100\"}\r\n{\"TransactionReference\":\"82592564-40d6-e6bf-2d42-3a017bffe69c\",\"NumberCard\":\"5451951574925480\",\"Identification\":\"1103533095\",\"IdentificationType\":\"CEDULA\",\"HomePhone\":\"072579999\",\"WorkPhone\":\"072579999\",\"CellPhone\":\"0999999999\",\"Email\":\"software@bocetosoft.com\",\"Brand\":\"MASTERCARD\",\"City\":\"LOJA/LOJA\",\"Address\":\"Calle principal 123456 y secundaria\",\"FirstName\":\"Manuel\",\"SecondName\":\"Jos\",\"FirsLastName\":\"Prieto\",\"SecondLastName\":\"Sous\",\"Gender\":\"MASCULINO\",\"CivilStatus\":\"CASADO\",\"DateBirth\":\"1978-10-25T00:00:00\",\"Income\":11000.0,\"Patrimony\":500000.0,\"EconomicActivity\":\"N821100\"}\r\n"}],"ComputerName":"NIGHTMARE-JPCH","Duration":"00:00:09.3726661","StartTime":"2022-03-22T14:29:53.6892646+00:00","EndTime":"2022-03-22T14:29:53.6892665+00:00","Properties":[]}],"TestRunStatistics":{"ExecutedTests":6,"Stats":{"Passed":6}},"ActiveTests":[{"Id":"d85a3f7b-5f2a-8ad8-9670-258d028cb5d0","FullyQualifiedName":"RSA2048Test.RSA2048Test.ValidateMaxStringEncriptedLengthFor12288","DisplayName":"RSA2048Test.RSA2048Test.ValidateMaxStringEncriptedLengthFor12288","ExecutorUri":"executor://xunit/VsTestRunner2/netcoreapp","Source":"D:\\Estudio\\Ejercicios\\tartaro\\.net\\RSA2048Test\\bin\\Debug\\net5.0\\fine-code-coverage\\build-output\\RSA2048Test.dll","CodeFilePath":null,"LineNumber":0,"Properties":[]}]}}
TpTrace Verbose: 0 : 37120, 14, 2022/03/22, 09:29:53.691, 48988948950, vstest.console.dll, TestRunRequest:SendTestRunStatsChange: Starting.
TpTrace Verbose: 0 : 37120, 14, 2022/03/22, 09:29:53.691, 48988949422, vstest.console.dll, InProgress is RSA2048Test.RSA2048Test.ValidateMaxStringEncriptedLengthFor12288
TpTrace Information: 0 : 37120, 14, 2022/03/22, 09:29:53.691, 48988949823, vstest.console.dll, TestRunRequest:SendTestRunStatsChange: Completed.
TpTrace Verbose: 0 : 37120, 14, 2022/03/22, 09:29:53.691, 48988950185, vstest.console.dll, TcpClientExtensions.MessageLoopAsync: Polling on remoteEndPoint: 127.0.0.1:52567 localEndPoint: 127.0.0.1:52566
TpTrace Verbose: 0 : 37120, 14, 2022/03/22, 09:29:54.697, 48999007911, vstest.console.dll, TcpClientExtensions.MessageLoopAsync: Polling on remoteEndPoint: 127.0.0.1:52567 localEndPoint: 127.0.0.1:52566
TpTrace Verbose: 0 : 37120, 14, 2022/03/22, 09:29:55.710, 49009138298, vstest.console.dll, TcpClientExtensions.MessageLoopAsync: Polling on remoteEndPoint: 127.0.0.1:52567 localEndPoint: 127.0.0.1:52566
TpTrace Verbose: 0 : 37120, 14, 2022/03/22, 09:29:56.710, 49019138066, vstest.console.dll, TcpClientExtensions.MessageLoopAsync: Polling on remoteEndPoint: 127.0.0.1:52567 localEndPoint: 127.0.0.1:52566
TpTrace Verbose: 0 : 37120, 14, 2022/03/22, 09:29:57.724, 49029278263, vstest.console.dll, TcpClientExtensions.MessageLoopAsync: Polling on remoteEndPoint: 127.0.0.1:52567 localEndPoint: 127.0.0.1:52566
TpTrace Verbose: 0 : 37120, 14, 2022/03/22, 09:29:58.736, 49039397725, vstest.console.dll, TcpClientExtensions.MessageLoopAsync: Polling on remoteEndPoint: 127.0.0.1:52567 localEndPoint: 127.0.0.1:52566
TpTrace Verbose: 0 : 37120, 14, 2022/03/22, 09:29:59.749, 49049528290, vstest.console.dll, TcpClientExtensions.MessageLoopAsync: Polling on remoteEndPoint: 127.0.0.1:52567 localEndPoint: 127.0.0.1:52566
TpTrace Verbose: 0 : 37120, 14, 2022/03/22, 09:30:00.753, 49059568626, vstest.console.dll, TcpClientExtensions.MessageLoopAsync: Polling on remoteEndPoint: 127.0.0.1:52567 localEndPoint: 127.0.0.1:52566
TpTrace Verbose: 0 : 37120, 14, 2022/03/22, 09:30:01.764, 49069676935, vstest.console.dll, TcpClientExtensions.MessageLoopAsync: Polling on remoteEndPoint: 127.0.0.1:52567 localEndPoint: 127.0.0.1:52566
TpTrace Verbose: 0 : 37120, 14, 2022/03/22, 09:30:02.764, 49079676716, vstest.console.dll, TcpClientExtensions.MessageLoopAsync: Polling on remoteEndPoint: 127.0.0.1:52567 localEndPoint: 127.0.0.1:52566
TpTrace Verbose: 0 : 37120, 14, 2022/03/22, 09:30:03.775, 49089786579, vstest.console.dll, TcpClientExtensions.MessageLoopAsync: Polling on remoteEndPoint: 127.0.0.1:52567 localEndPoint: 127.0.0.1:52566
TpTrace Verbose: 0 : 37120, 14, 2022/03/22, 09:30:04.785, 49099887214, vstest.console.dll, TcpClientExtensions.MessageLoopAsync: Polling on remoteEndPoint: 127.0.0.1:52567 localEndPoint: 127.0.0.1:52566
TpTrace Verbose: 0 : 37120, 14, 2022/03/22, 09:30:05.797, 49110006896, vstest.console.dll, TcpClientExtensions.MessageLoopAsync: Polling on remoteEndPoint: 127.0.0.1:52567 localEndPoint: 127.0.0.1:52566
TpTrace Verbose: 0 : 37120, 14, 2022/03/22, 09:30:06.798, 49120024171, vstest.console.dll, TcpClientExtensions.MessageLoopAsync: Polling on remoteEndPoint: 127.0.0.1:52567 localEndPoint: 127.0.0.1:52566
TpTrace Verbose: 0 : 37120, 14, 2022/03/22, 09:30:07.811, 49130147916, vstest.console.dll, TcpClientExtensions.MessageLoopAsync: Polling on remoteEndPoint: 127.0.0.1:52567 localEndPoint: 127.0.0.1:52566
TpTrace Verbose: 0 : 37120, 14, 2022/03/22, 09:30:08.816, 49140197590, vstest.console.dll, TcpClientExtensions.MessageLoopAsync: Polling on remoteEndPoint: 127.0.0.1:52567 localEndPoint: 127.0.0.1:52566
TpTrace Verbose: 0 : 37120, 14, 2022/03/22, 09:30:09.820, 49150237916, vstest.console.dll, TcpClientExtensions.MessageLoopAsync: Polling on remoteEndPoint: 127.0.0.1:52567 localEndPoint: 127.0.0.1:52566
TpTrace Verbose: 0 : 37120, 14, 2022/03/22, 09:30:10.827, 49160307522, vstest.console.dll, TcpClientExtensions.MessageLoopAsync: Polling on remoteEndPoint: 127.0.0.1:52567 localEndPoint: 127.0.0.1:52566
TpTrace Verbose: 0 : 37120, 14, 2022/03/22, 09:30:11.839, 49170427497, vstest.console.dll, TcpClientExtensions.MessageLoopAsync: Polling on remoteEndPoint: 127.0.0.1:52567 localEndPoint: 127.0.0.1:52566
TpTrace Verbose: 0 : 37120, 14, 2022/03/22, 09:30:12.839, 49180428192, vstest.console.dll, TcpClientExtensions.MessageLoopAsync: Polling on remoteEndPoint: 127.0.0.1:52567 localEndPoint: 127.0.0.1:52566
TpTrace Verbose: 0 : 37120, 14, 2022/03/22, 09:30:13.850, 49190537712, vstest.console.dll, TcpClientExtensions.MessageLoopAsync: Polling on remoteEndPoint: 127.0.0.1:52567 localEndPoint: 127.0.0.1:52566
TpTrace Verbose: 0 : 37120, 14, 2022/03/22, 09:30:14.862, 49200657034, vstest.console.dll, TcpClientExtensions.MessageLoopAsync: Polling on remoteEndPoint: 127.0.0.1:52567 localEndPoint: 127.0.0.1:52566
TpTrace Verbose: 0 : 37120, 14, 2022/03/22, 09:30:15.866, 49210697738, vstest.console.dll, TcpClientExtensions.MessageLoopAsync: Polling on remoteEndPoint: 127.0.0.1:52567 localEndPoint: 127.0.0.1:52566
TpTrace Verbose: 0 : 37120, 14, 2022/03/22, 09:30:16.867, 49220707602, vstest.console.dll, TcpClientExtensions.MessageLoopAsync: Polling on remoteEndPoint: 127.0.0.1:52567 localEndPoint: 127.0.0.1:52566
TpTrace Verbose: 0 : 37120, 14, 2022/03/22, 09:30:17.880, 49230837674, vstest.console.dll, TcpClientExtensions.MessageLoopAsync: Polling on remoteEndPoint: 127.0.0.1:52567 localEndPoint: 127.0.0.1:52566
TpTrace Verbose: 0 : 37120, 14, 2022/03/22, 09:30:18.527, 49237310754, vstest.console.dll, TcpClientExtensions.MessageLoopAsync: NotifyDataAvailable remoteEndPoint: 127.0.0.1:52567 localEndPoint: 127.0.0.1:52566
TpTrace Verbose: 0 : 37120, 14, 2022/03/22, 09:30:18.527, 49237312051, vstest.console.dll, TestRequestSender.OnExecutionMessageReceived: Received message: {"Version":5,"MessageType":"TestExecution.StatsChange","Payload":{"NewTestResults":[{"TestCase":{"Id":"d85a3f7b-5f2a-8ad8-9670-258d028cb5d0","FullyQualifiedName":"RSA2048Test.RSA2048Test.ValidateMaxStringEncriptedLengthFor12288","DisplayName":"RSA2048Test.RSA2048Test.ValidateMaxStringEncriptedLengthFor12288","ExecutorUri":"executor://xunit/VsTestRunner2/netcoreapp","Source":"D:\\Estudio\\Ejercicios\\tartaro\\.net\\RSA2048Test\\bin\\Debug\\net5.0\\fine-code-coverage\\build-output\\RSA2048Test.dll","CodeFilePath":null,"LineNumber":0,"Properties":[]},"Attachments":[],"Outcome":1,"ErrorMessage":null,"ErrorStackTrace":null,"DisplayName":"RSA2048Test.RSA2048Test.ValidateMaxStringEncriptedLengthFor12288","Messages":[{"Category":"StdOutMsgs","Text":"762 caracteres\r\n1234567890123456789012345678901234567890123456789012345678901234567890123456789012345678901234567890123456789012345678901234567890123456789012345678901234567890123456789012345678901234567890123456789012345678901234567890123456789012345678901234567890123456789012345678901234567890123456789012345678901234567890123456789012345678901234567890123456789012345678901234567890123456789012345678901234567890123456789012345678901234567890123456789012345678901234567890123456789012345678901234567890123456789012345678901234567890123456789012345678901234567890123456789012345678901234567890123456789012345678901234567890123456789012345678901234567890123456789012345678901234567890123456789012345678901234567890123456789012345678901234567890123456789012345678901234567890ZZ\r\n"}],"ComputerName":"NIGHTMARE-JPCH","Duration":"00:00:24.8368448","StartTime":"2022-03-22T14:30:18.5261873+00:00","EndTime":"2022-03-22T14:30:18.5261895+00:00","Properties":[]}],"TestRunStatistics":{"ExecutedTests":7,"Stats":{"Passed":7}},"ActiveTests":[{"Id":"4c796044-1fdf-c917-75f0-eac811b47ea9","FullyQualifiedName":"RSA2048Test.RSA2048Test.ValidateMaxStringEncriptedLengthFor2048","DisplayName":"RSA2048Test.RSA2048Test.ValidateMaxStringEncriptedLengthFor2048","ExecutorUri":"executor://xunit/VsTestRunner2/netcoreapp","Source":"D:\\Estudio\\Ejercicios\\tartaro\\.net\\RSA2048Test\\bin\\Debug\\net5.0\\fine-code-coverage\\build-output\\RSA2048Test.dll","CodeFilePath":null,"LineNumber":0,"Properties":[]}]}}
TpTrace Verbose: 0 : 37120, 14, 2022/03/22, 09:30:18.528, 49237317754, vstest.console.dll, TestRunRequest:SendTestRunStatsChange: Starting.
TpTrace Verbose: 0 : 37120, 14, 2022/03/22, 09:30:18.528, 49237318353, vstest.console.dll, InProgress is RSA2048Test.RSA2048Test.ValidateMaxStringEncriptedLengthFor2048
TpTrace Information: 0 : 37120, 14, 2022/03/22, 09:30:18.528, 49237318795, vstest.console.dll, TestRunRequest:SendTestRunStatsChange: Completed.
TpTrace Verbose: 0 : 37120, 14, 2022/03/22, 09:30:18.528, 49237319129, vstest.console.dll, TcpClientExtensions.MessageLoopAsync: Polling on remoteEndPoint: 127.0.0.1:52567 localEndPoint: 127.0.0.1:52566
TpTrace Verbose: 0 : 37120, 14, 2022/03/22, 09:30:19.121, 49243246437, vstest.console.dll, TcpClientExtensions.MessageLoopAsync: NotifyDataAvailable remoteEndPoint: 127.0.0.1:52567 localEndPoint: 127.0.0.1:52566
TpTrace Verbose: 0 : 37120, 14, 2022/03/22, 09:30:19.121, 49243247507, vstest.console.dll, TestRequestSender.OnExecutionMessageReceived: Received message: {"Version":5,"MessageType":"TestSession.Message","Payload":{"MessageLevel":0,"Message":"[xUnit.net 00:01:51.18]   Finished:    RSA2048Test"}}
TpTrace Verbose: 0 : 37120, 14, 2022/03/22, 09:30:19.121, 49243248711, vstest.console.dll, TestRunRequest:SendTestRunMessage: Starting.
TpTrace Information: 0 : 37120, 14, 2022/03/22, 09:30:19.121, 49243249238, vstest.console.dll, TestRunRequest:SendTestRunMessage: Completed.
TpTrace Verbose: 0 : 37120, 14, 2022/03/22, 09:30:19.121, 49243249682, vstest.console.dll, TcpClientExtensions.MessageLoopAsync: Polling on remoteEndPoint: 127.0.0.1:52567 localEndPoint: 127.0.0.1:52566
TpTrace Verbose: 0 : 37120, 14, 2022/03/22, 09:30:19.132, 49243362671, vstest.console.dll, TcpClientExtensions.MessageLoopAsync: NotifyDataAvailable remoteEndPoint: 127.0.0.1:52567 localEndPoint: 127.0.0.1:52566
TpTrace Verbose: 0 : 37120, 14, 2022/03/22, 09:30:19.132, 49243363773, vstest.console.dll, TestRequestSender.OnExecutionMessageReceived: Received message: {"Version":5,"MessageType":"TestExecution.Completed","Payload":{"TestRunCompleteArgs":{"TestRunStatistics":{"ExecutedTests":9,"Stats":{"Passed":9}},"IsCanceled":false,"IsAborted":false,"Error":null,"AttachmentSets":[],"ElapsedTimeInRunningTests":"00:01:51.1973675","Metrics":{}},"LastRunTests":{"NewTestResults":[{"TestCase":{"Id":"4c796044-1fdf-c917-75f0-eac811b47ea9","FullyQualifiedName":"RSA2048Test.RSA2048Test.ValidateMaxStringEncriptedLengthFor2048","DisplayName":"RSA2048Test.RSA2048Test.ValidateMaxStringEncriptedLengthFor2048","ExecutorUri":"executor://xunit/VsTestRunner2/netcoreapp","Source":"D:\\Estudio\\Ejercicios\\tartaro\\.net\\RSA2048Test\\bin\\Debug\\net5.0\\fine-code-coverage\\build-output\\RSA2048Test.dll","CodeFilePath":null,"LineNumber":0,"Properties":[]},"Attachments":[],"Outcome":1,"ErrorMessage":null,"ErrorStackTrace":null,"DisplayName":"RSA2048Test.RSA2048Test.ValidateMaxStringEncriptedLengthFor2048","Messages":[{"Category":"StdOutMsgs","Text":"122 caracteres\r\n12345678901234567890123456789012345678901234567890123456789012345678901234567890123456789012345678901234567890ZZZZZZZZZZZZ\r\n"}],"ComputerName":"NIGHTMARE-JPCH","Duration":"00:00:00.0507227","StartTime":"2022-03-22T14:30:18.5769841+00:00","EndTime":"2022-03-22T14:30:18.5769857+00:00","Properties":[]},{"TestCase":{"Id":"58410613-140d-bc3f-e433-606e93a3eee0","FullyQualifiedName":"RSA2048Test.RSA2048Test.ValidateMaxStringEncriptedLengthFor4096","DisplayName":"RSA2048Test.RSA2048Test.ValidateMaxStringEncriptedLengthFor4096","ExecutorUri":"executor://xunit/VsTestRunner2/netcoreapp","Source":"D:\\Estudio\\Ejercicios\\tartaro\\.net\\RSA2048Test\\bin\\Debug\\net5.0\\fine-code-coverage\\build-output\\RSA2048Test.dll","CodeFilePath":null,"LineNumber":0,"Properties":[]},"Attachments":[],"Outcome":1,"ErrorMessage":null,"ErrorStackTrace":null,"DisplayName":"RSA2048Test.RSA2048Test.ValidateMaxStringEncriptedLengthFor4096","Messages":[{"Category":"StdOutMsgs","Text":"250 caracteres\r\n1234567890123456789012345678901234567890123456789012345678901234567890123456789012345678901234567890123456789012345678901234567890123456789012345678901234567890123456789012345678901234567890123456789012345678901234567890123456789012345678901234567890\r\n"}],"ComputerName":"NIGHTMARE-JPCH","Duration":"00:00:00.5384590","StartTime":"2022-03-22T14:30:19.1155179+00:00","EndTime":"2022-03-22T14:30:19.1155196+00:00","Properties":[]}],"TestRunStatistics":{"ExecutedTests":9,"Stats":{"Passed":9}},"ActiveTests":[]},"RunAttachments":[],"ExecutorUris":["executor://xunit/VsTestRunner2/netcoreapp"]}}
TpTrace Verbose: 0 : 37120, 14, 2022/03/22, 09:30:19.133, 49243365677, vstest.console.dll, TestRequestSender.EndSession: Sending end session.
TpTrace Verbose: 0 : 37120, 14, 2022/03/22, 09:30:19.133, 49243366910, vstest.console.dll, ProxyOperationManager.Close: waiting for test host to exit for 100 ms
TpTrace Warning: 0 : 37120, 12, 2022/03/22, 09:30:19.150, 49243537791, vstest.console.dll, TestHostManagerCallbacks.ErrorReceivedCallback Test host standard error line: 
TpTrace Verbose: 0 : 37120, 7, 2022/03/22, 09:30:19.159, 49243634156, vstest.console.dll, TestHostProvider.ExitCallBack: Host exited starting callback.
TpTrace Information: 0 : 37120, 7, 2022/03/22, 09:30:19.160, 49243638695, vstest.console.dll, TestHostManagerCallbacks.ExitCallBack: Testhost processId: 36172 exited with exitcode: 0 error: ''
TpTrace Verbose: 0 : 37120, 7, 2022/03/22, 09:30:19.160, 49243639326, vstest.console.dll, DotnetTestHostManager.OnHostExited: invoking OnHostExited callback
TpTrace Verbose: 0 : 37120, 7, 2022/03/22, 09:30:19.160, 49243639794, vstest.console.dll, CrossPlatEngine.TestHostManagerHostExited: calling on client process exit callback.
TpTrace Information: 0 : 37120, 7, 2022/03/22, 09:30:19.160, 49243640325, vstest.console.dll, TestRequestSender.OnClientProcessExit: Test host process exited. Standard error: 
TpTrace Warning: 0 : 37120, 14, 2022/03/22, 09:30:19.160, 49243640380, vstest.console.dll, ProxyOperationManager: Timed out waiting for test host to exit. Will terminate process.
TpTrace Information: 0 : 37120, 7, 2022/03/22, 09:30:19.160, 49243640784, vstest.console.dll, SocketServer.Stop: Stop server endPoint: 127.0.0.1:52566
TpTrace Information: 0 : 37120, 7, 2022/03/22, 09:30:19.160, 49243641672, vstest.console.dll, SocketServer.Stop: Cancellation requested. Stopping message loop.
TpTrace Verbose: 0 : 37120, 14, 2022/03/22, 09:30:19.161, 49243645866, vstest.console.dll, ProxyDataCollectionManager.InvokeDataCollectionServiceAction: Starting.
TpTrace Information: 0 : 37120, 14, 2022/03/22, 09:30:19.161, 49243646443, vstest.console.dll, ProxyDataCollectionManager.AfterTestRunEnd: Get attachment set for datacollector processId: 35224 port: 52562
TpTrace Verbose: 0 : 37120, 14, 2022/03/22, 09:30:19.161, 49243646969, vstest.console.dll, DataCollectionRequestSender.SendAfterTestRunStartAndGetResult : Send AfterTestRunEnd message with isCancelled: False
TpTrace Verbose: 0 : 37120, 14, 2022/03/22, 09:30:19.164, 49243681301, vstest.console.dll, DataCollectionRequestSender.SendAfterTestRunStartAndGetResult : Received message: (DataCollection.AfterTestRunEndResult) -> {
  "AttachmentSets": [],
  "Metrics": {}
}
TpTrace Information: 0 : 37120, 14, 2022/03/22, 09:30:19.166, 49243699625, vstest.console.dll, ProxyDataCollectionManager.InvokeDataCollectionServiceAction: Completed.
TpTrace Warning: 0 : 37120, 9, 2022/03/22, 09:30:19.169, 49243730777, vstest.console.dll, DataCollectionLauncher.ErrorReceivedCallback datacollector standard error line: 
TpTrace Information: 0 : 37120, 7, 2022/03/22, 09:30:19.173, 49243771037, vstest.console.dll, DataCollectionLauncher.ExitCallBack: Data collector exited with exitcode: 0 error: ''
TpTrace Verbose: 0 : 37120, 14, 2022/03/22, 09:30:19.186, 49243896847, vstest.console.dll, TestRunRequest:SendTestRunStatsChange: Starting.
TpTrace Information: 0 : 37120, 14, 2022/03/22, 09:30:19.186, 49243898055, vstest.console.dll, TestRunRequest:SendTestRunStatsChange: Completed.
TpTrace Verbose: 0 : 37120, 14, 2022/03/22, 09:30:19.186, 49243899628, vstest.console.dll, ParallelProxyExecutionManager: HandlePartialRunComplete: Total completed clients = 1, Run complete = True, Run canceled: False.
TpTrace Verbose: 0 : 37120, 14, 2022/03/22, 09:30:19.206, 49244097994, vstest.console.dll, TestRunRequest:TestRunComplete: Starting. IsAborted:False IsCanceled:False.
TpTrace Verbose: 0 : 37120, 14, 2022/03/22, 09:30:19.206, 49244099484, vstest.console.dll, TestLoggerManager.HandleTestRunComplete: Ignoring as the object is disposed.
TpTrace Information: 0 : 37120, 14, 2022/03/22, 09:30:19.206, 49244101663, vstest.console.dll, TestRunRequest:TestRunComplete: Completed.
TpTrace Verbose: 0 : 37120, 1, 2022/03/22, 09:30:19.206, 49244101827, vstest.console.dll, TestRunRequest.Dispose: Starting.
TpTrace Verbose: 0 : 37120, 14, 2022/03/22, 09:30:19.206, 49244102203, vstest.console.dll, TestRequestSender.SetOperationComplete: Setting operation complete.
TpTrace Information: 0 : 37120, 1, 2022/03/22, 09:30:19.206, 49244102834, vstest.console.dll, TestRunRequest.Dispose: Completed.
TpTrace Information: 0 : 37120, 14, 2022/03/22, 09:30:19.206, 49244103525, vstest.console.dll, SocketServer.Stop: Stop server endPoint: 127.0.0.1:52566
TpTrace Information: 0 : 37120, 1, 2022/03/22, 09:30:19.206, 49244103965, vstest.console.dll, TestRequestManager.RunTests: run tests completed.
TpTrace Information: 0 : 37120, 14, 2022/03/22, 09:30:19.206, 49244104365, vstest.console.dll, SocketServer.Stop: Cancellation requested. Stopping message loop.
TpTrace Information: 0 : 37120, 1, 2022/03/22, 09:30:19.206, 49244105097, vstest.console.dll, RunTestsArgumentProcessor:Execute: Test run is completed.
TpTrace Information: 0 : 37120, 14, 2022/03/22, 09:30:19.207, 49244105702, vstest.console.dll, SocketServer.PrivateStop: Stop server endPoint: 127.0.0.1:52566 error: 
TpTrace Verbose: 0 : 37120, 1, 2022/03/22, 09:30:19.207, 49244107126, vstest.console.dll, Executor.Execute: Exiting with exit code of 0
TpTrace Verbose: 0 : 37120, 14, 2022/03/22, 09:30:19.207, 49244111095, vstest.console.dll, LengthPrefixCommunicationChannel.Dispose: Dispose reader and writer.
TpTrace Information: 0 : 37120, 14, 2022/03/22, 09:30:19.207, 49244111799, vstest.console.dll, SocketServer.Stop: Raise disconnected event endPoint: 127.0.0.1:52566 error: 
